[ 2016-07-03T22:04:16+08:00 ] 127.0.0.1 /cooler/index.php/Home/Cooler/getcooler
INFO: [ app_begin ] --START--
INFO: Run Behavior\ReadHtmlCacheBehavior [ RunTime:0.002000s ]
INFO: [ app_begin ] --END-- [ RunTime:0.003000s ]
SQL: SHOW COLUMNS FROM `c_cate` [ RunTime:0.0030s ]
SQL: SELECT * FROM `c_cate` ORDER BY id  [ RunTime:0.0000s ]
SQL: SHOW COLUMNS FROM `c_cooler` [ RunTime:0.0030s ]
SQL: SELECT * FROM `c_cooler` WHERE `cid` IN ('6','7','8','9','10','11','12','13','14','15','16','17','18','19','20','21','22')  [ RunTime:0.0010s ]

[ 2016-07-03T22:04:33+08:00 ] 127.0.0.1 /cooler/index.php/Home/Cooler/getcooler
INFO: [ app_begin ] --START--
INFO: Run Behavior\ReadHtmlCacheBehavior [ RunTime:0.000000s ]
INFO: [ app_begin ] --END-- [ RunTime:0.002000s ]
SQL: SHOW COLUMNS FROM `c_cate` [ RunTime:0.0020s ]
SQL: SELECT * FROM `c_cate` ORDER BY id  [ RunTime:0.0000s ]
SQL: SHOW COLUMNS FROM `c_cooler` [ RunTime:0.0020s ]
SQL: SELECT * FROM `c_cooler` WHERE `cid` IN ('23','24','25','26','27','28','29','30','31','32','33','34','35','36','37')  [ RunTime:0.0010s ]

[ 2016-07-03T22:04:33+08:00 ] 127.0.0.1 /cooler/index.php/Home/Cooler/getcooler
INFO: [ app_begin ] --START--
INFO: Run Behavior\ReadHtmlCacheBehavior [ RunTime:0.001000s ]
INFO: [ app_begin ] --END-- [ RunTime:0.001000s ]
SQL: SHOW COLUMNS FROM `c_cate` [ RunTime:0.0030s ]
SQL: SELECT * FROM `c_cate` ORDER BY id  [ RunTime:0.0000s ]
SQL: SHOW COLUMNS FROM `c_cooler` [ RunTime:0.0020s ]
SQL: SELECT * FROM `c_cooler` WHERE `cid` IN ('6','7','8','9','10','11','12','13','14','15','16','17','18','19','20','21','22')  [ RunTime:0.0010s ]

[ 2016-07-03T22:04:40+08:00 ] 127.0.0.1 /cooler/index.php/Home/Cooler/getcooler
INFO: [ app_begin ] --START--
INFO: Run Behavior\ReadHtmlCacheBehavior [ RunTime:0.001000s ]
INFO: [ app_begin ] --END-- [ RunTime:0.001000s ]
SQL: SHOW COLUMNS FROM `c_cate` [ RunTime:0.0020s ]
SQL: SELECT * FROM `c_cate` ORDER BY id  [ RunTime:0.0000s ]
SQL: SHOW COLUMNS FROM `c_cooler` [ RunTime:0.0020s ]
SQL: SELECT * FROM `c_cooler` WHERE `cid` IN ('39')  [ RunTime:0.0010s ]

[ 2016-07-03T22:04:41+08:00 ] 127.0.0.1 /cooler/index.php/Home/Cooler/getcooler
INFO: [ app_begin ] --START--
INFO: Run Behavior\ReadHtmlCacheBehavior [ RunTime:0.001000s ]
INFO: [ app_begin ] --END-- [ RunTime:0.001000s ]
SQL: SHOW COLUMNS FROM `c_cate` [ RunTime:0.0030s ]
SQL: SELECT * FROM `c_cate` ORDER BY id  [ RunTime:0.0000s ]
SQL: SHOW COLUMNS FROM `c_cooler` [ RunTime:0.0030s ]
SQL: SELECT * FROM `c_cooler` WHERE `cid` IN ('23','24','25','26','27','28','29','30','31','32','33','34','35','36','37')  [ RunTime:0.0000s ]

[ 2016-07-03T22:04:43+08:00 ] 127.0.0.1 /cooler/index.php/Home/Cooler/getcooler
INFO: [ app_begin ] --START--
INFO: Run Behavior\ReadHtmlCacheBehavior [ RunTime:0.001000s ]
INFO: [ app_begin ] --END-- [ RunTime:0.001000s ]
SQL: SHOW COLUMNS FROM `c_cate` [ RunTime:0.0030s ]
SQL: SELECT * FROM `c_cate` ORDER BY id  [ RunTime:0.0000s ]
SQL: SHOW COLUMNS FROM `c_cooler` [ RunTime:0.0030s ]
SQL: SELECT * FROM `c_cooler` WHERE `cid` IN ('23','24','25','26','27','28','29','30','31','32','33','34','35','36','37')  [ RunTime:0.0000s ]

[ 2016-07-03T22:04:44+08:00 ] 127.0.0.1 /cooler/index.php/Home/Cooler/getcooler
INFO: [ app_begin ] --START--
INFO: Run Behavior\ReadHtmlCacheBehavior [ RunTime:0.001000s ]
INFO: [ app_begin ] --END-- [ RunTime:0.001000s ]
SQL: SHOW COLUMNS FROM `c_cate` [ RunTime:0.0010s ]
SQL: SELECT * FROM `c_cate` ORDER BY id  [ RunTime:0.0000s ]
SQL: SHOW COLUMNS FROM `c_cooler` [ RunTime:0.0020s ]
SQL: SELECT * FROM `c_cooler` WHERE `cid` IN ('39')  [ RunTime:0.0000s ]

[ 2016-07-03T22:04:45+08:00 ] 127.0.0.1 /cooler/index.php/Home/Cooler/getcooler
INFO: [ app_begin ] --START--
INFO: Run Behavior\ReadHtmlCacheBehavior [ RunTime:0.001000s ]
INFO: [ app_begin ] --END-- [ RunTime:0.002000s ]
SQL: SHOW COLUMNS FROM `c_cate` [ RunTime:0.0030s ]
SQL: SELECT * FROM `c_cate` ORDER BY id  [ RunTime:0.0000s ]
SQL: SHOW COLUMNS FROM `c_cooler` [ RunTime:0.0020s ]
SQL: SELECT * FROM `c_cooler` WHERE `cid` IN ('6','7','8','9','10','11','12','13','14','15','16','17','18','19','20','21','22')  [ RunTime:0.0010s ]

[ 2016-07-03T22:04:46+08:00 ] 127.0.0.1 /cooler/index.php/Home/Cooler/getcooler
INFO: [ app_begin ] --START--
INFO: Run Behavior\ReadHtmlCacheBehavior [ RunTime:0.001000s ]
INFO: [ app_begin ] --END-- [ RunTime:0.001000s ]
SQL: SHOW COLUMNS FROM `c_cate` [ RunTime:0.0040s ]
SQL: SELECT * FROM `c_cate` ORDER BY id  [ RunTime:0.0000s ]
SQL: SHOW COLUMNS FROM `c_cooler` [ RunTime:0.0030s ]
SQL: SELECT * FROM `c_cooler` WHERE `cid` IN ('7')  [ RunTime:0.0000s ]

[ 2016-07-03T22:04:46+08:00 ] 127.0.0.1 /cooler/index.php/Home/Cooler/getcooler
INFO: [ app_begin ] --START--
INFO: Run Behavior\ReadHtmlCacheBehavior [ RunTime:0.001000s ]
INFO: [ app_begin ] --END-- [ RunTime:0.002000s ]
SQL: SHOW COLUMNS FROM `c_cate` [ RunTime:0.0030s ]
SQL: SELECT * FROM `c_cate` ORDER BY id  [ RunTime:0.0000s ]
SQL: SHOW COLUMNS FROM `c_cooler` [ RunTime:0.0030s ]
SQL: SELECT * FROM `c_cooler` WHERE `cid` IN ('8')  [ RunTime:0.0000s ]

[ 2016-07-03T22:04:48+08:00 ] 127.0.0.1 /cooler/index.php/Home/Cooler/getcooler
INFO: [ app_begin ] --START--
INFO: Run Behavior\ReadHtmlCacheBehavior [ RunTime:0.001000s ]
INFO: [ app_begin ] --END-- [ RunTime:0.001000s ]
SQL: SHOW COLUMNS FROM `c_cate` [ RunTime:0.0030s ]
SQL: SELECT * FROM `c_cate` ORDER BY id  [ RunTime:0.0010s ]
SQL: SHOW COLUMNS FROM `c_cooler` [ RunTime:0.0030s ]
SQL: SELECT * FROM `c_cooler` WHERE `cid` IN ('15')  [ RunTime:0.0010s ]

[ 2016-07-03T22:04:49+08:00 ] 127.0.0.1 /cooler/index.php/Home/Cooler/getcooler
INFO: [ app_begin ] --START--
INFO: Run Behavior\ReadHtmlCacheBehavior [ RunTime:0.001000s ]
INFO: [ app_begin ] --END-- [ RunTime:0.001000s ]
SQL: SHOW COLUMNS FROM `c_cate` [ RunTime:0.0030s ]
SQL: SELECT * FROM `c_cate` ORDER BY id  [ RunTime:0.0000s ]
SQL: SHOW COLUMNS FROM `c_cooler` [ RunTime:0.0020s ]
SQL: SELECT * FROM `c_cooler` WHERE `cid` IN ('22')  [ RunTime:0.0010s ]

[ 2016-07-03T22:04:50+08:00 ] 127.0.0.1 /cooler/index.php/Home/Cooler/getcooler
INFO: [ app_begin ] --START--
INFO: Run Behavior\ReadHtmlCacheBehavior [ RunTime:0.001000s ]
INFO: [ app_begin ] --END-- [ RunTime:0.001000s ]
SQL: SHOW COLUMNS FROM `c_cate` [ RunTime:0.0030s ]
SQL: SELECT * FROM `c_cate` ORDER BY id  [ RunTime:0.0000s ]
SQL: SHOW COLUMNS FROM `c_cooler` [ RunTime:0.0020s ]
SQL: SELECT * FROM `c_cooler` WHERE `cid` IN ('21')  [ RunTime:0.0000s ]

[ 2016-07-03T22:04:51+08:00 ] 127.0.0.1 /cooler/index.php/Home/Cooler/getcooler
INFO: [ app_begin ] --START--
INFO: Run Behavior\ReadHtmlCacheBehavior [ RunTime:0.001000s ]
INFO: [ app_begin ] --END-- [ RunTime:0.001000s ]
SQL: SHOW COLUMNS FROM `c_cate` [ RunTime:0.0030s ]
SQL: SELECT * FROM `c_cate` ORDER BY id  [ RunTime:0.0000s ]
SQL: SHOW COLUMNS FROM `c_cooler` [ RunTime:0.0020s ]
SQL: SELECT * FROM `c_cooler` WHERE `cid` IN ('20')  [ RunTime:0.0000s ]

[ 2016-07-03T22:04:53+08:00 ] 127.0.0.1 /cooler/index.php/Home/Cooler/getcooler
INFO: [ app_begin ] --START--
INFO: Run Behavior\ReadHtmlCacheBehavior [ RunTime:0.000000s ]
INFO: [ app_begin ] --END-- [ RunTime:0.001000s ]
SQL: SHOW COLUMNS FROM `c_cate` [ RunTime:0.0030s ]
SQL: SELECT * FROM `c_cate` ORDER BY id  [ RunTime:0.0000s ]
SQL: SHOW COLUMNS FROM `c_cooler` [ RunTime:0.0020s ]
SQL: SELECT * FROM `c_cooler` WHERE `cid` IN ('7')  [ RunTime:0.0010s ]

[ 2016-07-03T22:04:53+08:00 ] 127.0.0.1 /cooler/index.php/Home/Cooler/getcooler
INFO: [ app_begin ] --START--
INFO: Run Behavior\ReadHtmlCacheBehavior [ RunTime:0.001000s ]
INFO: [ app_begin ] --END-- [ RunTime:0.001000s ]
SQL: SHOW COLUMNS FROM `c_cate` [ RunTime:0.0030s ]
SQL: SELECT * FROM `c_cate` ORDER BY id  [ RunTime:0.0010s ]
SQL: SHOW COLUMNS FROM `c_cooler` [ RunTime:0.0020s ]
SQL: SELECT * FROM `c_cooler` WHERE `cid` IN ('6','7','8','9','10','11','12','13','14','15','16','17','18','19','20','21','22')  [ RunTime:0.0000s ]

[ 2016-07-03T22:05:07+08:00 ] 127.0.0.1 /cooler/index.php/Home/Cooler/getcooler
INFO: [ app_begin ] --START--
INFO: Run Behavior\ReadHtmlCacheBehavior [ RunTime:0.000000s ]
INFO: [ app_begin ] --END-- [ RunTime:0.001000s ]
SQL: SHOW COLUMNS FROM `c_cate` [ RunTime:0.0020s ]
SQL: SELECT * FROM `c_cate` ORDER BY id  [ RunTime:0.0010s ]
SQL: SHOW COLUMNS FROM `c_cooler` [ RunTime:0.0020s ]
SQL: SELECT * FROM `c_cooler` WHERE `cid` IN ('23','24','25','26','27','28','29','30','31','32','33','34','35','36','37')  [ RunTime:0.0010s ]

[ 2016-07-03T22:05:08+08:00 ] 127.0.0.1 /cooler/index.php/Home/Cooler/getcooler
INFO: [ app_begin ] --START--
INFO: Run Behavior\ReadHtmlCacheBehavior [ RunTime:0.001000s ]
INFO: [ app_begin ] --END-- [ RunTime:0.001000s ]
SQL: SHOW COLUMNS FROM `c_cate` [ RunTime:0.0030s ]
SQL: SELECT * FROM `c_cate` ORDER BY id  [ RunTime:0.0000s ]
SQL: SHOW COLUMNS FROM `c_cooler` [ RunTime:0.0020s ]
SQL: SELECT * FROM `c_cooler` WHERE `cid` IN ('6','7','8','9','10','11','12','13','14','15','16','17','18','19','20','21','22')  [ RunTime:0.0000s ]

[ 2016-07-03T22:05:08+08:00 ] 127.0.0.1 /cooler/index.php/Home/Cooler/getcooler
INFO: [ app_begin ] --START--
INFO: Run Behavior\ReadHtmlCacheBehavior [ RunTime:0.001000s ]
INFO: [ app_begin ] --END-- [ RunTime:0.001000s ]
SQL: SHOW COLUMNS FROM `c_cate` [ RunTime:0.0030s ]
SQL: SELECT * FROM `c_cate` ORDER BY id  [ RunTime:0.0000s ]
SQL: SHOW COLUMNS FROM `c_cooler` [ RunTime:0.0020s ]
SQL: SELECT * FROM `c_cooler` WHERE `cid` IN ('7')  [ RunTime:0.0000s ]

[ 2016-07-03T22:05:11+08:00 ] 127.0.0.1 /cooler/index.php/Home/Cooler/getcooler
INFO: [ app_begin ] --START--
INFO: Run Behavior\ReadHtmlCacheBehavior [ RunTime:0.000000s ]
INFO: [ app_begin ] --END-- [ RunTime:0.001000s ]
SQL: SHOW COLUMNS FROM `c_cate` [ RunTime:0.0020s ]
SQL: SELECT * FROM `c_cate` ORDER BY id  [ RunTime:0.0010s ]
SQL: SHOW COLUMNS FROM `c_cooler` [ RunTime:0.0020s ]
SQL: SELECT * FROM `c_cooler` WHERE `cid` IN ('7')  [ RunTime:0.0000s ]

[ 2016-07-03T22:05:12+08:00 ] 127.0.0.1 /cooler/index.php/Home/Cooler/getcooler
INFO: [ app_begin ] --START--
INFO: Run Behavior\ReadHtmlCacheBehavior [ RunTime:0.001000s ]
INFO: [ app_begin ] --END-- [ RunTime:0.001000s ]
SQL: SHOW COLUMNS FROM `c_cate` [ RunTime:0.0030s ]
SQL: SELECT * FROM `c_cate` ORDER BY id  [ RunTime:0.0000s ]
SQL: SHOW COLUMNS FROM `c_cooler` [ RunTime:0.0020s ]
SQL: SELECT * FROM `c_cooler` WHERE `cid` IN ('7')  [ RunTime:0.0000s ]

[ 2016-07-03T22:05:12+08:00 ] 127.0.0.1 /cooler/index.php/Home/Cooler/getcooler
INFO: [ app_begin ] --START--
INFO: Run Behavior\ReadHtmlCacheBehavior [ RunTime:0.000000s ]
INFO: [ app_begin ] --END-- [ RunTime:0.001000s ]
SQL: SHOW COLUMNS FROM `c_cate` [ RunTime:0.0030s ]
SQL: SELECT * FROM `c_cate` ORDER BY id  [ RunTime:0.0000s ]
SQL: SHOW COLUMNS FROM `c_cooler` [ RunTime:0.0020s ]
SQL: SELECT * FROM `c_cooler` WHERE `cid` IN ('6','7','8','9','10','11','12','13','14','15','16','17','18','19','20','21','22')  [ RunTime:0.0010s ]

