[ 2016-09-16T07:02:45+08:00 ] 127.0.0.1 /cooler/index.php/Home/Cooler/getcooler
INFO: [ app_begin ] --START--
INFO: Run Behavior\ReadHtmlCacheBehavior [ RunTime:0.002000s ]
INFO: [ app_begin ] --END-- [ RunTime:0.003000s ]
SQL: SHOW COLUMNS FROM `c_cate` [ RunTime:0.0030s ]
SQL: SELECT * FROM `c_cate` ORDER BY id  [ RunTime:0.0000s ]
SQL: SHOW COLUMNS FROM `c_cooler` [ RunTime:0.0030s ]
SQL: SELECT * FROM `c_cooler` WHERE `cid` IN ('6','7','8','9','10','11','12','13','14','15','16','17','18','19','20','21','22')  [ RunTime:0.0010s ]

[ 2016-09-16T07:02:46+08:00 ] 127.0.0.1 /cooler/index.php/Home/Cooler/getcooler
INFO: [ app_begin ] --START--
INFO: Run Behavior\ReadHtmlCacheBehavior [ RunTime:0.001000s ]
INFO: [ app_begin ] --END-- [ RunTime:0.001000s ]
SQL: SHOW COLUMNS FROM `c_cate` [ RunTime:0.0050s ]
SQL: SELECT * FROM `c_cate` ORDER BY id  [ RunTime:0.0000s ]
SQL: SHOW COLUMNS FROM `c_cooler` [ RunTime:0.0050s ]
SQL: SELECT * FROM `c_cooler` WHERE `cid` IN ('23','24','25','26','27','28','29','30','31','32','33','34','35','36','37')  [ RunTime:0.0000s ]

[ 2016-09-16T07:02:46+08:00 ] 127.0.0.1 /cooler/index.php/Home/Cooler/getcooler
INFO: [ app_begin ] --START--
INFO: Run Behavior\ReadHtmlCacheBehavior [ RunTime:0.001000s ]
INFO: [ app_begin ] --END-- [ RunTime:0.001000s ]
SQL: SHOW COLUMNS FROM `c_cate` [ RunTime:0.0040s ]
SQL: SELECT * FROM `c_cate` ORDER BY id  [ RunTime:0.0010s ]
SQL: SHOW COLUMNS FROM `c_cooler` [ RunTime:0.0040s ]
SQL: SELECT * FROM `c_cooler` WHERE `cid` IN ('39')  [ RunTime:0.0010s ]

[ 2016-09-16T07:03:00+08:00 ] 127.0.0.1 /cooler/index.php/Home/Cooler/getcooler
INFO: [ app_begin ] --START--
INFO: Run Behavior\ReadHtmlCacheBehavior [ RunTime:0.001000s ]
INFO: [ app_begin ] --END-- [ RunTime:0.001000s ]
SQL: SHOW COLUMNS FROM `c_cate` [ RunTime:0.0020s ]
SQL: SELECT * FROM `c_cate` ORDER BY id  [ RunTime:0.0000s ]
SQL: SHOW COLUMNS FROM `c_cooler` [ RunTime:0.0030s ]
SQL: SELECT * FROM `c_cooler` WHERE `cid` IN ('6','7','8','9','10','11','12','13','14','15','16','17','18','19','20','21','22')  [ RunTime:0.0010s ]

[ 2016-09-16T07:03:01+08:00 ] 127.0.0.1 /cooler/index.php/Home/Cooler/getcooler
INFO: [ app_begin ] --START--
INFO: Run Behavior\ReadHtmlCacheBehavior [ RunTime:0.000000s ]
INFO: [ app_begin ] --END-- [ RunTime:0.000000s ]
SQL: SHOW COLUMNS FROM `c_cate` [ RunTime:0.0030s ]
SQL: SELECT * FROM `c_cate` ORDER BY id  [ RunTime:0.0010s ]
SQL: SHOW COLUMNS FROM `c_cooler` [ RunTime:0.0030s ]
SQL: SELECT * FROM `c_cooler` WHERE `cid` IN ('23','24','25','26','27','28','29','30','31','32','33','34','35','36','37')  [ RunTime:0.0000s ]

[ 2016-09-16T07:03:02+08:00 ] 127.0.0.1 /cooler/index.php/Home/Cooler/getcooler
INFO: [ app_begin ] --START--
INFO: Run Behavior\ReadHtmlCacheBehavior [ RunTime:0.001000s ]
INFO: [ app_begin ] --END-- [ RunTime:0.001000s ]
SQL: SHOW COLUMNS FROM `c_cate` [ RunTime:0.0030s ]
SQL: SELECT * FROM `c_cate` ORDER BY id  [ RunTime:0.0000s ]
SQL: SHOW COLUMNS FROM `c_cooler` [ RunTime:0.0030s ]
SQL: SELECT * FROM `c_cooler` WHERE `cid` IN ('24')  [ RunTime:0.0010s ]

[ 2016-09-16T07:03:03+08:00 ] 127.0.0.1 /cooler/index.php/Home/Cooler/getcooler
INFO: [ app_begin ] --START--
INFO: Run Behavior\ReadHtmlCacheBehavior [ RunTime:0.001000s ]
INFO: [ app_begin ] --END-- [ RunTime:0.002000s ]
SQL: SHOW COLUMNS FROM `c_cate` [ RunTime:0.0020s ]
SQL: SELECT * FROM `c_cate` ORDER BY id  [ RunTime:0.0010s ]
SQL: SHOW COLUMNS FROM `c_cooler` [ RunTime:0.0030s ]
SQL: SELECT * FROM `c_cooler` WHERE `cid` IN ('6','7','8','9','10','11','12','13','14','15','16','17','18','19','20','21','22')  [ RunTime:0.0010s ]

[ 2016-09-16T07:03:38+08:00 ] 127.0.0.1 /cooler/index.php/Home/Cooler/getcooler
INFO: [ app_begin ] --START--
INFO: Run Behavior\ReadHtmlCacheBehavior [ RunTime:0.001000s ]
INFO: [ app_begin ] --END-- [ RunTime:0.002000s ]
SQL: SHOW COLUMNS FROM `c_cate` [ RunTime:0.0020s ]
SQL: SELECT * FROM `c_cate` ORDER BY id  [ RunTime:0.0010s ]
SQL: SHOW COLUMNS FROM `c_cooler` [ RunTime:0.0020s ]
SQL: SELECT * FROM `c_cooler` WHERE `cid` IN ('23','24','25','26','27','28','29','30','31','32','33','34','35','36','37')  [ RunTime:0.0000s ]

[ 2016-09-16T07:03:38+08:00 ] 127.0.0.1 /cooler/index.php/Home/Cooler/getcooler
INFO: [ app_begin ] --START--
INFO: Run Behavior\ReadHtmlCacheBehavior [ RunTime:0.001000s ]
INFO: [ app_begin ] --END-- [ RunTime:0.001000s ]
SQL: SHOW COLUMNS FROM `c_cate` [ RunTime:0.0030s ]
SQL: SELECT * FROM `c_cate` ORDER BY id  [ RunTime:0.0010s ]
SQL: SHOW COLUMNS FROM `c_cooler` [ RunTime:0.0030s ]
SQL: SELECT * FROM `c_cooler` WHERE `cid` IN ('6','7','8','9','10','11','12','13','14','15','16','17','18','19','20','21','22')  [ RunTime:0.0000s ]

[ 2016-09-16T07:03:39+08:00 ] 127.0.0.1 /cooler/index.php/Home/Cooler/getcooler
INFO: [ app_begin ] --START--
INFO: Run Behavior\ReadHtmlCacheBehavior [ RunTime:0.000000s ]
INFO: [ app_begin ] --END-- [ RunTime:0.001000s ]
SQL: SHOW COLUMNS FROM `c_cate` [ RunTime:0.0050s ]
SQL: SELECT * FROM `c_cate` ORDER BY id  [ RunTime:0.0000s ]
SQL: SHOW COLUMNS FROM `c_cooler` [ RunTime:0.0040s ]
SQL: SELECT * FROM `c_cooler` WHERE `cid` IN ('7')  [ RunTime:0.0000s ]

[ 2016-09-16T07:03:40+08:00 ] 127.0.0.1 /cooler/index.php/Home/Cooler/getcooler
INFO: [ app_begin ] --START--
INFO: Run Behavior\ReadHtmlCacheBehavior [ RunTime:0.001000s ]
INFO: [ app_begin ] --END-- [ RunTime:0.001000s ]
SQL: SHOW COLUMNS FROM `c_cate` [ RunTime:0.0040s ]
SQL: SELECT * FROM `c_cate` ORDER BY id  [ RunTime:0.0010s ]
SQL: SHOW COLUMNS FROM `c_cooler` [ RunTime:0.0040s ]
SQL: SELECT * FROM `c_cooler` WHERE `cid` IN ('8')  [ RunTime:0.0000s ]

[ 2016-09-16T07:05:39+08:00 ] 127.0.0.1 /cooler/index.php/Home/Cooler/getcooler
INFO: [ app_begin ] --START--
INFO: Run Behavior\ReadHtmlCacheBehavior [ RunTime:0.000000s ]
INFO: [ app_begin ] --END-- [ RunTime:0.001000s ]
SQL: SHOW COLUMNS FROM `c_cate` [ RunTime:0.0030s ]
SQL: SELECT * FROM `c_cate` ORDER BY id  [ RunTime:0.0010s ]
SQL: SHOW COLUMNS FROM `c_cooler` [ RunTime:0.0040s ]
SQL: SELECT * FROM `c_cooler` WHERE `cid` IN ('6','7','8','9','10','11','12','13','14','15','16','17','18','19','20','21','22')  [ RunTime:0.0010s ]

[ 2016-09-16T07:05:40+08:00 ] 127.0.0.1 /cooler/index.php/Home/Cooler/getcooler
INFO: [ app_begin ] --START--
INFO: Run Behavior\ReadHtmlCacheBehavior [ RunTime:0.002000s ]
INFO: [ app_begin ] --END-- [ RunTime:0.002000s ]
SQL: SHOW COLUMNS FROM `c_cate` [ RunTime:0.0030s ]
SQL: SELECT * FROM `c_cate` ORDER BY id  [ RunTime:0.0000s ]
SQL: SHOW COLUMNS FROM `c_cooler` [ RunTime:0.0030s ]
SQL: SELECT * FROM `c_cooler` WHERE `cid` IN ('23','24','25','26','27','28','29','30','31','32','33','34','35','36','37')  [ RunTime:0.0010s ]

[ 2016-09-16T07:05:41+08:00 ] 127.0.0.1 /cooler/index.php/Home/Cooler/getcooler
INFO: [ app_begin ] --START--
INFO: Run Behavior\ReadHtmlCacheBehavior [ RunTime:0.001000s ]
INFO: [ app_begin ] --END-- [ RunTime:0.001000s ]
SQL: SHOW COLUMNS FROM `c_cate` [ RunTime:0.0040s ]
SQL: SELECT * FROM `c_cate` ORDER BY id  [ RunTime:0.0000s ]
SQL: SHOW COLUMNS FROM `c_cooler` [ RunTime:0.0030s ]
SQL: SELECT * FROM `c_cooler` WHERE `cid` IN ('6','7','8','9','10','11','12','13','14','15','16','17','18','19','20','21','22')  [ RunTime:0.0000s ]

[ 2016-09-16T07:05:53+08:00 ] 127.0.0.1 /cooler/index.php/Home/Cooler/getcooler
INFO: [ app_begin ] --START--
INFO: Run Behavior\ReadHtmlCacheBehavior [ RunTime:0.000000s ]
INFO: [ app_begin ] --END-- [ RunTime:0.001000s ]
SQL: SHOW COLUMNS FROM `c_cate` [ RunTime:0.0040s ]
SQL: SELECT * FROM `c_cate` ORDER BY id  [ RunTime:0.0000s ]
SQL: SHOW COLUMNS FROM `c_cooler` [ RunTime:0.0030s ]
SQL: SELECT * FROM `c_cooler` WHERE `cid` IN ('6','7','8','9','10','11','12','13','14','15','16','17','18','19','20','21','22')  [ RunTime:0.0010s ]

[ 2016-09-16T07:05:55+08:00 ] 127.0.0.1 /cooler/index.php/Home/Cooler/getcooler
INFO: [ app_begin ] --START--
INFO: Run Behavior\ReadHtmlCacheBehavior [ RunTime:0.001000s ]
INFO: [ app_begin ] --END-- [ RunTime:0.002000s ]
SQL: SHOW COLUMNS FROM `c_cate` [ RunTime:0.0040s ]
SQL: SELECT * FROM `c_cate` ORDER BY id  [ RunTime:0.0000s ]
SQL: SHOW COLUMNS FROM `c_cooler` [ RunTime:0.0030s ]
SQL: SELECT * FROM `c_cooler` WHERE `cid` IN ('7')  [ RunTime:0.0000s ]

[ 2016-09-16T07:05:55+08:00 ] 127.0.0.1 /cooler/index.php/Home/Cooler/getcooler
INFO: [ app_begin ] --START--
INFO: Run Behavior\ReadHtmlCacheBehavior [ RunTime:0.001000s ]
INFO: [ app_begin ] --END-- [ RunTime:0.001000s ]
SQL: SHOW COLUMNS FROM `c_cate` [ RunTime:0.0050s ]
SQL: SELECT * FROM `c_cate` ORDER BY id  [ RunTime:0.0000s ]
SQL: SHOW COLUMNS FROM `c_cooler` [ RunTime:0.0050s ]
SQL: SELECT * FROM `c_cooler` WHERE `cid` IN ('8')  [ RunTime:0.0000s ]

[ 2016-09-16T07:05:56+08:00 ] 127.0.0.1 /cooler/index.php/Home/Cooler/getcooler
INFO: [ app_begin ] --START--
INFO: Run Behavior\ReadHtmlCacheBehavior [ RunTime:0.000000s ]
INFO: [ app_begin ] --END-- [ RunTime:0.001000s ]
SQL: SHOW COLUMNS FROM `c_cate` [ RunTime:0.0030s ]
SQL: SELECT * FROM `c_cate` ORDER BY id  [ RunTime:0.0010s ]
SQL: SHOW COLUMNS FROM `c_cooler` [ RunTime:0.0030s ]
SQL: SELECT * FROM `c_cooler` WHERE `cid` IN ('23','24','25','26','27','28','29','30','31','32','33','34','35','36','37')  [ RunTime:0.0000s ]

[ 2016-09-16T07:05:56+08:00 ] 127.0.0.1 /cooler/index.php/Home/Cooler/getcooler
INFO: [ app_begin ] --START--
INFO: Run Behavior\ReadHtmlCacheBehavior [ RunTime:0.000000s ]
INFO: [ app_begin ] --END-- [ RunTime:0.001000s ]
SQL: SHOW COLUMNS FROM `c_cate` [ RunTime:0.0030s ]
SQL: SELECT * FROM `c_cate` ORDER BY id  [ RunTime:0.0010s ]
SQL: SHOW COLUMNS FROM `c_cooler` [ RunTime:0.0030s ]
SQL: SELECT * FROM `c_cooler` WHERE `cid` IN ('6','7','8','9','10','11','12','13','14','15','16','17','18','19','20','21','22')  [ RunTime:0.0000s ]

[ 2016-09-16T07:05:57+08:00 ] 127.0.0.1 /cooler/index.php/Home/Cooler/getcooler
INFO: [ app_begin ] --START--
INFO: Run Behavior\ReadHtmlCacheBehavior [ RunTime:0.001000s ]
INFO: [ app_begin ] --END-- [ RunTime:0.001000s ]
SQL: SHOW COLUMNS FROM `c_cate` [ RunTime:0.0040s ]
SQL: SELECT * FROM `c_cate` ORDER BY id  [ RunTime:0.0000s ]
SQL: SHOW COLUMNS FROM `c_cooler` [ RunTime:0.0050s ]
SQL: SELECT * FROM `c_cooler` WHERE `cid` IN ('23','24','25','26','27','28','29','30','31','32','33','34','35','36','37')  [ RunTime:0.0000s ]

[ 2016-09-16T07:05:58+08:00 ] 127.0.0.1 /cooler/index.php/Home/Cooler/getcooler
INFO: [ app_begin ] --START--
INFO: Run Behavior\ReadHtmlCacheBehavior [ RunTime:0.001000s ]
INFO: [ app_begin ] --END-- [ RunTime:0.001000s ]
SQL: SHOW COLUMNS FROM `c_cate` [ RunTime:0.0030s ]
SQL: SELECT * FROM `c_cate` ORDER BY id  [ RunTime:0.0000s ]
SQL: SHOW COLUMNS FROM `c_cooler` [ RunTime:0.0030s ]
SQL: SELECT * FROM `c_cooler` WHERE `cid` IN ('6','7','8','9','10','11','12','13','14','15','16','17','18','19','20','21','22')  [ RunTime:0.0000s ]

[ 2016-09-16T07:06:00+08:00 ] 127.0.0.1 /cooler/index.php/Home/Cooler/getcooler
INFO: [ app_begin ] --START--
INFO: Run Behavior\ReadHtmlCacheBehavior [ RunTime:0.001000s ]
INFO: [ app_begin ] --END-- [ RunTime:0.001000s ]
SQL: SHOW COLUMNS FROM `c_cate` [ RunTime:0.0030s ]
SQL: SELECT * FROM `c_cate` ORDER BY id  [ RunTime:0.0000s ]
SQL: SHOW COLUMNS FROM `c_cooler` [ RunTime:0.0030s ]
SQL: SELECT * FROM `c_cooler` WHERE `cid` IN ('6','7','8','9','10','11','12','13','14','15','16','17','18','19','20','21','22')  [ RunTime:0.0000s ]

[ 2016-09-16T07:06:01+08:00 ] 127.0.0.1 /cooler/index.php/Home/Cooler/getcooler
INFO: [ app_begin ] --START--
INFO: Run Behavior\ReadHtmlCacheBehavior [ RunTime:0.001000s ]
INFO: [ app_begin ] --END-- [ RunTime:0.002000s ]
SQL: SHOW COLUMNS FROM `c_cate` [ RunTime:0.0030s ]
SQL: SELECT * FROM `c_cate` ORDER BY id  [ RunTime:0.0000s ]
SQL: SHOW COLUMNS FROM `c_cooler` [ RunTime:0.0020s ]
SQL: SELECT * FROM `c_cooler` WHERE `cid` IN ('6','7','8','9','10','11','12','13','14','15','16','17','18','19','20','21','22')  [ RunTime:0.0000s ]

[ 2016-09-16T07:06:03+08:00 ] 127.0.0.1 /cooler/index.php/Home/Cooler/getcooler
INFO: [ app_begin ] --START--
INFO: Run Behavior\ReadHtmlCacheBehavior [ RunTime:0.000000s ]
INFO: [ app_begin ] --END-- [ RunTime:0.001000s ]
SQL: SHOW COLUMNS FROM `c_cate` [ RunTime:0.0040s ]
SQL: SELECT * FROM `c_cate` ORDER BY id  [ RunTime:0.0010s ]
SQL: SHOW COLUMNS FROM `c_cooler` [ RunTime:0.0040s ]
SQL: SELECT * FROM `c_cooler` WHERE `cid` IN ('23','24','25','26','27','28','29','30','31','32','33','34','35','36','37')  [ RunTime:0.0000s ]

[ 2016-09-16T07:06:04+08:00 ] 127.0.0.1 /cooler/index.php/Home/Cooler/getcooler
INFO: [ app_begin ] --START--
INFO: Run Behavior\ReadHtmlCacheBehavior [ RunTime:0.000000s ]
INFO: [ app_begin ] --END-- [ RunTime:0.001000s ]
SQL: SHOW COLUMNS FROM `c_cate` [ RunTime:0.0030s ]
SQL: SELECT * FROM `c_cate` ORDER BY id  [ RunTime:0.0010s ]
SQL: SHOW COLUMNS FROM `c_cooler` [ RunTime:0.0040s ]
SQL: SELECT * FROM `c_cooler` WHERE `cid` IN ('6','7','8','9','10','11','12','13','14','15','16','17','18','19','20','21','22')  [ RunTime:0.0000s ]

[ 2016-09-16T07:06:28+08:00 ] 127.0.0.1 /cooler/index.php/Home/Cooler/getcooler
INFO: [ app_begin ] --START--
INFO: Run Behavior\ReadHtmlCacheBehavior [ RunTime:0.001000s ]
INFO: [ app_begin ] --END-- [ RunTime:0.001000s ]
SQL: SHOW COLUMNS FROM `c_cate` [ RunTime:0.0030s ]
SQL: SELECT * FROM `c_cate` ORDER BY id  [ RunTime:0.0000s ]
SQL: SHOW COLUMNS FROM `c_cooler` [ RunTime:0.0030s ]
SQL: SELECT * FROM `c_cooler` WHERE `cid` IN ('6','7','8','9','10','11','12','13','14','15','16','17','18','19','20','21','22')  [ RunTime:0.0010s ]

[ 2016-09-16T07:12:57+08:00 ] 127.0.0.1 /cooler/index.php/Home/Cooler/getcooler
INFO: [ app_begin ] --START--
INFO: Run Behavior\ReadHtmlCacheBehavior [ RunTime:0.001000s ]
INFO: [ app_begin ] --END-- [ RunTime:0.002000s ]
SQL: SHOW COLUMNS FROM `c_cate` [ RunTime:0.0060s ]
SQL: SELECT * FROM `c_cate` ORDER BY id  [ RunTime:0.0000s ]
SQL: SHOW COLUMNS FROM `c_cooler` [ RunTime:0.0080s ]
SQL: SELECT * FROM `c_cooler` WHERE `cid` IN ('6','7','8','9','10','11','12','13','14','15','16','17','18','19','20','21','22')  [ RunTime:0.0000s ]

[ 2016-09-16T07:12:58+08:00 ] 127.0.0.1 /cooler/index.php/Home/Cooler/getcooler
INFO: [ app_begin ] --START--
INFO: Run Behavior\ReadHtmlCacheBehavior [ RunTime:0.000000s ]
INFO: [ app_begin ] --END-- [ RunTime:0.001000s ]
SQL: SHOW COLUMNS FROM `c_cate` [ RunTime:0.0070s ]
SQL: SELECT * FROM `c_cate` ORDER BY id  [ RunTime:0.0000s ]
SQL: SHOW COLUMNS FROM `c_cooler` [ RunTime:0.0070s ]
SQL: SELECT * FROM `c_cooler` WHERE `cid` IN ('23','24','25','26','27','28','29','30','31','32','33','34','35','36','37')  [ RunTime:0.0000s ]

[ 2016-09-16T07:13:01+08:00 ] 127.0.0.1 /cooler/index.php/Home/Cooler/getcooler
INFO: [ app_begin ] --START--
INFO: Run Behavior\ReadHtmlCacheBehavior [ RunTime:0.001000s ]
INFO: [ app_begin ] --END-- [ RunTime:0.001000s ]
SQL: SHOW COLUMNS FROM `c_cate` [ RunTime:0.0040s ]
SQL: SELECT * FROM `c_cate` ORDER BY id  [ RunTime:0.0000s ]
SQL: SHOW COLUMNS FROM `c_cooler` [ RunTime:0.0040s ]
SQL: SELECT * FROM `c_cooler` WHERE `cid` IN ('25')  [ RunTime:0.0000s ]

[ 2016-09-16T07:13:01+08:00 ] 127.0.0.1 /cooler/index.php/Home/Cooler/getcooler
INFO: [ app_begin ] --START--
INFO: Run Behavior\ReadHtmlCacheBehavior [ RunTime:0.001000s ]
INFO: [ app_begin ] --END-- [ RunTime:0.001000s ]
SQL: SHOW COLUMNS FROM `c_cate` [ RunTime:0.0040s ]
SQL: SELECT * FROM `c_cate` ORDER BY id  [ RunTime:0.0010s ]
SQL: SHOW COLUMNS FROM `c_cooler` [ RunTime:0.0030s ]
SQL: SELECT * FROM `c_cooler` WHERE `cid` IN ('24')  [ RunTime:0.0000s ]

[ 2016-09-16T07:13:03+08:00 ] 127.0.0.1 /cooler/index.php/Home/Cooler/getcooler
INFO: [ app_begin ] --START--
INFO: Run Behavior\ReadHtmlCacheBehavior [ RunTime:0.000000s ]
INFO: [ app_begin ] --END-- [ RunTime:0.001000s ]
SQL: SHOW COLUMNS FROM `c_cate` [ RunTime:0.0030s ]
SQL: SELECT * FROM `c_cate` ORDER BY id  [ RunTime:0.0000s ]
SQL: SHOW COLUMNS FROM `c_cooler` [ RunTime:0.0030s ]
SQL: SELECT * FROM `c_cooler` WHERE `cid` IN ('23','24','25','26','27','28','29','30','31','32','33','34','35','36','37')  [ RunTime:0.0000s ]

[ 2016-09-16T07:13:03+08:00 ] 127.0.0.1 /cooler/index.php/Home/Cooler/getcooler
INFO: [ app_begin ] --START--
INFO: Run Behavior\ReadHtmlCacheBehavior [ RunTime:0.001000s ]
INFO: [ app_begin ] --END-- [ RunTime:0.001000s ]
SQL: SHOW COLUMNS FROM `c_cate` [ RunTime:0.0030s ]
SQL: SELECT * FROM `c_cate` ORDER BY id  [ RunTime:0.0010s ]
SQL: SHOW COLUMNS FROM `c_cooler` [ RunTime:0.0030s ]
SQL: SELECT * FROM `c_cooler` WHERE `cid` IN ('6','7','8','9','10','11','12','13','14','15','16','17','18','19','20','21','22')  [ RunTime:0.0000s ]

[ 2016-09-16T07:16:54+08:00 ] 127.0.0.1 /cooler/index.php/Home/Cooler/getcooler
INFO: [ app_begin ] --START--
INFO: Run Behavior\ReadHtmlCacheBehavior [ RunTime:0.001000s ]
INFO: [ app_begin ] --END-- [ RunTime:0.002000s ]
SQL: SHOW COLUMNS FROM `c_cate` [ RunTime:0.0020s ]
SQL: SELECT * FROM `c_cate` ORDER BY id  [ RunTime:0.0000s ]
SQL: SHOW COLUMNS FROM `c_cooler` [ RunTime:0.0030s ]
SQL: SELECT * FROM `c_cooler` WHERE `cid` IN ('6','7','8','9','10','11','12','13','14','15','16','17','18','19','20','21','22')  [ RunTime:0.0000s ]

[ 2016-09-16T07:16:54+08:00 ] 127.0.0.1 /cooler/index.php/Home/Cooler/getcooler
INFO: [ app_begin ] --START--
INFO: Run Behavior\ReadHtmlCacheBehavior [ RunTime:0.001000s ]
INFO: [ app_begin ] --END-- [ RunTime:0.002000s ]
SQL: SHOW COLUMNS FROM `c_cate` [ RunTime:0.0040s ]
SQL: SELECT * FROM `c_cate` ORDER BY id  [ RunTime:0.0010s ]
SQL: SHOW COLUMNS FROM `c_cooler` [ RunTime:0.0030s ]
SQL: SELECT * FROM `c_cooler` WHERE `cid` IN ('23','24','25','26','27','28','29','30','31','32','33','34','35','36','37')  [ RunTime:0.0000s ]

[ 2016-09-16T07:16:55+08:00 ] 127.0.0.1 /cooler/index.php/Home/Cooler/getcooler
INFO: [ app_begin ] --START--
INFO: Run Behavior\ReadHtmlCacheBehavior [ RunTime:0.000000s ]
INFO: [ app_begin ] --END-- [ RunTime:0.001000s ]
SQL: SHOW COLUMNS FROM `c_cate` [ RunTime:0.0040s ]
SQL: SELECT * FROM `c_cate` ORDER BY id  [ RunTime:0.0000s ]
SQL: SHOW COLUMNS FROM `c_cooler` [ RunTime:0.0030s ]
SQL: SELECT * FROM `c_cooler` WHERE `cid` IN ('24')  [ RunTime:0.0000s ]

[ 2016-09-16T07:16:56+08:00 ] 127.0.0.1 /cooler/index.php/Home/Cooler/getcooler
INFO: [ app_begin ] --START--
INFO: Run Behavior\ReadHtmlCacheBehavior [ RunTime:0.001000s ]
INFO: [ app_begin ] --END-- [ RunTime:0.001000s ]
SQL: SHOW COLUMNS FROM `c_cate` [ RunTime:0.0030s ]
SQL: SELECT * FROM `c_cate` ORDER BY id  [ RunTime:0.0000s ]
SQL: SHOW COLUMNS FROM `c_cooler` [ RunTime:0.0030s ]
SQL: SELECT * FROM `c_cooler` WHERE `cid` IN ('23','24','25','26','27','28','29','30','31','32','33','34','35','36','37')  [ RunTime:0.0000s ]

[ 2016-09-16T07:19:44+08:00 ] 127.0.0.1 /cooler/index.php/Home/Cooler/getcooler
INFO: [ app_begin ] --START--
INFO: Run Behavior\ReadHtmlCacheBehavior [ RunTime:0.001000s ]
INFO: [ app_begin ] --END-- [ RunTime:0.001000s ]
SQL: SHOW COLUMNS FROM `c_cate` [ RunTime:0.0040s ]
SQL: SELECT * FROM `c_cate` ORDER BY id  [ RunTime:0.0000s ]
SQL: SHOW COLUMNS FROM `c_cooler` [ RunTime:0.0040s ]
SQL: SELECT * FROM `c_cooler` WHERE `cid` IN ('6','7','8','9','10','11','12','13','14','15','16','17','18','19','20','21','22')  [ RunTime:0.0000s ]

[ 2016-09-16T07:19:45+08:00 ] 127.0.0.1 /cooler/index.php/Home/Cooler/getcooler
INFO: [ app_begin ] --START--
INFO: Run Behavior\ReadHtmlCacheBehavior [ RunTime:0.000000s ]
INFO: [ app_begin ] --END-- [ RunTime:0.001000s ]
SQL: SHOW COLUMNS FROM `c_cate` [ RunTime:0.0030s ]
SQL: SELECT * FROM `c_cate` ORDER BY id  [ RunTime:0.0010s ]
SQL: SHOW COLUMNS FROM `c_cooler` [ RunTime:0.0050s ]
SQL: SELECT * FROM `c_cooler` WHERE `cid` IN ('23','24','25','26','27','28','29','30','31','32','33','34','35','36','37')  [ RunTime:0.0000s ]

[ 2016-09-16T07:19:46+08:00 ] 127.0.0.1 /cooler/index.php/Home/Cooler/getcooler
INFO: [ app_begin ] --START--
INFO: Run Behavior\ReadHtmlCacheBehavior [ RunTime:0.001000s ]
INFO: [ app_begin ] --END-- [ RunTime:0.001000s ]
SQL: SHOW COLUMNS FROM `c_cate` [ RunTime:0.0030s ]
SQL: SELECT * FROM `c_cate` ORDER BY id  [ RunTime:0.0010s ]
SQL: SHOW COLUMNS FROM `c_cooler` [ RunTime:0.0040s ]
SQL: SELECT * FROM `c_cooler` WHERE `cid` IN ('24')  [ RunTime:0.0000s ]

[ 2016-09-16T07:19:47+08:00 ] 127.0.0.1 /cooler/index.php/Home/Cooler/getcooler
INFO: [ app_begin ] --START--
INFO: Run Behavior\ReadHtmlCacheBehavior [ RunTime:0.000000s ]
INFO: [ app_begin ] --END-- [ RunTime:0.001000s ]
SQL: SHOW COLUMNS FROM `c_cate` [ RunTime:0.0030s ]
SQL: SELECT * FROM `c_cate` ORDER BY id  [ RunTime:0.0010s ]
SQL: SHOW COLUMNS FROM `c_cooler` [ RunTime:0.0030s ]
SQL: SELECT * FROM `c_cooler` WHERE `cid` IN ('6','7','8','9','10','11','12','13','14','15','16','17','18','19','20','21','22')  [ RunTime:0.0000s ]

[ 2016-09-16T07:19:49+08:00 ] 127.0.0.1 /cooler/index.php/Home/Cooler/getcooler
INFO: [ app_begin ] --START--
INFO: Run Behavior\ReadHtmlCacheBehavior [ RunTime:0.001000s ]
INFO: [ app_begin ] --END-- [ RunTime:0.002000s ]
SQL: SHOW COLUMNS FROM `c_cate` [ RunTime:0.0020s ]
SQL: SELECT * FROM `c_cate` ORDER BY id  [ RunTime:0.0010s ]
SQL: SHOW COLUMNS FROM `c_cooler` [ RunTime:0.0030s ]
SQL: SELECT * FROM `c_cooler` WHERE `cid` IN ('6','7','8','9','10','11','12','13','14','15','16','17','18','19','20','21','22')  [ RunTime:0.0000s ]

[ 2016-09-16T07:19:51+08:00 ] 127.0.0.1 /cooler/index.php/Home/Cooler/getcooler
INFO: [ app_begin ] --START--
INFO: Run Behavior\ReadHtmlCacheBehavior [ RunTime:0.000000s ]
INFO: [ app_begin ] --END-- [ RunTime:0.001000s ]
SQL: SHOW COLUMNS FROM `c_cate` [ RunTime:0.0030s ]
SQL: SELECT * FROM `c_cate` ORDER BY id  [ RunTime:0.0010s ]
SQL: SHOW COLUMNS FROM `c_cooler` [ RunTime:0.0030s ]
SQL: SELECT * FROM `c_cooler` WHERE `cid` IN ('9')  [ RunTime:0.0000s ]

[ 2016-09-16T07:19:52+08:00 ] 127.0.0.1 /cooler/index.php/Home/Cooler/getcooler
INFO: [ app_begin ] --START--
INFO: Run Behavior\ReadHtmlCacheBehavior [ RunTime:0.000000s ]
INFO: [ app_begin ] --END-- [ RunTime:0.001000s ]
SQL: SHOW COLUMNS FROM `c_cate` [ RunTime:0.0040s ]
SQL: SELECT * FROM `c_cate` ORDER BY id  [ RunTime:0.0000s ]
SQL: SHOW COLUMNS FROM `c_cooler` [ RunTime:0.0040s ]
SQL: SELECT * FROM `c_cooler` WHERE `cid` IN ('8')  [ RunTime:0.0000s ]

[ 2016-09-16T07:20:28+08:00 ] 127.0.0.1 /cooler/index.php/Home/Cooler/getcooler
INFO: [ app_begin ] --START--
INFO: Run Behavior\ReadHtmlCacheBehavior [ RunTime:0.001000s ]
INFO: [ app_begin ] --END-- [ RunTime:0.001000s ]
SQL: SHOW COLUMNS FROM `c_cate` [ RunTime:0.0030s ]
SQL: SELECT * FROM `c_cate` ORDER BY id  [ RunTime:0.0010s ]
SQL: SHOW COLUMNS FROM `c_cooler` [ RunTime:0.0040s ]
SQL: SELECT * FROM `c_cooler` WHERE `cid` IN ('6','7','8','9','10','11','12','13','14','15','16','17','18','19','20','21','22')  [ RunTime:0.0010s ]

[ 2016-09-16T07:20:44+08:00 ] 127.0.0.1 /cooler/index.php/Home/Cooler/getcooler
INFO: [ app_begin ] --START--
INFO: Run Behavior\ReadHtmlCacheBehavior [ RunTime:0.001000s ]
INFO: [ app_begin ] --END-- [ RunTime:0.001000s ]
SQL: SHOW COLUMNS FROM `c_cate` [ RunTime:0.0030s ]
SQL: SELECT * FROM `c_cate` ORDER BY id  [ RunTime:0.0010s ]
SQL: SHOW COLUMNS FROM `c_cooler` [ RunTime:0.0040s ]
SQL: SELECT * FROM `c_cooler` WHERE `cid` IN ('6','7','8','9','10','11','12','13','14','15','16','17','18','19','20','21','22')  [ RunTime:0.0000s ]

[ 2016-09-16T07:20:53+08:00 ] 127.0.0.1 /cooler/index.php/Home/Cooler/getcooler
INFO: [ app_begin ] --START--
INFO: Run Behavior\ReadHtmlCacheBehavior [ RunTime:0.000000s ]
INFO: [ app_begin ] --END-- [ RunTime:0.000000s ]
SQL: SHOW COLUMNS FROM `c_cate` [ RunTime:0.0030s ]
SQL: SELECT * FROM `c_cate` ORDER BY id  [ RunTime:0.0000s ]
SQL: SHOW COLUMNS FROM `c_cooler` [ RunTime:0.0030s ]
SQL: SELECT * FROM `c_cooler` WHERE `cid` IN ('6','7','8','9','10','11','12','13','14','15','16','17','18','19','20','21','22')  [ RunTime:0.0010s ]

[ 2016-09-16T07:21:18+08:00 ] 127.0.0.1 /cooler/index.php/Home/Cooler/getcooler
INFO: [ app_begin ] --START--
INFO: Run Behavior\ReadHtmlCacheBehavior [ RunTime:0.001000s ]
INFO: [ app_begin ] --END-- [ RunTime:0.001000s ]
SQL: SHOW COLUMNS FROM `c_cate` [ RunTime:0.0030s ]
SQL: SELECT * FROM `c_cate` ORDER BY id  [ RunTime:0.0000s ]
SQL: SHOW COLUMNS FROM `c_cooler` [ RunTime:0.0030s ]
SQL: SELECT * FROM `c_cooler` WHERE `cid` IN ('17')  [ RunTime:0.0000s ]

[ 2016-09-16T07:21:20+08:00 ] 127.0.0.1 /cooler/index.php/Home/Cooler/getcooler
INFO: [ app_begin ] --START--
INFO: Run Behavior\ReadHtmlCacheBehavior [ RunTime:0.001000s ]
INFO: [ app_begin ] --END-- [ RunTime:0.001000s ]
SQL: SHOW COLUMNS FROM `c_cate` [ RunTime:0.0030s ]
SQL: SELECT * FROM `c_cate` ORDER BY id  [ RunTime:0.0000s ]
SQL: SHOW COLUMNS FROM `c_cooler` [ RunTime:0.0030s ]
SQL: SELECT * FROM `c_cooler` WHERE `cid` IN ('6','7','8','9','10','11','12','13','14','15','16','17','18','19','20','21','22')  [ RunTime:0.0000s ]

[ 2016-09-16T07:21:20+08:00 ] 127.0.0.1 /cooler/index.php/Home/Cooler/getcooler
INFO: [ app_begin ] --START--
INFO: Run Behavior\ReadHtmlCacheBehavior [ RunTime:0.000000s ]
INFO: [ app_begin ] --END-- [ RunTime:0.001000s ]
SQL: SHOW COLUMNS FROM `c_cate` [ RunTime:0.0040s ]
SQL: SELECT * FROM `c_cate` ORDER BY id  [ RunTime:0.0010s ]
SQL: SHOW COLUMNS FROM `c_cooler` [ RunTime:0.0040s ]
SQL: SELECT * FROM `c_cooler` WHERE `cid` IN ('23','24','25','26','27','28','29','30','31','32','33','34','35','36','37')  [ RunTime:0.0000s ]

[ 2016-09-16T07:23:47+08:00 ] 127.0.0.1 /cooler/index.php/Home/Cooler/getcooler
INFO: [ app_begin ] --START--
INFO: Run Behavior\ReadHtmlCacheBehavior [ RunTime:0.001000s ]
INFO: [ app_begin ] --END-- [ RunTime:0.001000s ]
SQL: SHOW COLUMNS FROM `c_cate` [ RunTime:0.0030s ]
SQL: SELECT * FROM `c_cate` ORDER BY id  [ RunTime:0.0010s ]
SQL: SHOW COLUMNS FROM `c_cooler` [ RunTime:0.0030s ]
SQL: SELECT * FROM `c_cooler` WHERE `cid` IN ('6','7','8','9','10','11','12','13','14','15','16','17','18','19','20','21','22')  [ RunTime:0.0000s ]

[ 2016-09-16T07:30:01+08:00 ] 127.0.0.1 /cooler/index.php/Home/Cooler/getcooler
INFO: [ app_begin ] --START--
INFO: Run Behavior\ReadHtmlCacheBehavior [ RunTime:0.001000s ]
INFO: [ app_begin ] --END-- [ RunTime:0.001000s ]
SQL: SHOW COLUMNS FROM `c_cate` [ RunTime:0.0030s ]
SQL: SELECT * FROM `c_cate` ORDER BY id  [ RunTime:0.0010s ]
SQL: SHOW COLUMNS FROM `c_cooler` [ RunTime:0.0030s ]
SQL: SELECT * FROM `c_cooler` WHERE `cid` IN ('6','7','8','9','10','11','12','13','14','15','16','17','18','19','20','21','22')  [ RunTime:0.0000s ]

[ 2016-09-16T07:30:16+08:00 ] 127.0.0.1 /cooler/index.php/Home/Cooler/getcooler
INFO: [ app_begin ] --START--
INFO: Run Behavior\ReadHtmlCacheBehavior [ RunTime:0.001000s ]
INFO: [ app_begin ] --END-- [ RunTime:0.001000s ]
SQL: SHOW COLUMNS FROM `c_cate` [ RunTime:0.0040s ]
SQL: SELECT * FROM `c_cate` ORDER BY id  [ RunTime:0.0000s ]
SQL: SHOW COLUMNS FROM `c_cooler` [ RunTime:0.0030s ]
SQL: SELECT * FROM `c_cooler` WHERE `cid` IN ('6','7','8','9','10','11','12','13','14','15','16','17','18','19','20','21','22')  [ RunTime:0.0000s ]

[ 2016-09-16T07:30:17+08:00 ] 127.0.0.1 /cooler/index.php/Home/Cooler/getcooler
INFO: [ app_begin ] --START--
INFO: Run Behavior\ReadHtmlCacheBehavior [ RunTime:0.000000s ]
INFO: [ app_begin ] --END-- [ RunTime:0.000000s ]
SQL: SHOW COLUMNS FROM `c_cate` [ RunTime:0.0040s ]
SQL: SELECT * FROM `c_cate` ORDER BY id  [ RunTime:0.0000s ]
SQL: SHOW COLUMNS FROM `c_cooler` [ RunTime:0.0030s ]
SQL: SELECT * FROM `c_cooler` WHERE `cid` IN ('23','24','25','26','27','28','29','30','31','32','33','34','35','36','37')  [ RunTime:0.0000s ]

[ 2016-09-16T07:30:18+08:00 ] 127.0.0.1 /cooler/index.php/Home/Cooler/getcooler
INFO: [ app_begin ] --START--
INFO: Run Behavior\ReadHtmlCacheBehavior [ RunTime:0.000000s ]
INFO: [ app_begin ] --END-- [ RunTime:0.001000s ]
SQL: SHOW COLUMNS FROM `c_cate` [ RunTime:0.0030s ]
SQL: SELECT * FROM `c_cate` ORDER BY id  [ RunTime:0.0000s ]
SQL: SHOW COLUMNS FROM `c_cooler` [ RunTime:0.0030s ]
SQL: SELECT * FROM `c_cooler` WHERE `cid` IN ('24')  [ RunTime:0.0010s ]

[ 2016-09-16T07:30:20+08:00 ] 127.0.0.1 /cooler/index.php/Home/Cooler/getcooler
INFO: [ app_begin ] --START--
INFO: Run Behavior\ReadHtmlCacheBehavior [ RunTime:0.001000s ]
INFO: [ app_begin ] --END-- [ RunTime:0.001000s ]
SQL: SHOW COLUMNS FROM `c_cate` [ RunTime:0.0040s ]
SQL: SELECT * FROM `c_cate` ORDER BY id  [ RunTime:0.0000s ]
SQL: SHOW COLUMNS FROM `c_cooler` [ RunTime:0.0040s ]
SQL: SELECT * FROM `c_cooler` WHERE `cid` IN ('24')  [ RunTime:0.0000s ]

[ 2016-09-16T07:32:32+08:00 ] 127.0.0.1 /cooler/index.php/Home/Cooler/getcooler
INFO: [ app_begin ] --START--
INFO: Run Behavior\ReadHtmlCacheBehavior [ RunTime:0.000000s ]
INFO: [ app_begin ] --END-- [ RunTime:0.002000s ]
SQL: SHOW COLUMNS FROM `c_cate` [ RunTime:0.0030s ]
SQL: SELECT * FROM `c_cate` ORDER BY id  [ RunTime:0.0000s ]
SQL: SHOW COLUMNS FROM `c_cooler` [ RunTime:0.0040s ]
SQL: SELECT * FROM `c_cooler` WHERE `cid` IN ('6','7','8','9','10','11','12','13','14','15','16','17','18','19','20','21','22')  [ RunTime:0.0000s ]

[ 2016-09-16T07:52:19+08:00 ] 127.0.0.1 /cooler/index.php/Home/Cooler/getcooler
INFO: [ app_begin ] --START--
INFO: Run Behavior\ReadHtmlCacheBehavior [ RunTime:0.001000s ]
INFO: [ app_begin ] --END-- [ RunTime:0.002000s ]
SQL: SHOW COLUMNS FROM `c_cate` [ RunTime:0.0030s ]
SQL: SELECT * FROM `c_cate` ORDER BY id  [ RunTime:0.0010s ]
SQL: SHOW COLUMNS FROM `c_cooler` [ RunTime:0.0030s ]
SQL: SELECT * FROM `c_cooler` WHERE `cid` IN ('6','7','8','9','10','11','12','13','14','15','16','17','18','19','20','21','22')  [ RunTime:0.0010s ]

[ 2016-09-16T07:52:24+08:00 ] 127.0.0.1 /cooler/index.php/Home/Cooler/getcooler
INFO: [ app_begin ] --START--
INFO: Run Behavior\ReadHtmlCacheBehavior [ RunTime:0.000000s ]
INFO: [ app_begin ] --END-- [ RunTime:0.001000s ]
SQL: SHOW COLUMNS FROM `c_cate` [ RunTime:0.0030s ]
SQL: SELECT * FROM `c_cate` ORDER BY id  [ RunTime:0.0010s ]
SQL: SHOW COLUMNS FROM `c_cooler` [ RunTime:0.0030s ]
SQL: SELECT * FROM `c_cooler` WHERE `cid` IN ('7')  [ RunTime:0.0000s ]

[ 2016-09-16T07:52:26+08:00 ] 127.0.0.1 /cooler/index.php/Home/Cooler/getcooler
INFO: [ app_begin ] --START--
INFO: Run Behavior\ReadHtmlCacheBehavior [ RunTime:0.001000s ]
INFO: [ app_begin ] --END-- [ RunTime:0.001000s ]
SQL: SHOW COLUMNS FROM `c_cate` [ RunTime:0.0050s ]
SQL: SELECT * FROM `c_cate` ORDER BY id  [ RunTime:0.0010s ]
SQL: SHOW COLUMNS FROM `c_cooler` [ RunTime:0.0040s ]
SQL: SELECT * FROM `c_cooler` WHERE `cid` IN ('7')  [ RunTime:0.0000s ]

[ 2016-09-16T07:52:27+08:00 ] 127.0.0.1 /cooler/index.php/Home/Cooler/getcooler
INFO: [ app_begin ] --START--
INFO: Run Behavior\ReadHtmlCacheBehavior [ RunTime:0.001000s ]
INFO: [ app_begin ] --END-- [ RunTime:0.001000s ]
SQL: SHOW COLUMNS FROM `c_cate` [ RunTime:0.0030s ]
SQL: SELECT * FROM `c_cate` ORDER BY id  [ RunTime:0.0010s ]
SQL: SHOW COLUMNS FROM `c_cooler` [ RunTime:0.0040s ]
SQL: SELECT * FROM `c_cooler` WHERE `cid` IN ('6','7','8','9','10','11','12','13','14','15','16','17','18','19','20','21','22')  [ RunTime:0.0010s ]

[ 2016-09-16T07:52:48+08:00 ] 127.0.0.1 /cooler/index.php/Home/Cooler/getcooler
INFO: [ app_begin ] --START--
INFO: Run Behavior\ReadHtmlCacheBehavior [ RunTime:0.001000s ]
INFO: [ app_begin ] --END-- [ RunTime:0.002000s ]
SQL: SHOW COLUMNS FROM `c_cate` [ RunTime:0.0040s ]
SQL: SELECT * FROM `c_cate` ORDER BY id  [ RunTime:0.0000s ]
SQL: SHOW COLUMNS FROM `c_cooler` [ RunTime:0.0030s ]
SQL: SELECT * FROM `c_cooler` WHERE `cid` IN ('23','24','25','26','27','28','29','30','31','32','33','34','35','36','37')  [ RunTime:0.0000s ]

[ 2016-09-16T07:52:50+08:00 ] 127.0.0.1 /cooler/index.php/Home/Cooler/getcooler
INFO: [ app_begin ] --START--
INFO: Run Behavior\ReadHtmlCacheBehavior [ RunTime:0.001000s ]
INFO: [ app_begin ] --END-- [ RunTime:0.001000s ]
SQL: SHOW COLUMNS FROM `c_cate` [ RunTime:0.0020s ]
SQL: SELECT * FROM `c_cate` ORDER BY id  [ RunTime:0.0000s ]
SQL: SHOW COLUMNS FROM `c_cooler` [ RunTime:0.0030s ]
SQL: SELECT * FROM `c_cooler` WHERE `cid` IN ('25')  [ RunTime:0.0000s ]

[ 2016-09-16T07:52:51+08:00 ] 127.0.0.1 /cooler/index.php/Home/Cooler/getcooler
INFO: [ app_begin ] --START--
INFO: Run Behavior\ReadHtmlCacheBehavior [ RunTime:0.001000s ]
INFO: [ app_begin ] --END-- [ RunTime:0.001000s ]
SQL: SHOW COLUMNS FROM `c_cate` [ RunTime:0.0030s ]
SQL: SELECT * FROM `c_cate` ORDER BY id  [ RunTime:0.0010s ]
SQL: SHOW COLUMNS FROM `c_cooler` [ RunTime:0.0040s ]
SQL: SELECT * FROM `c_cooler` WHERE `cid` IN ('23','24','25','26','27','28','29','30','31','32','33','34','35','36','37')  [ RunTime:0.0000s ]

[ 2016-09-16T07:52:55+08:00 ] 127.0.0.1 /cooler/index.php/Home/Cooler/getcooler
INFO: [ app_begin ] --START--
INFO: Run Behavior\ReadHtmlCacheBehavior [ RunTime:0.001000s ]
INFO: [ app_begin ] --END-- [ RunTime:0.002000s ]
SQL: SHOW COLUMNS FROM `c_cate` [ RunTime:0.0040s ]
SQL: SELECT * FROM `c_cate` ORDER BY id  [ RunTime:0.0000s ]
SQL: SHOW COLUMNS FROM `c_cooler` [ RunTime:0.0030s ]
SQL: SELECT * FROM `c_cooler` WHERE `cid` IN ('25')  [ RunTime:0.0010s ]

[ 2016-09-16T07:52:56+08:00 ] 127.0.0.1 /cooler/index.php/Home/Cooler/getcooler
INFO: [ app_begin ] --START--
INFO: Run Behavior\ReadHtmlCacheBehavior [ RunTime:0.001000s ]
INFO: [ app_begin ] --END-- [ RunTime:0.002000s ]
SQL: SHOW COLUMNS FROM `c_cate` [ RunTime:0.0040s ]
SQL: SELECT * FROM `c_cate` ORDER BY id  [ RunTime:0.0000s ]
SQL: SHOW COLUMNS FROM `c_cooler` [ RunTime:0.0030s ]
SQL: SELECT * FROM `c_cooler` WHERE `cid` IN ('26')  [ RunTime:0.0000s ]

[ 2016-09-16T07:52:59+08:00 ] 127.0.0.1 /cooler/index.php/Home/Cooler/getcooler
INFO: [ app_begin ] --START--
INFO: Run Behavior\ReadHtmlCacheBehavior [ RunTime:0.001000s ]
INFO: [ app_begin ] --END-- [ RunTime:0.001000s ]
SQL: SHOW COLUMNS FROM `c_cate` [ RunTime:0.0040s ]
SQL: SELECT * FROM `c_cate` ORDER BY id  [ RunTime:0.0000s ]
SQL: SHOW COLUMNS FROM `c_cooler` [ RunTime:0.0030s ]
SQL: SELECT * FROM `c_cooler` WHERE `cid` IN ('6','7','8','9','10','11','12','13','14','15','16','17','18','19','20','21','22')  [ RunTime:0.0010s ]

[ 2016-09-16T07:53:02+08:00 ] 127.0.0.1 /cooler/index.php/Home/Cooler/getcooler
INFO: [ app_begin ] --START--
INFO: Run Behavior\ReadHtmlCacheBehavior [ RunTime:0.001000s ]
INFO: [ app_begin ] --END-- [ RunTime:0.002000s ]
SQL: SHOW COLUMNS FROM `c_cate` [ RunTime:0.0030s ]
SQL: SELECT * FROM `c_cate` ORDER BY id  [ RunTime:0.0000s ]
SQL: SHOW COLUMNS FROM `c_cooler` [ RunTime:0.0040s ]
SQL: SELECT * FROM `c_cooler` WHERE `cid` IN ('23','24','25','26','27','28','29','30','31','32','33','34','35','36','37')  [ RunTime:0.0000s ]

[ 2016-09-16T07:53:06+08:00 ] 127.0.0.1 /cooler/index.php/Home/Cooler/getcooler
INFO: [ app_begin ] --START--
INFO: Run Behavior\ReadHtmlCacheBehavior [ RunTime:0.001000s ]
INFO: [ app_begin ] --END-- [ RunTime:0.002000s ]
SQL: SHOW COLUMNS FROM `c_cate` [ RunTime:0.0030s ]
SQL: SELECT * FROM `c_cate` ORDER BY id  [ RunTime:0.0010s ]
SQL: SHOW COLUMNS FROM `c_cooler` [ RunTime:0.0030s ]
SQL: SELECT * FROM `c_cooler` WHERE `cid` IN ('39')  [ RunTime:0.0000s ]

[ 2016-09-16T07:53:08+08:00 ] 127.0.0.1 /cooler/index.php/Home/Cooler/getcooler
INFO: [ app_begin ] --START--
INFO: Run Behavior\ReadHtmlCacheBehavior [ RunTime:0.001000s ]
INFO: [ app_begin ] --END-- [ RunTime:0.002000s ]
SQL: SHOW COLUMNS FROM `c_cate` [ RunTime:0.0030s ]
SQL: SELECT * FROM `c_cate` ORDER BY id  [ RunTime:0.0010s ]
SQL: SHOW COLUMNS FROM `c_cooler` [ RunTime:0.0030s ]
SQL: SELECT * FROM `c_cooler` WHERE `cid` IN ('6','7','8','9','10','11','12','13','14','15','16','17','18','19','20','21','22')  [ RunTime:0.0000s ]

[ 2016-09-16T07:53:10+08:00 ] 127.0.0.1 /cooler/index.php/Home/Cooler/getcooler
INFO: [ app_begin ] --START--
INFO: Run Behavior\ReadHtmlCacheBehavior [ RunTime:0.001000s ]
INFO: [ app_begin ] --END-- [ RunTime:0.001000s ]
SQL: SHOW COLUMNS FROM `c_cate` [ RunTime:0.0040s ]
SQL: SELECT * FROM `c_cate` ORDER BY id  [ RunTime:0.0000s ]
SQL: SHOW COLUMNS FROM `c_cooler` [ RunTime:0.0030s ]
SQL: SELECT * FROM `c_cooler` WHERE `cid` IN ('23','24','25','26','27','28','29','30','31','32','33','34','35','36','37')  [ RunTime:0.0000s ]

[ 2016-09-16T07:54:12+08:00 ] 127.0.0.1 /cooler/index.php/Home/Cooler/getcooler
INFO: [ app_begin ] --START--
INFO: Run Behavior\ReadHtmlCacheBehavior [ RunTime:0.000000s ]
INFO: [ app_begin ] --END-- [ RunTime:0.001000s ]
SQL: SHOW COLUMNS FROM `c_cate` [ RunTime:0.0050s ]
SQL: SELECT * FROM `c_cate` ORDER BY id  [ RunTime:0.0000s ]
SQL: SHOW COLUMNS FROM `c_cooler` [ RunTime:0.0050s ]
SQL: SELECT * FROM `c_cooler` WHERE `cid` IN ('6','7','8','9','10','11','12','13','14','15','16','17','18','19','20','21','22')  [ RunTime:0.0010s ]

[ 2016-09-16T07:54:15+08:00 ] 127.0.0.1 /cooler/index.php/Home/Cooler/getcooler
INFO: [ app_begin ] --START--
INFO: Run Behavior\ReadHtmlCacheBehavior [ RunTime:0.000000s ]
INFO: [ app_begin ] --END-- [ RunTime:0.001000s ]
SQL: SHOW COLUMNS FROM `c_cate` [ RunTime:0.0040s ]
SQL: SELECT * FROM `c_cate` ORDER BY id  [ RunTime:0.0010s ]
SQL: SHOW COLUMNS FROM `c_cooler` [ RunTime:0.0040s ]
SQL: SELECT * FROM `c_cooler` WHERE `cid` IN ('8')  [ RunTime:0.0000s ]

[ 2016-09-16T07:54:15+08:00 ] 127.0.0.1 /cooler/index.php/Home/Cooler/getcooler
INFO: [ app_begin ] --START--
INFO: Run Behavior\ReadHtmlCacheBehavior [ RunTime:0.001000s ]
INFO: [ app_begin ] --END-- [ RunTime:0.001000s ]
SQL: SHOW COLUMNS FROM `c_cate` [ RunTime:0.0040s ]
SQL: SELECT * FROM `c_cate` ORDER BY id  [ RunTime:0.0000s ]
SQL: SHOW COLUMNS FROM `c_cooler` [ RunTime:0.0030s ]
SQL: SELECT * FROM `c_cooler` WHERE `cid` IN ('23','24','25','26','27','28','29','30','31','32','33','34','35','36','37')  [ RunTime:0.0000s ]

[ 2016-09-16T07:54:16+08:00 ] 127.0.0.1 /cooler/index.php/Home/Cooler/getcooler
INFO: [ app_begin ] --START--
INFO: Run Behavior\ReadHtmlCacheBehavior [ RunTime:0.001000s ]
INFO: [ app_begin ] --END-- [ RunTime:0.001000s ]
SQL: SHOW COLUMNS FROM `c_cate` [ RunTime:0.0030s ]
SQL: SELECT * FROM `c_cate` ORDER BY id  [ RunTime:0.0000s ]
SQL: SHOW COLUMNS FROM `c_cooler` [ RunTime:0.0030s ]
SQL: SELECT * FROM `c_cooler` WHERE `cid` IN ('6','7','8','9','10','11','12','13','14','15','16','17','18','19','20','21','22')  [ RunTime:0.0000s ]

[ 2016-09-16T07:54:18+08:00 ] 127.0.0.1 /cooler/index.php/Home/Cooler/getcooler
INFO: [ app_begin ] --START--
INFO: Run Behavior\ReadHtmlCacheBehavior [ RunTime:0.001000s ]
INFO: [ app_begin ] --END-- [ RunTime:0.002000s ]
SQL: SHOW COLUMNS FROM `c_cate` [ RunTime:0.0020s ]
SQL: SELECT * FROM `c_cate` ORDER BY id  [ RunTime:0.0000s ]
SQL: SHOW COLUMNS FROM `c_cooler` [ RunTime:0.0030s ]
SQL: SELECT * FROM `c_cooler` WHERE `cid` IN ('23','24','25','26','27','28','29','30','31','32','33','34','35','36','37')  [ RunTime:0.0000s ]

[ 2016-09-16T07:54:29+08:00 ] 127.0.0.1 /cooler/index.php/Home/Cooler/getcooler
INFO: [ app_begin ] --START--
INFO: Run Behavior\ReadHtmlCacheBehavior [ RunTime:0.001000s ]
INFO: [ app_begin ] --END-- [ RunTime:0.001000s ]
SQL: SHOW COLUMNS FROM `c_cate` [ RunTime:0.0030s ]
SQL: SELECT * FROM `c_cate` ORDER BY id  [ RunTime:0.0000s ]
SQL: SHOW COLUMNS FROM `c_cooler` [ RunTime:0.0040s ]
SQL: SELECT * FROM `c_cooler` WHERE `cid` IN ('26')  [ RunTime:0.0000s ]

[ 2016-09-16T07:54:30+08:00 ] 127.0.0.1 /cooler/index.php/Home/Cooler/getcooler
INFO: [ app_begin ] --START--
INFO: Run Behavior\ReadHtmlCacheBehavior [ RunTime:0.000000s ]
INFO: [ app_begin ] --END-- [ RunTime:0.002000s ]
SQL: SHOW COLUMNS FROM `c_cate` [ RunTime:0.0030s ]
SQL: SELECT * FROM `c_cate` ORDER BY id  [ RunTime:0.0010s ]
SQL: SHOW COLUMNS FROM `c_cooler` [ RunTime:0.0040s ]
SQL: SELECT * FROM `c_cooler` WHERE `cid` IN ('6','7','8','9','10','11','12','13','14','15','16','17','18','19','20','21','22')  [ RunTime:0.0010s ]

[ 2016-09-16T07:54:38+08:00 ] 127.0.0.1 /cooler/index.php/Home/Cooler/getcooler
INFO: [ app_begin ] --START--
INFO: Run Behavior\ReadHtmlCacheBehavior [ RunTime:0.001000s ]
INFO: [ app_begin ] --END-- [ RunTime:0.001000s ]
SQL: SHOW COLUMNS FROM `c_cate` [ RunTime:0.0040s ]
SQL: SELECT * FROM `c_cate` ORDER BY id  [ RunTime:0.0010s ]
SQL: SHOW COLUMNS FROM `c_cooler` [ RunTime:0.0040s ]
SQL: SELECT * FROM `c_cooler` WHERE `cid` IN ('6','7','8','9','10','11','12','13','14','15','16','17','18','19','20','21','22')  [ RunTime:0.0010s ]

[ 2016-09-16T07:54:48+08:00 ] 127.0.0.1 /cooler/index.php/Home/Cooler/getcooler
INFO: [ app_begin ] --START--
INFO: Run Behavior\ReadHtmlCacheBehavior [ RunTime:0.001000s ]
INFO: [ app_begin ] --END-- [ RunTime:0.001000s ]
SQL: SHOW COLUMNS FROM `c_cate` [ RunTime:0.0040s ]
SQL: SELECT * FROM `c_cate` ORDER BY id  [ RunTime:0.0000s ]
SQL: SHOW COLUMNS FROM `c_cooler` [ RunTime:0.0040s ]
SQL: SELECT * FROM `c_cooler` WHERE `cid` IN ('7')  [ RunTime:0.0000s ]

[ 2016-09-16T07:55:05+08:00 ] 127.0.0.1 /cooler/index.php/Home/Cooler/getcooler
INFO: [ app_begin ] --START--
INFO: Run Behavior\ReadHtmlCacheBehavior [ RunTime:0.001000s ]
INFO: [ app_begin ] --END-- [ RunTime:0.001000s ]
SQL: SHOW COLUMNS FROM `c_cate` [ RunTime:0.0020s ]
SQL: SELECT * FROM `c_cate` ORDER BY id  [ RunTime:0.0010s ]
SQL: SHOW COLUMNS FROM `c_cooler` [ RunTime:0.0030s ]
SQL: SELECT * FROM `c_cooler` WHERE `cid` IN ('23','24','25','26','27','28','29','30','31','32','33','34','35','36','37')  [ RunTime:0.0000s ]

[ 2016-09-16T07:55:06+08:00 ] 127.0.0.1 /cooler/index.php/Home/Cooler/getcooler
INFO: [ app_begin ] --START--
INFO: Run Behavior\ReadHtmlCacheBehavior [ RunTime:0.001000s ]
INFO: [ app_begin ] --END-- [ RunTime:0.001000s ]
SQL: SHOW COLUMNS FROM `c_cate` [ RunTime:0.0020s ]
SQL: SELECT * FROM `c_cate` ORDER BY id  [ RunTime:0.0010s ]
SQL: SHOW COLUMNS FROM `c_cooler` [ RunTime:0.0030s ]
SQL: SELECT * FROM `c_cooler` WHERE `cid` IN ('23','24','25','26','27','28','29','30','31','32','33','34','35','36','37')  [ RunTime:0.0000s ]

[ 2016-09-16T07:55:16+08:00 ] 127.0.0.1 /cooler/index.php/Home/Cooler/getcooler
INFO: [ app_begin ] --START--
INFO: Run Behavior\ReadHtmlCacheBehavior [ RunTime:0.001000s ]
INFO: [ app_begin ] --END-- [ RunTime:0.001000s ]
SQL: SHOW COLUMNS FROM `c_cate` [ RunTime:0.0030s ]
SQL: SELECT * FROM `c_cate` ORDER BY id  [ RunTime:0.0010s ]
SQL: SHOW COLUMNS FROM `c_cooler` [ RunTime:0.0040s ]
SQL: SELECT * FROM `c_cooler` WHERE `cid` IN ('6','7','8','9','10','11','12','13','14','15','16','17','18','19','20','21','22')  [ RunTime:0.0000s ]

[ 2016-09-16T07:55:16+08:00 ] 127.0.0.1 /cooler/index.php/Home/Cooler/getcooler
INFO: [ app_begin ] --START--
INFO: Run Behavior\ReadHtmlCacheBehavior [ RunTime:0.000000s ]
INFO: [ app_begin ] --END-- [ RunTime:0.001000s ]
SQL: SHOW COLUMNS FROM `c_cate` [ RunTime:0.0030s ]
SQL: SELECT * FROM `c_cate` ORDER BY id  [ RunTime:0.0010s ]
SQL: SHOW COLUMNS FROM `c_cooler` [ RunTime:0.0040s ]
SQL: SELECT * FROM `c_cooler` WHERE `cid` IN ('23','24','25','26','27','28','29','30','31','32','33','34','35','36','37')  [ RunTime:0.0000s ]

[ 2016-09-16T07:55:17+08:00 ] 127.0.0.1 /cooler/index.php/Home/Cooler/getcooler
INFO: [ app_begin ] --START--
INFO: Run Behavior\ReadHtmlCacheBehavior [ RunTime:0.001000s ]
INFO: [ app_begin ] --END-- [ RunTime:0.002000s ]
SQL: SHOW COLUMNS FROM `c_cate` [ RunTime:0.0040s ]
SQL: SELECT * FROM `c_cate` ORDER BY id  [ RunTime:0.0000s ]
SQL: SHOW COLUMNS FROM `c_cooler` [ RunTime:0.0040s ]
SQL: SELECT * FROM `c_cooler` WHERE `cid` IN ('25')  [ RunTime:0.0000s ]

[ 2016-09-16T07:55:18+08:00 ] 127.0.0.1 /cooler/index.php/Home/Cooler/getcooler
INFO: [ app_begin ] --START--
INFO: Run Behavior\ReadHtmlCacheBehavior [ RunTime:0.000000s ]
INFO: [ app_begin ] --END-- [ RunTime:0.001000s ]
SQL: SHOW COLUMNS FROM `c_cate` [ RunTime:0.0040s ]
SQL: SELECT * FROM `c_cate` ORDER BY id  [ RunTime:0.0010s ]
SQL: SHOW COLUMNS FROM `c_cooler` [ RunTime:0.0030s ]
SQL: SELECT * FROM `c_cooler` WHERE `cid` IN ('23','24','25','26','27','28','29','30','31','32','33','34','35','36','37')  [ RunTime:0.0000s ]

[ 2016-09-16T07:55:26+08:00 ] 127.0.0.1 /cooler/index.php/Home/Cooler/getcooler
INFO: [ app_begin ] --START--
INFO: Run Behavior\ReadHtmlCacheBehavior [ RunTime:0.000000s ]
INFO: [ app_begin ] --END-- [ RunTime:0.002000s ]
SQL: SHOW COLUMNS FROM `c_cate` [ RunTime:0.0030s ]
SQL: SELECT * FROM `c_cate` ORDER BY id  [ RunTime:0.0000s ]
SQL: SHOW COLUMNS FROM `c_cooler` [ RunTime:0.0040s ]
SQL: SELECT * FROM `c_cooler` WHERE `cid` IN ('26')  [ RunTime:0.0000s ]

[ 2016-09-16T07:56:38+08:00 ] 127.0.0.1 /cooler/index.php/Home/Cooler/getcooler
INFO: [ app_begin ] --START--
INFO: Run Behavior\ReadHtmlCacheBehavior [ RunTime:0.001000s ]
INFO: [ app_begin ] --END-- [ RunTime:0.001000s ]
SQL: SHOW COLUMNS FROM `c_cate` [ RunTime:0.0030s ]
SQL: SELECT * FROM `c_cate` ORDER BY id  [ RunTime:0.0010s ]
SQL: SHOW COLUMNS FROM `c_cooler` [ RunTime:0.0040s ]
SQL: SELECT * FROM `c_cooler` WHERE `cid` IN ('6','7','8','9','10','11','12','13','14','15','16','17','18','19','20','21','22')  [ RunTime:0.0010s ]

[ 2016-09-16T07:56:40+08:00 ] 127.0.0.1 /cooler/index.php/Home/Cooler/getcooler
INFO: [ app_begin ] --START--
INFO: Run Behavior\ReadHtmlCacheBehavior [ RunTime:0.001000s ]
INFO: [ app_begin ] --END-- [ RunTime:0.002000s ]
SQL: SHOW COLUMNS FROM `c_cate` [ RunTime:0.0040s ]
SQL: SELECT * FROM `c_cate` ORDER BY id  [ RunTime:0.0000s ]
SQL: SHOW COLUMNS FROM `c_cooler` [ RunTime:0.0050s ]
SQL: SELECT * FROM `c_cooler` WHERE `cid` IN ('7')  [ RunTime:0.0010s ]

[ 2016-09-16T07:56:59+08:00 ] 127.0.0.1 /cooler/index.php/Home/Cooler/getcooler
INFO: [ app_begin ] --START--
INFO: Run Behavior\ReadHtmlCacheBehavior [ RunTime:0.001000s ]
INFO: [ app_begin ] --END-- [ RunTime:0.001000s ]
SQL: SHOW COLUMNS FROM `c_cate` [ RunTime:0.0030s ]
SQL: SELECT * FROM `c_cate` ORDER BY id  [ RunTime:0.0000s ]
SQL: SHOW COLUMNS FROM `c_cooler` [ RunTime:0.0030s ]
SQL: SELECT * FROM `c_cooler` WHERE `cid` IN ('6','7','8','9','10','11','12','13','14','15','16','17','18','19','20','21','22')  [ RunTime:0.0010s ]

[ 2016-09-16T08:00:36+08:00 ] 127.0.0.1 /cooler/index.php/Home/Cooler/getcooler
INFO: [ app_begin ] --START--
INFO: Run Behavior\ReadHtmlCacheBehavior [ RunTime:0.001000s ]
INFO: [ app_begin ] --END-- [ RunTime:0.002000s ]
SQL: SHOW COLUMNS FROM `c_cate` [ RunTime:0.0030s ]
SQL: SELECT * FROM `c_cate` ORDER BY id  [ RunTime:0.0000s ]
SQL: SHOW COLUMNS FROM `c_cooler` [ RunTime:0.0030s ]
SQL: SELECT * FROM `c_cooler` WHERE `cid` IN ('6','7','8','9','10','11','12','13','14','15','16','17','18','19','20','21','22')  [ RunTime:0.0000s ]

[ 2016-09-16T08:00:50+08:00 ] 127.0.0.1 /cooler/index.php/Home/Cooler/getcooler
INFO: [ app_begin ] --START--
INFO: Run Behavior\ReadHtmlCacheBehavior [ RunTime:0.000000s ]
INFO: [ app_begin ] --END-- [ RunTime:0.001000s ]
SQL: SHOW COLUMNS FROM `c_cate` [ RunTime:0.0030s ]
SQL: SELECT * FROM `c_cate` ORDER BY id  [ RunTime:0.0000s ]
SQL: SHOW COLUMNS FROM `c_cooler` [ RunTime:0.0030s ]
SQL: SELECT * FROM `c_cooler` WHERE `cid` IN ('6','7','8','9','10','11','12','13','14','15','16','17','18','19','20','21','22')  [ RunTime:0.0010s ]

