[ 2016-06-27T04:02:59+08:00 ] 127.0.0.1 /cooler/index.php/Home/Cooler/getcooler
INFO: [ app_begin ] --START--
INFO: Run Behavior\ReadHtmlCacheBehavior [ RunTime:0.001000s ]
INFO: [ app_begin ] --END-- [ RunTime:0.002000s ]
SQL: SHOW COLUMNS FROM `c_cate` [ RunTime:0.0030s ]
SQL: SELECT * FROM `c_cate` ORDER BY id  [ RunTime:0.0000s ]
SQL: SHOW COLUMNS FROM `c_cooler` [ RunTime:0.0030s ]
SQL: SELECT * FROM `c_cooler` WHERE `cid` IN ('23','24','25','26','27','28','29','30','31','32','33','34','35','36','37')  [ RunTime:0.0000s ]

[ 2016-06-27T04:03:00+08:00 ] 127.0.0.1 /cooler/index.php/Home/Cooler/getcooler
INFO: [ app_begin ] --START--
INFO: Run Behavior\ReadHtmlCacheBehavior [ RunTime:0.001000s ]
INFO: [ app_begin ] --END-- [ RunTime:0.002000s ]
SQL: SHOW COLUMNS FROM `c_cate` [ RunTime:0.0030s ]
SQL: SELECT * FROM `c_cate` ORDER BY id  [ RunTime:0.0000s ]
SQL: SHOW COLUMNS FROM `c_cooler` [ RunTime:0.0030s ]
SQL: SELECT * FROM `c_cooler` WHERE `cid` IN ('6','7','8','9','10','11','12','13','14','15','16','17','18','19','20','21','22')  [ RunTime:0.0010s ]

[ 2016-06-27T04:03:01+08:00 ] 127.0.0.1 /cooler/index.php/Home/Cooler/getcooler
INFO: [ app_begin ] --START--
INFO: Run Behavior\ReadHtmlCacheBehavior [ RunTime:0.001000s ]
INFO: [ app_begin ] --END-- [ RunTime:0.002000s ]
SQL: SHOW COLUMNS FROM `c_cate` [ RunTime:0.0030s ]
SQL: SELECT * FROM `c_cate` ORDER BY id  [ RunTime:0.0000s ]
SQL: SHOW COLUMNS FROM `c_cooler` [ RunTime:0.0020s ]
SQL: SELECT * FROM `c_cooler` WHERE `cid` IN ('15')  [ RunTime:0.0000s ]

[ 2016-06-27T04:03:03+08:00 ] 127.0.0.1 /cooler/index.php/Home/Cooler/getcooler
INFO: [ app_begin ] --START--
INFO: Run Behavior\ReadHtmlCacheBehavior [ RunTime:0.001000s ]
INFO: [ app_begin ] --END-- [ RunTime:0.002000s ]
SQL: SHOW COLUMNS FROM `c_cate` [ RunTime:0.0030s ]
SQL: SELECT * FROM `c_cate` ORDER BY id  [ RunTime:0.0010s ]
SQL: SHOW COLUMNS FROM `c_cooler` [ RunTime:0.0030s ]
SQL: SELECT * FROM `c_cooler` WHERE `cid` IN ('20')  [ RunTime:0.0000s ]

[ 2016-06-27T04:03:05+08:00 ] 127.0.0.1 /cooler/index.php/Home/Cooler/getcooler
INFO: [ app_begin ] --START--
INFO: Run Behavior\ReadHtmlCacheBehavior [ RunTime:0.001000s ]
INFO: [ app_begin ] --END-- [ RunTime:0.002000s ]
SQL: SHOW COLUMNS FROM `c_cate` [ RunTime:0.0040s ]
SQL: SELECT * FROM `c_cate` ORDER BY id  [ RunTime:0.0000s ]
SQL: SHOW COLUMNS FROM `c_cooler` [ RunTime:0.0030s ]
SQL: SELECT * FROM `c_cooler` WHERE `cid` IN ('17')  [ RunTime:0.0000s ]

[ 2016-06-27T04:03:06+08:00 ] 127.0.0.1 /cooler/index.php/Home/Cooler/getcooler
INFO: [ app_begin ] --START--
INFO: Run Behavior\ReadHtmlCacheBehavior [ RunTime:0.001000s ]
INFO: [ app_begin ] --END-- [ RunTime:0.002000s ]
SQL: SHOW COLUMNS FROM `c_cate` [ RunTime:0.0030s ]
SQL: SELECT * FROM `c_cate` ORDER BY id  [ RunTime:0.0000s ]
SQL: SHOW COLUMNS FROM `c_cooler` [ RunTime:0.0020s ]
SQL: SELECT * FROM `c_cooler` WHERE `cid` IN ('18')  [ RunTime:0.0000s ]

[ 2016-06-27T04:03:06+08:00 ] 127.0.0.1 /cooler/index.php/Home/Cooler/getcooler
INFO: [ app_begin ] --START--
INFO: Run Behavior\ReadHtmlCacheBehavior [ RunTime:0.001000s ]
INFO: [ app_begin ] --END-- [ RunTime:0.001000s ]
SQL: SHOW COLUMNS FROM `c_cate` [ RunTime:0.0020s ]
SQL: SELECT * FROM `c_cate` ORDER BY id  [ RunTime:0.0000s ]
SQL: SHOW COLUMNS FROM `c_cooler` [ RunTime:0.0020s ]
SQL: SELECT * FROM `c_cooler` WHERE `cid` IN ('21')  [ RunTime:0.0000s ]

[ 2016-06-27T04:03:10+08:00 ] 127.0.0.1 /cooler/index.php/Home/Cooler/getcooler
INFO: [ app_begin ] --START--
INFO: Run Behavior\ReadHtmlCacheBehavior [ RunTime:0.001000s ]
INFO: [ app_begin ] --END-- [ RunTime:0.001000s ]
SQL: SHOW COLUMNS FROM `c_cate` [ RunTime:0.0030s ]
SQL: SELECT * FROM `c_cate` ORDER BY id  [ RunTime:0.0010s ]
SQL: SHOW COLUMNS FROM `c_cooler` [ RunTime:0.0030s ]
SQL: SELECT * FROM `c_cooler` WHERE `cid` IN ('6','7','8','9','10','11','12','13','14','15','16','17','18','19','20','21','22')  [ RunTime:0.0000s ]

[ 2016-06-27T04:03:12+08:00 ] 127.0.0.1 /cooler/index.php/Home/Cooler/getcooler
INFO: [ app_begin ] --START--
INFO: Run Behavior\ReadHtmlCacheBehavior [ RunTime:0.000000s ]
INFO: [ app_begin ] --END-- [ RunTime:0.001000s ]
SQL: SHOW COLUMNS FROM `c_cate` [ RunTime:0.0020s ]
SQL: SELECT * FROM `c_cate` ORDER BY id  [ RunTime:0.0000s ]
SQL: SHOW COLUMNS FROM `c_cooler` [ RunTime:0.0030s ]
SQL: SELECT * FROM `c_cooler` WHERE `cid` IN ('23','24','25','26','27','28','29','30','31','32','33','34','35','36','37')  [ RunTime:0.0000s ]

[ 2016-06-27T04:03:13+08:00 ] 127.0.0.1 /cooler/index.php/Home/Cooler/getcooler
INFO: [ app_begin ] --START--
INFO: Run Behavior\ReadHtmlCacheBehavior [ RunTime:0.001000s ]
INFO: [ app_begin ] --END-- [ RunTime:0.002000s ]
SQL: SHOW COLUMNS FROM `c_cate` [ RunTime:0.0030s ]
SQL: SELECT * FROM `c_cate` ORDER BY id  [ RunTime:0.0000s ]
SQL: SHOW COLUMNS FROM `c_cooler` [ RunTime:0.0030s ]
SQL: SELECT * FROM `c_cooler` WHERE `cid` IN ('39')  [ RunTime:0.0000s ]

[ 2016-06-27T04:03:14+08:00 ] 127.0.0.1 /cooler/index.php/Home/Cooler/getcooler
INFO: [ app_begin ] --START--
INFO: Run Behavior\ReadHtmlCacheBehavior [ RunTime:0.001000s ]
INFO: [ app_begin ] --END-- [ RunTime:0.002000s ]
SQL: SHOW COLUMNS FROM `c_cate` [ RunTime:0.0020s ]
SQL: SELECT * FROM `c_cate` ORDER BY id  [ RunTime:0.0000s ]
SQL: SHOW COLUMNS FROM `c_cooler` [ RunTime:0.0020s ]
SQL: SELECT * FROM `c_cooler` WHERE `cid` IN ('6','7','8','9','10','11','12','13','14','15','16','17','18','19','20','21','22')  [ RunTime:0.0000s ]

[ 2016-06-27T04:03:14+08:00 ] 127.0.0.1 /cooler/index.php/Home/Cooler/getcooler
INFO: [ app_begin ] --START--
INFO: Run Behavior\ReadHtmlCacheBehavior [ RunTime:0.001000s ]
INFO: [ app_begin ] --END-- [ RunTime:0.001000s ]
SQL: SHOW COLUMNS FROM `c_cate` [ RunTime:0.0020s ]
SQL: SELECT * FROM `c_cate` ORDER BY id  [ RunTime:0.0010s ]
SQL: SHOW COLUMNS FROM `c_cooler` [ RunTime:0.0030s ]
SQL: SELECT * FROM `c_cooler` WHERE `cid` IN ('7')  [ RunTime:0.0010s ]

[ 2016-06-27T04:03:16+08:00 ] 127.0.0.1 /cooler/index.php/Home/Cooler/getcooler
INFO: [ app_begin ] --START--
INFO: Run Behavior\ReadHtmlCacheBehavior [ RunTime:0.002000s ]
INFO: [ app_begin ] --END-- [ RunTime:0.003000s ]
SQL: SHOW COLUMNS FROM `c_cate` [ RunTime:0.0030s ]
SQL: SELECT * FROM `c_cate` ORDER BY id  [ RunTime:0.0000s ]
SQL: SHOW COLUMNS FROM `c_cooler` [ RunTime:0.0020s ]
SQL: SELECT * FROM `c_cooler` WHERE `cid` IN ('13')  [ RunTime:0.0010s ]

[ 2016-06-27T04:03:16+08:00 ] 127.0.0.1 /cooler/index.php/Home/Cooler/getcooler
INFO: [ app_begin ] --START--
INFO: Run Behavior\ReadHtmlCacheBehavior [ RunTime:0.001000s ]
INFO: [ app_begin ] --END-- [ RunTime:0.002000s ]
SQL: SHOW COLUMNS FROM `c_cate` [ RunTime:0.0020s ]
SQL: SELECT * FROM `c_cate` ORDER BY id  [ RunTime:0.0000s ]
SQL: SHOW COLUMNS FROM `c_cooler` [ RunTime:0.0020s ]
SQL: SELECT * FROM `c_cooler` WHERE `cid` IN ('15')  [ RunTime:0.0000s ]

[ 2016-06-27T04:03:41+08:00 ] 127.0.0.1 /cooler/index.php/Home/Cooler/getcooler
INFO: [ app_begin ] --START--
INFO: Run Behavior\ReadHtmlCacheBehavior [ RunTime:0.001000s ]
INFO: [ app_begin ] --END-- [ RunTime:0.002000s ]
SQL: SHOW COLUMNS FROM `c_cate` [ RunTime:0.0030s ]
SQL: SELECT * FROM `c_cate` ORDER BY id  [ RunTime:0.0000s ]
SQL: SHOW COLUMNS FROM `c_cooler` [ RunTime:0.0030s ]
SQL: SELECT * FROM `c_cooler` WHERE `cid` IN ('6','7','8','9','10','11','12','13','14','15','16','17','18','19','20','21','22')  [ RunTime:0.0000s ]

[ 2016-06-27T04:03:56+08:00 ] 127.0.0.1 /cooler/index.php/Home/Cooler/getcooler
INFO: [ app_begin ] --START--
INFO: Run Behavior\ReadHtmlCacheBehavior [ RunTime:0.001000s ]
INFO: [ app_begin ] --END-- [ RunTime:0.001000s ]
SQL: SHOW COLUMNS FROM `c_cate` [ RunTime:0.0030s ]
SQL: SELECT * FROM `c_cate` ORDER BY id  [ RunTime:0.0000s ]
SQL: SHOW COLUMNS FROM `c_cooler` [ RunTime:0.0020s ]
SQL: SELECT * FROM `c_cooler` WHERE `cid` IN ('39')  [ RunTime:0.0010s ]

[ 2016-06-27T04:03:56+08:00 ] 127.0.0.1 /cooler/index.php/Home/Cooler/getcooler
INFO: [ app_begin ] --START--
INFO: Run Behavior\ReadHtmlCacheBehavior [ RunTime:0.001000s ]
INFO: [ app_begin ] --END-- [ RunTime:0.001000s ]
SQL: SHOW COLUMNS FROM `c_cate` [ RunTime:0.0030s ]
SQL: SELECT * FROM `c_cate` ORDER BY id  [ RunTime:0.0000s ]
SQL: SHOW COLUMNS FROM `c_cooler` [ RunTime:0.0020s ]
SQL: SELECT * FROM `c_cooler` WHERE `cid` IN ('23','24','25','26','27','28','29','30','31','32','33','34','35','36','37')  [ RunTime:0.0000s ]

[ 2016-06-27T04:03:57+08:00 ] 127.0.0.1 /cooler/index.php/Home/Cooler/getcooler
INFO: [ app_begin ] --START--
INFO: Run Behavior\ReadHtmlCacheBehavior [ RunTime:0.001000s ]
INFO: [ app_begin ] --END-- [ RunTime:0.001000s ]
SQL: SHOW COLUMNS FROM `c_cate` [ RunTime:0.0040s ]
SQL: SELECT * FROM `c_cate` ORDER BY id  [ RunTime:0.0000s ]
SQL: SHOW COLUMNS FROM `c_cooler` [ RunTime:0.0030s ]
SQL: SELECT * FROM `c_cooler` WHERE `cid` IN ('24')  [ RunTime:0.0000s ]

[ 2016-06-27T04:03:58+08:00 ] 127.0.0.1 /cooler/index.php/Home/Cooler/getcooler
INFO: [ app_begin ] --START--
INFO: Run Behavior\ReadHtmlCacheBehavior [ RunTime:0.001000s ]
INFO: [ app_begin ] --END-- [ RunTime:0.002000s ]
SQL: SHOW COLUMNS FROM `c_cate` [ RunTime:0.0020s ]
SQL: SELECT * FROM `c_cate` ORDER BY id  [ RunTime:0.0000s ]
SQL: SHOW COLUMNS FROM `c_cooler` [ RunTime:0.0030s ]
SQL: SELECT * FROM `c_cooler` WHERE `cid` IN ('33')  [ RunTime:0.0000s ]

[ 2016-06-27T04:03:59+08:00 ] 127.0.0.1 /cooler/index.php/Home/Cooler/getcooler
INFO: [ app_begin ] --START--
INFO: Run Behavior\ReadHtmlCacheBehavior [ RunTime:0.001000s ]
INFO: [ app_begin ] --END-- [ RunTime:0.001000s ]
SQL: SHOW COLUMNS FROM `c_cate` [ RunTime:0.0030s ]
SQL: SELECT * FROM `c_cate` ORDER BY id  [ RunTime:0.0010s ]
SQL: SHOW COLUMNS FROM `c_cooler` [ RunTime:0.0020s ]
SQL: SELECT * FROM `c_cooler` WHERE `cid` IN ('33')  [ RunTime:0.0010s ]

[ 2016-06-27T04:04:00+08:00 ] 127.0.0.1 /cooler/index.php/Home/Cooler/getcooler
INFO: [ app_begin ] --START--
INFO: Run Behavior\ReadHtmlCacheBehavior [ RunTime:0.001000s ]
INFO: [ app_begin ] --END-- [ RunTime:0.001000s ]
SQL: SHOW COLUMNS FROM `c_cate` [ RunTime:0.0020s ]
SQL: SELECT * FROM `c_cate` ORDER BY id  [ RunTime:0.0010s ]
SQL: SHOW COLUMNS FROM `c_cooler` [ RunTime:0.0030s ]
SQL: SELECT * FROM `c_cooler` WHERE `cid` IN ('6','7','8','9','10','11','12','13','14','15','16','17','18','19','20','21','22')  [ RunTime:0.0000s ]

[ 2016-06-27T04:04:22+08:00 ] 127.0.0.1 /cooler/index.php/Home/Cooler/getcooler
INFO: [ app_begin ] --START--
INFO: Run Behavior\ReadHtmlCacheBehavior [ RunTime:0.001000s ]
INFO: [ app_begin ] --END-- [ RunTime:0.002000s ]
SQL: SHOW COLUMNS FROM `c_cate` [ RunTime:0.0030s ]
SQL: SELECT * FROM `c_cate` ORDER BY id  [ RunTime:0.0000s ]
SQL: SHOW COLUMNS FROM `c_cooler` [ RunTime:0.0030s ]
SQL: SELECT * FROM `c_cooler` WHERE `cid` IN ('6','7','8','9','10','11','12','13','14','15','16','17','18','19','20','21','22')  [ RunTime:0.0010s ]

[ 2016-06-27T04:04:23+08:00 ] 127.0.0.1 /cooler/index.php/Home/Cooler/getcooler
INFO: [ app_begin ] --START--
INFO: Run Behavior\ReadHtmlCacheBehavior [ RunTime:0.001000s ]
INFO: [ app_begin ] --END-- [ RunTime:0.001000s ]
SQL: SHOW COLUMNS FROM `c_cate` [ RunTime:0.0040s ]
SQL: SELECT * FROM `c_cate` ORDER BY id  [ RunTime:0.0000s ]
SQL: SHOW COLUMNS FROM `c_cooler` [ RunTime:0.0030s ]
SQL: SELECT * FROM `c_cooler` WHERE `cid` IN ('7')  [ RunTime:0.0000s ]

[ 2016-06-27T04:04:25+08:00 ] 127.0.0.1 /cooler/index.php/Home/Cooler/getcooler
INFO: [ app_begin ] --START--
INFO: Run Behavior\ReadHtmlCacheBehavior [ RunTime:0.001000s ]
INFO: [ app_begin ] --END-- [ RunTime:0.001000s ]
SQL: SHOW COLUMNS FROM `c_cate` [ RunTime:0.0030s ]
SQL: SELECT * FROM `c_cate` ORDER BY id  [ RunTime:0.0010s ]
SQL: SHOW COLUMNS FROM `c_cooler` [ RunTime:0.0020s ]
SQL: SELECT * FROM `c_cooler` WHERE `cid` IN ('23','24','25','26','27','28','29','30','31','32','33','34','35','36','37')  [ RunTime:0.0000s ]

[ 2016-06-27T04:04:26+08:00 ] 127.0.0.1 /cooler/index.php/Home/Cooler/getcooler
INFO: [ app_begin ] --START--
INFO: Run Behavior\ReadHtmlCacheBehavior [ RunTime:0.001000s ]
INFO: [ app_begin ] --END-- [ RunTime:0.001000s ]
SQL: SHOW COLUMNS FROM `c_cate` [ RunTime:0.0040s ]
SQL: SELECT * FROM `c_cate` ORDER BY id  [ RunTime:0.0000s ]
SQL: SHOW COLUMNS FROM `c_cooler` [ RunTime:0.0030s ]
SQL: SELECT * FROM `c_cooler` WHERE `cid` IN ('24')  [ RunTime:0.0000s ]

[ 2016-06-27T04:04:28+08:00 ] 127.0.0.1 /cooler/index.php/Home/Cooler/getcooler
INFO: [ app_begin ] --START--
INFO: Run Behavior\ReadHtmlCacheBehavior [ RunTime:0.000000s ]
INFO: [ app_begin ] --END-- [ RunTime:0.001000s ]
SQL: SHOW COLUMNS FROM `c_cate` [ RunTime:0.0030s ]
SQL: SELECT * FROM `c_cate` ORDER BY id  [ RunTime:0.0010s ]
SQL: SHOW COLUMNS FROM `c_cooler` [ RunTime:0.0030s ]
SQL: SELECT * FROM `c_cooler` WHERE `cid` IN ('33')  [ RunTime:0.0000s ]

[ 2016-06-27T04:04:28+08:00 ] 127.0.0.1 /cooler/index.php/Home/Cooler/getcooler
INFO: [ app_begin ] --START--
INFO: Run Behavior\ReadHtmlCacheBehavior [ RunTime:0.001000s ]
INFO: [ app_begin ] --END-- [ RunTime:0.001000s ]
SQL: SHOW COLUMNS FROM `c_cate` [ RunTime:0.0030s ]
SQL: SELECT * FROM `c_cate` ORDER BY id  [ RunTime:0.0010s ]
SQL: SHOW COLUMNS FROM `c_cooler` [ RunTime:0.0030s ]
SQL: SELECT * FROM `c_cooler` WHERE `cid` IN ('34')  [ RunTime:0.0010s ]

[ 2016-06-27T04:04:29+08:00 ] 127.0.0.1 /cooler/index.php/Home/Cooler/getcooler
INFO: [ app_begin ] --START--
INFO: Run Behavior\ReadHtmlCacheBehavior [ RunTime:0.001000s ]
INFO: [ app_begin ] --END-- [ RunTime:0.001000s ]
SQL: SHOW COLUMNS FROM `c_cate` [ RunTime:0.0030s ]
SQL: SELECT * FROM `c_cate` ORDER BY id  [ RunTime:0.0000s ]
SQL: SHOW COLUMNS FROM `c_cooler` [ RunTime:0.0020s ]
SQL: SELECT * FROM `c_cooler` WHERE `cid` IN ('30')  [ RunTime:0.0000s ]

[ 2016-06-27T04:04:30+08:00 ] 127.0.0.1 /cooler/index.php/Home/Cooler/getcooler
INFO: [ app_begin ] --START--
INFO: Run Behavior\ReadHtmlCacheBehavior [ RunTime:0.001000s ]
INFO: [ app_begin ] --END-- [ RunTime:0.001000s ]
SQL: SHOW COLUMNS FROM `c_cate` [ RunTime:0.0030s ]
SQL: SELECT * FROM `c_cate` ORDER BY id  [ RunTime:0.0000s ]
SQL: SHOW COLUMNS FROM `c_cooler` [ RunTime:0.0030s ]
SQL: SELECT * FROM `c_cooler` WHERE `cid` IN ('29')  [ RunTime:0.0000s ]

[ 2016-06-27T04:04:31+08:00 ] 127.0.0.1 /cooler/index.php/Home/Cooler/getcooler
INFO: [ app_begin ] --START--
INFO: Run Behavior\ReadHtmlCacheBehavior [ RunTime:0.000000s ]
INFO: [ app_begin ] --END-- [ RunTime:0.001000s ]
SQL: SHOW COLUMNS FROM `c_cate` [ RunTime:0.0030s ]
SQL: SELECT * FROM `c_cate` ORDER BY id  [ RunTime:0.0000s ]
SQL: SHOW COLUMNS FROM `c_cooler` [ RunTime:0.0020s ]
SQL: SELECT * FROM `c_cooler` WHERE `cid` IN ('6','7','8','9','10','11','12','13','14','15','16','17','18','19','20','21','22')  [ RunTime:0.0010s ]

[ 2016-06-27T04:04:32+08:00 ] 127.0.0.1 /cooler/index.php/Home/Cooler/getcooler
INFO: [ app_begin ] --START--
INFO: Run Behavior\ReadHtmlCacheBehavior [ RunTime:0.000000s ]
INFO: [ app_begin ] --END-- [ RunTime:0.001000s ]
SQL: SHOW COLUMNS FROM `c_cate` [ RunTime:0.0020s ]
SQL: SELECT * FROM `c_cate` ORDER BY id  [ RunTime:0.0000s ]
SQL: SHOW COLUMNS FROM `c_cooler` [ RunTime:0.0030s ]
SQL: SELECT * FROM `c_cooler` WHERE `cid` IN ('15')  [ RunTime:0.0000s ]

[ 2016-06-27T04:04:35+08:00 ] 127.0.0.1 /cooler/index.php/Home/Cooler/getcooler
INFO: [ app_begin ] --START--
INFO: Run Behavior\ReadHtmlCacheBehavior [ RunTime:0.000000s ]
INFO: [ app_begin ] --END-- [ RunTime:0.001000s ]
SQL: SHOW COLUMNS FROM `c_cate` [ RunTime:0.0030s ]
SQL: SELECT * FROM `c_cate` ORDER BY id  [ RunTime:0.0010s ]
SQL: SHOW COLUMNS FROM `c_cooler` [ RunTime:0.0030s ]
SQL: SELECT * FROM `c_cooler` WHERE `cid` IN ('22')  [ RunTime:0.0000s ]

[ 2016-06-27T04:04:36+08:00 ] 127.0.0.1 /cooler/index.php/Home/Cooler/getcooler
INFO: [ app_begin ] --START--
INFO: Run Behavior\ReadHtmlCacheBehavior [ RunTime:0.001000s ]
INFO: [ app_begin ] --END-- [ RunTime:0.001000s ]
SQL: SHOW COLUMNS FROM `c_cate` [ RunTime:0.0030s ]
SQL: SELECT * FROM `c_cate` ORDER BY id  [ RunTime:0.0010s ]
SQL: SHOW COLUMNS FROM `c_cooler` [ RunTime:0.0030s ]
SQL: SELECT * FROM `c_cooler` WHERE `cid` IN ('21')  [ RunTime:0.0010s ]

[ 2016-06-27T04:04:36+08:00 ] 127.0.0.1 /cooler/index.php/Home/Cooler/getcooler
INFO: [ app_begin ] --START--
INFO: Run Behavior\ReadHtmlCacheBehavior [ RunTime:0.000000s ]
INFO: [ app_begin ] --END-- [ RunTime:0.001000s ]
SQL: SHOW COLUMNS FROM `c_cate` [ RunTime:0.0030s ]
SQL: SELECT * FROM `c_cate` ORDER BY id  [ RunTime:0.0000s ]
SQL: SHOW COLUMNS FROM `c_cooler` [ RunTime:0.0030s ]
SQL: SELECT * FROM `c_cooler` WHERE `cid` IN ('22')  [ RunTime:0.0010s ]

[ 2016-06-27T04:07:12+08:00 ] 127.0.0.1 /cooler/index.php/Home/Cooler/getcooler
INFO: [ app_begin ] --START--
INFO: Run Behavior\ReadHtmlCacheBehavior [ RunTime:0.001000s ]
INFO: [ app_begin ] --END-- [ RunTime:0.001000s ]
SQL: SHOW COLUMNS FROM `c_cate` [ RunTime:0.0030s ]
SQL: SELECT * FROM `c_cate` ORDER BY id  [ RunTime:0.0000s ]
SQL: SHOW COLUMNS FROM `c_cooler` [ RunTime:0.0040s ]
SQL: SELECT * FROM `c_cooler` WHERE `cid` IN ('6','7','8','9','10','11','12','13','14','15','16','17','18','19','20','21','22')  [ RunTime:0.0000s ]

[ 2016-06-27T04:07:13+08:00 ] 127.0.0.1 /cooler/index.php/Home/Cooler/getcooler
INFO: [ app_begin ] --START--
INFO: Run Behavior\ReadHtmlCacheBehavior [ RunTime:0.000000s ]
INFO: [ app_begin ] --END-- [ RunTime:0.002000s ]
SQL: SHOW COLUMNS FROM `c_cate` [ RunTime:0.0030s ]
SQL: SELECT * FROM `c_cate` ORDER BY id  [ RunTime:0.0000s ]
SQL: SHOW COLUMNS FROM `c_cooler` [ RunTime:0.0020s ]
SQL: SELECT * FROM `c_cooler` WHERE `cid` IN ('39')  [ RunTime:0.0000s ]

[ 2016-06-27T04:07:14+08:00 ] 127.0.0.1 /cooler/index.php/Home/Cooler/getcooler
INFO: [ app_begin ] --START--
INFO: Run Behavior\ReadHtmlCacheBehavior [ RunTime:0.001000s ]
INFO: [ app_begin ] --END-- [ RunTime:0.002000s ]
SQL: SHOW COLUMNS FROM `c_cate` [ RunTime:0.0020s ]
SQL: SELECT * FROM `c_cate` ORDER BY id  [ RunTime:0.0010s ]
SQL: SHOW COLUMNS FROM `c_cooler` [ RunTime:0.0020s ]
SQL: SELECT * FROM `c_cooler` WHERE `cid` IN ('6','7','8','9','10','11','12','13','14','15','16','17','18','19','20','21','22')  [ RunTime:0.0000s ]

[ 2016-06-27T04:07:35+08:00 ] 127.0.0.1 /cooler/index.php/Home/Cooler/getcooler
INFO: [ app_begin ] --START--
INFO: Run Behavior\ReadHtmlCacheBehavior [ RunTime:0.001000s ]
INFO: [ app_begin ] --END-- [ RunTime:0.002000s ]
SQL: SHOW COLUMNS FROM `c_cate` [ RunTime:0.0020s ]
SQL: SELECT * FROM `c_cate` ORDER BY id  [ RunTime:0.0010s ]
SQL: SHOW COLUMNS FROM `c_cooler` [ RunTime:0.0020s ]
SQL: SELECT * FROM `c_cooler` WHERE `cid` IN ('6','7','8','9','10','11','12','13','14','15','16','17','18','19','20','21','22')  [ RunTime:0.0000s ]

[ 2016-06-27T04:07:35+08:00 ] 127.0.0.1 /cooler/index.php/Home/Cooler/getcooler
INFO: [ app_begin ] --START--
INFO: Run Behavior\ReadHtmlCacheBehavior [ RunTime:0.001000s ]
INFO: [ app_begin ] --END-- [ RunTime:0.002000s ]
SQL: SHOW COLUMNS FROM `c_cate` [ RunTime:0.0040s ]
SQL: SELECT * FROM `c_cate` ORDER BY id  [ RunTime:0.0000s ]
SQL: SHOW COLUMNS FROM `c_cooler` [ RunTime:0.0040s ]
SQL: SELECT * FROM `c_cooler` WHERE `cid` IN ('7')  [ RunTime:0.0000s ]

[ 2016-06-27T04:08:58+08:00 ] 127.0.0.1 /cooler/index.php/Home/Cooler/getcooler
INFO: [ app_begin ] --START--
INFO: Run Behavior\ReadHtmlCacheBehavior [ RunTime:0.001000s ]
INFO: [ app_begin ] --END-- [ RunTime:0.002000s ]
SQL: SHOW COLUMNS FROM `c_cate` [ RunTime:0.0030s ]
SQL: SELECT * FROM `c_cate` ORDER BY id  [ RunTime:0.0010s ]
SQL: SHOW COLUMNS FROM `c_cooler` [ RunTime:0.0040s ]
SQL: SELECT * FROM `c_cooler` WHERE `cid` IN ('7')  [ RunTime:0.0000s ]

[ 2016-06-27T04:08:59+08:00 ] 127.0.0.1 /cooler/index.php/Home/Cooler/getcooler
INFO: [ app_begin ] --START--
INFO: Run Behavior\ReadHtmlCacheBehavior [ RunTime:0.001000s ]
INFO: [ app_begin ] --END-- [ RunTime:0.001000s ]
SQL: SHOW COLUMNS FROM `c_cate` [ RunTime:0.0040s ]
SQL: SELECT * FROM `c_cate` ORDER BY id  [ RunTime:0.0000s ]
SQL: SHOW COLUMNS FROM `c_cooler` [ RunTime:0.0030s ]
SQL: SELECT * FROM `c_cooler` WHERE `cid` IN ('7')  [ RunTime:0.0000s ]

[ 2016-06-27T04:09:00+08:00 ] 127.0.0.1 /cooler/index.php/Home/Cooler/getcooler
INFO: [ app_begin ] --START--
INFO: Run Behavior\ReadHtmlCacheBehavior [ RunTime:0.001000s ]
INFO: [ app_begin ] --END-- [ RunTime:0.001000s ]
SQL: SHOW COLUMNS FROM `c_cate` [ RunTime:0.0030s ]
SQL: SELECT * FROM `c_cate` ORDER BY id  [ RunTime:0.0000s ]
SQL: SHOW COLUMNS FROM `c_cooler` [ RunTime:0.0030s ]
SQL: SELECT * FROM `c_cooler` WHERE `cid` IN ('7')  [ RunTime:0.0000s ]

[ 2016-06-27T04:09:01+08:00 ] 127.0.0.1 /cooler/index.php/Home/Cooler/getcooler
INFO: [ app_begin ] --START--
INFO: Run Behavior\ReadHtmlCacheBehavior [ RunTime:0.001000s ]
INFO: [ app_begin ] --END-- [ RunTime:0.001000s ]
SQL: SHOW COLUMNS FROM `c_cate` [ RunTime:0.0040s ]
SQL: SELECT * FROM `c_cate` ORDER BY id  [ RunTime:0.0000s ]
SQL: SHOW COLUMNS FROM `c_cooler` [ RunTime:0.0030s ]
SQL: SELECT * FROM `c_cooler` WHERE `cid` IN ('6','7','8','9','10','11','12','13','14','15','16','17','18','19','20','21','22')  [ RunTime:0.0000s ]

[ 2016-06-27T04:09:02+08:00 ] 127.0.0.1 /cooler/index.php/Home/Cooler/getcooler
INFO: [ app_begin ] --START--
INFO: Run Behavior\ReadHtmlCacheBehavior [ RunTime:0.000000s ]
INFO: [ app_begin ] --END-- [ RunTime:0.001000s ]
SQL: SHOW COLUMNS FROM `c_cate` [ RunTime:0.0030s ]
SQL: SELECT * FROM `c_cate` ORDER BY id  [ RunTime:0.0010s ]
SQL: SHOW COLUMNS FROM `c_cooler` [ RunTime:0.0020s ]
SQL: SELECT * FROM `c_cooler` WHERE `cid` IN ('7')  [ RunTime:0.0010s ]

[ 2016-06-27T04:09:04+08:00 ] 127.0.0.1 /cooler/index.php/Home/Cooler/getcooler
INFO: [ app_begin ] --START--
INFO: Run Behavior\ReadHtmlCacheBehavior [ RunTime:0.001000s ]
INFO: [ app_begin ] --END-- [ RunTime:0.002000s ]
SQL: SHOW COLUMNS FROM `c_cate` [ RunTime:0.0020s ]
SQL: SELECT * FROM `c_cate` ORDER BY id  [ RunTime:0.0000s ]
SQL: SHOW COLUMNS FROM `c_cooler` [ RunTime:0.0020s ]
SQL: SELECT * FROM `c_cooler` WHERE `cid` IN ('6','7','8','9','10','11','12','13','14','15','16','17','18','19','20','21','22')  [ RunTime:0.0000s ]

[ 2016-06-27T04:09:05+08:00 ] 127.0.0.1 /cooler/index.php/Home/Cooler/getcooler
INFO: [ app_begin ] --START--
INFO: Run Behavior\ReadHtmlCacheBehavior [ RunTime:0.001000s ]
INFO: [ app_begin ] --END-- [ RunTime:0.001000s ]
SQL: SHOW COLUMNS FROM `c_cate` [ RunTime:0.0020s ]
SQL: SELECT * FROM `c_cate` ORDER BY id  [ RunTime:0.0000s ]
SQL: SHOW COLUMNS FROM `c_cooler` [ RunTime:0.0020s ]
SQL: SELECT * FROM `c_cooler` WHERE `cid` IN ('23','24','25','26','27','28','29','30','31','32','33','34','35','36','37')  [ RunTime:0.0000s ]

[ 2016-06-27T04:09:07+08:00 ] 127.0.0.1 /cooler/index.php/Home/Cooler/getcooler
INFO: [ app_begin ] --START--
INFO: Run Behavior\ReadHtmlCacheBehavior [ RunTime:0.000000s ]
INFO: [ app_begin ] --END-- [ RunTime:0.000000s ]
SQL: SHOW COLUMNS FROM `c_cate` [ RunTime:0.0030s ]
SQL: SELECT * FROM `c_cate` ORDER BY id  [ RunTime:0.0000s ]
SQL: SHOW COLUMNS FROM `c_cooler` [ RunTime:0.0020s ]
SQL: SELECT * FROM `c_cooler` WHERE `cid` IN ('24')  [ RunTime:0.0000s ]

[ 2016-06-27T04:09:09+08:00 ] 127.0.0.1 /cooler/index.php/Home/Cooler/getcooler
INFO: [ app_begin ] --START--
INFO: Run Behavior\ReadHtmlCacheBehavior [ RunTime:0.001000s ]
INFO: [ app_begin ] --END-- [ RunTime:0.001000s ]
SQL: SHOW COLUMNS FROM `c_cate` [ RunTime:0.0030s ]
SQL: SELECT * FROM `c_cate` ORDER BY id  [ RunTime:0.0000s ]
SQL: SHOW COLUMNS FROM `c_cooler` [ RunTime:0.0030s ]
SQL: SELECT * FROM `c_cooler` WHERE `cid` IN ('25')  [ RunTime:0.0000s ]

[ 2016-06-27T04:09:10+08:00 ] 127.0.0.1 /cooler/index.php/Home/Cooler/getcooler
INFO: [ app_begin ] --START--
INFO: Run Behavior\ReadHtmlCacheBehavior [ RunTime:0.000000s ]
INFO: [ app_begin ] --END-- [ RunTime:0.001000s ]
SQL: SHOW COLUMNS FROM `c_cate` [ RunTime:0.0020s ]
SQL: SELECT * FROM `c_cate` ORDER BY id  [ RunTime:0.0010s ]
SQL: SHOW COLUMNS FROM `c_cooler` [ RunTime:0.0020s ]
SQL: SELECT * FROM `c_cooler` WHERE `cid` IN ('24')  [ RunTime:0.0010s ]

[ 2016-06-27T04:09:11+08:00 ] 127.0.0.1 /cooler/index.php/Home/Cooler/getcooler
INFO: [ app_begin ] --START--
INFO: Run Behavior\ReadHtmlCacheBehavior [ RunTime:0.001000s ]
INFO: [ app_begin ] --END-- [ RunTime:0.001000s ]
SQL: SHOW COLUMNS FROM `c_cate` [ RunTime:0.0030s ]
SQL: SELECT * FROM `c_cate` ORDER BY id  [ RunTime:0.0000s ]
SQL: SHOW COLUMNS FROM `c_cooler` [ RunTime:0.0040s ]
SQL: SELECT * FROM `c_cooler` WHERE `cid` IN ('6','7','8','9','10','11','12','13','14','15','16','17','18','19','20','21','22')  [ RunTime:0.0000s ]

[ 2016-06-27T04:09:12+08:00 ] 127.0.0.1 /cooler/index.php/Home/Cooler/getcooler
INFO: [ app_begin ] --START--
INFO: Run Behavior\ReadHtmlCacheBehavior [ RunTime:0.001000s ]
INFO: [ app_begin ] --END-- [ RunTime:0.002000s ]
SQL: SHOW COLUMNS FROM `c_cate` [ RunTime:0.0030s ]
SQL: SELECT * FROM `c_cate` ORDER BY id  [ RunTime:0.0000s ]
SQL: SHOW COLUMNS FROM `c_cooler` [ RunTime:0.0030s ]
SQL: SELECT * FROM `c_cooler` WHERE `cid` IN ('7')  [ RunTime:0.0000s ]

[ 2016-06-27T04:09:14+08:00 ] 127.0.0.1 /cooler/index.php/Home/Cooler/getcooler
INFO: [ app_begin ] --START--
INFO: Run Behavior\ReadHtmlCacheBehavior [ RunTime:0.001000s ]
INFO: [ app_begin ] --END-- [ RunTime:0.001000s ]
SQL: SHOW COLUMNS FROM `c_cate` [ RunTime:0.0030s ]
SQL: SELECT * FROM `c_cate` ORDER BY id  [ RunTime:0.0010s ]
SQL: SHOW COLUMNS FROM `c_cooler` [ RunTime:0.0030s ]
SQL: SELECT * FROM `c_cooler` WHERE `cid` IN ('8')  [ RunTime:0.0000s ]

