[ 2016-09-13T22:42:56+08:00 ] 127.0.0.1 /cooler/index.php/Home/Cooler/getcooler
INFO: [ app_begin ] --START--
INFO: Run Behavior\ReadHtmlCacheBehavior [ RunTime:0.000000s ]
INFO: [ app_begin ] --END-- [ RunTime:0.001000s ]
SQL: SHOW COLUMNS FROM `c_cate` [ RunTime:0.0030s ]
SQL: SELECT * FROM `c_cate` ORDER BY id  [ RunTime:0.0000s ]
SQL: SHOW COLUMNS FROM `c_cooler` [ RunTime:0.0040s ]
SQL: SELECT * FROM `c_cooler` WHERE `cid` IN ('6','7','8','9','10','11','12','13','14','15','16','17','18','19','20','21','22')  [ RunTime:0.0000s ]

[ 2016-09-13T22:43:24+08:00 ] 127.0.0.1 /cooler/index.php/Home/Cooler/getcooler
INFO: [ app_begin ] --START--
INFO: Run Behavior\ReadHtmlCacheBehavior [ RunTime:0.001000s ]
INFO: [ app_begin ] --END-- [ RunTime:0.001000s ]
SQL: SHOW COLUMNS FROM `c_cate` [ RunTime:0.0040s ]
SQL: SELECT * FROM `c_cate` ORDER BY id  [ RunTime:0.0010s ]
SQL: SHOW COLUMNS FROM `c_cooler` [ RunTime:0.0030s ]
SQL: SELECT * FROM `c_cooler` WHERE `cid` IN ('6','7','8','9','10','11','12','13','14','15','16','17','18','19','20','21','22')  [ RunTime:0.0000s ]

[ 2016-09-13T22:44:00+08:00 ] 127.0.0.1 /cooler/index.php/Home/Cooler/getcooler
INFO: [ app_begin ] --START--
INFO: Run Behavior\ReadHtmlCacheBehavior [ RunTime:0.001000s ]
INFO: [ app_begin ] --END-- [ RunTime:0.002000s ]
SQL: SHOW COLUMNS FROM `c_cate` [ RunTime:0.0030s ]
SQL: SELECT * FROM `c_cate` ORDER BY id  [ RunTime:0.0000s ]
SQL: SHOW COLUMNS FROM `c_cooler` [ RunTime:0.0030s ]
SQL: SELECT * FROM `c_cooler` WHERE `cid` IN ('6','7','8','9','10','11','12','13','14','15','16','17','18','19','20','21','22')  [ RunTime:0.0000s ]

[ 2016-09-13T22:44:22+08:00 ] 127.0.0.1 /cooler/index.php/Home/Cooler/getcooler
INFO: [ app_begin ] --START--
INFO: Run Behavior\ReadHtmlCacheBehavior [ RunTime:0.001000s ]
INFO: [ app_begin ] --END-- [ RunTime:0.001000s ]
SQL: SHOW COLUMNS FROM `c_cate` [ RunTime:0.0030s ]
SQL: SELECT * FROM `c_cate` ORDER BY id  [ RunTime:0.0000s ]
SQL: SHOW COLUMNS FROM `c_cooler` [ RunTime:0.0030s ]
SQL: SELECT * FROM `c_cooler` WHERE `cid` IN ('6','7','8','9','10','11','12','13','14','15','16','17','18','19','20','21','22')  [ RunTime:0.0010s ]

[ 2016-09-13T22:44:25+08:00 ] 127.0.0.1 /cooler/index.php/Home/Cooler/getcooler
INFO: [ app_begin ] --START--
INFO: Run Behavior\ReadHtmlCacheBehavior [ RunTime:0.001000s ]
INFO: [ app_begin ] --END-- [ RunTime:0.001000s ]
SQL: SHOW COLUMNS FROM `c_cate` [ RunTime:0.0020s ]
SQL: SELECT * FROM `c_cate` ORDER BY id  [ RunTime:0.0010s ]
SQL: SHOW COLUMNS FROM `c_cooler` [ RunTime:0.0020s ]
SQL: SELECT * FROM `c_cooler` WHERE `cid` IN ('6','7','8','9','10','11','12','13','14','15','16','17','18','19','20','21','22')  [ RunTime:0.0000s ]

