[ 2016-08-16T19:39:49+08:00 ] 127.0.0.1 /cooler/index.php/Home/Cooler/getcooler
INFO: [ app_begin ] --START--
INFO: Run Behavior\ReadHtmlCacheBehavior [ RunTime:0.000000s ]
INFO: [ app_begin ] --END-- [ RunTime:0.001000s ]
SQL: SHOW COLUMNS FROM `c_cate` [ RunTime:0.0040s ]
SQL: SELECT * FROM `c_cate` ORDER BY id  [ RunTime:0.0000s ]
SQL: SHOW COLUMNS FROM `c_cooler` [ RunTime:0.0060s ]
SQL: SELECT * FROM `c_cooler` WHERE `cid` IN ('6','7','8','9','10','11','12','13','14','15','16','17','18','19','20','21','22')  [ RunTime:0.0010s ]

[ 2016-08-16T19:39:50+08:00 ] 127.0.0.1 /cooler/index.php/Home/Cooler/getcooler
INFO: [ app_begin ] --START--
INFO: Run Behavior\ReadHtmlCacheBehavior [ RunTime:0.001000s ]
INFO: [ app_begin ] --END-- [ RunTime:0.002000s ]
SQL: SHOW COLUMNS FROM `c_cate` [ RunTime:0.0030s ]
SQL: SELECT * FROM `c_cate` ORDER BY id  [ RunTime:0.0000s ]
SQL: SHOW COLUMNS FROM `c_cooler` [ RunTime:0.0030s ]
SQL: SELECT * FROM `c_cooler` WHERE `cid` IN ('11')  [ RunTime:0.0010s ]

[ 2016-08-16T19:39:51+08:00 ] 127.0.0.1 /cooler/index.php/Home/Cooler/getcooler
INFO: [ app_begin ] --START--
INFO: Run Behavior\ReadHtmlCacheBehavior [ RunTime:0.001000s ]
INFO: [ app_begin ] --END-- [ RunTime:0.002000s ]
SQL: SHOW COLUMNS FROM `c_cate` [ RunTime:0.0040s ]
SQL: SELECT * FROM `c_cate` ORDER BY id  [ RunTime:0.0010s ]
SQL: SHOW COLUMNS FROM `c_cooler` [ RunTime:0.0040s ]
SQL: SELECT * FROM `c_cooler` WHERE `cid` IN ('12')  [ RunTime:0.0010s ]

[ 2016-08-16T19:39:52+08:00 ] 127.0.0.1 /cooler/index.php/Home/Cooler/getcooler
INFO: [ app_begin ] --START--
INFO: Run Behavior\ReadHtmlCacheBehavior [ RunTime:0.001000s ]
INFO: [ app_begin ] --END-- [ RunTime:0.001000s ]
SQL: SHOW COLUMNS FROM `c_cate` [ RunTime:0.0040s ]
SQL: SELECT * FROM `c_cate` ORDER BY id  [ RunTime:0.0000s ]
SQL: SHOW COLUMNS FROM `c_cooler` [ RunTime:0.0020s ]
SQL: SELECT * FROM `c_cooler` WHERE `cid` IN ('13')  [ RunTime:0.0010s ]

[ 2016-08-16T19:39:54+08:00 ] 127.0.0.1 /cooler/index.php/Home/Cooler/getcooler
INFO: [ app_begin ] --START--
INFO: Run Behavior\ReadHtmlCacheBehavior [ RunTime:0.001000s ]
INFO: [ app_begin ] --END-- [ RunTime:0.002000s ]
SQL: SHOW COLUMNS FROM `c_cate` [ RunTime:0.0040s ]
SQL: SELECT * FROM `c_cate` ORDER BY id  [ RunTime:0.0010s ]
SQL: SHOW COLUMNS FROM `c_cooler` [ RunTime:0.0030s ]
SQL: SELECT * FROM `c_cooler` WHERE `cid` IN ('21')  [ RunTime:0.0000s ]

[ 2016-08-16T19:39:55+08:00 ] 127.0.0.1 /cooler/index.php/Home/Cooler/getcooler
INFO: [ app_begin ] --START--
INFO: Run Behavior\ReadHtmlCacheBehavior [ RunTime:0.001000s ]
INFO: [ app_begin ] --END-- [ RunTime:0.002000s ]
SQL: SHOW COLUMNS FROM `c_cate` [ RunTime:0.0060s ]
SQL: SELECT * FROM `c_cate` ORDER BY id  [ RunTime:0.0000s ]
SQL: SHOW COLUMNS FROM `c_cooler` [ RunTime:0.0070s ]
SQL: SELECT * FROM `c_cooler` WHERE `cid` IN ('39')  [ RunTime:0.0000s ]

