[ 2016-11-24T20:51:24+08:00 ] 127.0.0.1 /cooler/index.php/Home/Cooler/getStockOfCity
INFO: [ app_begin ] --START--
INFO: Run Behavior\ReadHtmlCacheBehavior [ RunTime:0.001000s ]
INFO: [ app_begin ] --END-- [ RunTime:0.002000s ]
SQL: SHOW COLUMNS FROM `c_nation` [ RunTime:0.0040s ]
SQL: SELECT * FROM `c_nation` ORDER BY id  [ RunTime:0.0260s ]
SQL: SHOW COLUMNS FROM `c_stock` [ RunTime:0.0050s ]
SQL: SELECT * FROM `c_stock` WHERE ( city = 1311 )  [ RunTime:0.0030s ]

[ 2016-11-24T20:55:36+08:00 ] 127.0.0.1 /cooler/index.php/Home/Cooler/getStockStatistic
INFO: [ app_begin ] --START--
INFO: Run Behavior\ReadHtmlCacheBehavior [ RunTime:0.002000s ]
INFO: [ app_begin ] --END-- [ RunTime:0.002000s ]
SQL: SHOW COLUMNS FROM `c_nation` [ RunTime:0.0080s ]
SQL: SELECT * FROM `c_nation` ORDER BY id  [ RunTime:0.0430s ]
SQL: SELECT * FROM `c_nation` WHERE ( pid = 1 )  [ RunTime:0.0030s ]

[ 2016-11-24T20:55:38+08:00 ] 127.0.0.1 /cooler/index.php/Home/Cooler/getStockStatistic
INFO: [ app_begin ] --START--
INFO: Run Behavior\ReadHtmlCacheBehavior [ RunTime:0.002000s ]
INFO: [ app_begin ] --END-- [ RunTime:0.003000s ]
SQL: SHOW COLUMNS FROM `c_nation` [ RunTime:0.0090s ]
SQL: SELECT * FROM `c_nation` ORDER BY id  [ RunTime:0.0480s ]
SQL: SELECT * FROM `c_nation` WHERE ( pid = 1479 )  [ RunTime:0.0050s ]

[ 2016-11-24T20:55:55+08:00 ] 127.0.0.1 /cooler/index.php/Home/Cooler/getStockOfCity
INFO: [ app_begin ] --START--
INFO: Run Behavior\ReadHtmlCacheBehavior [ RunTime:0.001000s ]
INFO: [ app_begin ] --END-- [ RunTime:0.001000s ]
SQL: SHOW COLUMNS FROM `c_nation` [ RunTime:0.0050s ]
SQL: SELECT * FROM `c_nation` ORDER BY id  [ RunTime:0.0370s ]
SQL: SHOW COLUMNS FROM `c_stock` [ RunTime:0.0030s ]
SQL: SELECT * FROM `c_stock` WHERE ( city = 1590 )  [ RunTime:0.0020s ]

[ 2016-11-24T20:55:58+08:00 ] 127.0.0.1 /cooler/index.php/Home/Cooler/getStockOfCity
INFO: [ app_begin ] --START--
INFO: Run Behavior\ReadHtmlCacheBehavior [ RunTime:0.000000s ]
INFO: [ app_begin ] --END-- [ RunTime:0.001000s ]
SQL: SHOW COLUMNS FROM `c_nation` [ RunTime:0.0040s ]
SQL: SELECT * FROM `c_nation` ORDER BY id  [ RunTime:0.0260s ]
SQL: SHOW COLUMNS FROM `c_stock` [ RunTime:0.0040s ]
SQL: SELECT * FROM `c_stock` WHERE ( city = 1504 )  [ RunTime:0.0030s ]

