[ 2016-11-19T11:27:34+08:00 ] 127.0.0.1 /cooler/index.php/Home/Cooler/getcooler
INFO: [ app_begin ] --START--
INFO: Run Behavior\ReadHtmlCacheBehavior [ RunTime:0.000000s ]
INFO: [ app_begin ] --END-- [ RunTime:0.001000s ]
SQL: SHOW COLUMNS FROM `c_nation` [ RunTime:0.0030s ]
SQL: SELECT * FROM `c_nation` ORDER BY id  [ RunTime:0.0100s ]
SQL: SHOW COLUMNS FROM `c_stock` [ RunTime:0.0030s ]
SQL: SELECT * FROM `c_stock` WHERE ( code != 0 )  [ RunTime:0.0090s ]

[ 2016-11-19T11:28:52+08:00 ] 127.0.0.1 /cooler/index.php/Home/Cooler/getcooler
INFO: [ app_begin ] --START--
INFO: Run Behavior\ReadHtmlCacheBehavior [ RunTime:0.001000s ]
INFO: [ app_begin ] --END-- [ RunTime:0.001000s ]
SQL: SHOW COLUMNS FROM `c_nation` [ RunTime:0.0040s ]
SQL: SELECT * FROM `c_nation` ORDER BY id  [ RunTime:0.0140s ]
SQL: SHOW COLUMNS FROM `c_stock` [ RunTime:0.0030s ]
SQL: SELECT * FROM `c_stock` WHERE ( code < 100 )  [ RunTime:0.0030s ]

[ 2016-11-19T11:29:28+08:00 ] 127.0.0.1 /cooler/index.php/Home/Cooler/getcooler
INFO: [ app_begin ] --START--
INFO: Run Behavior\ReadHtmlCacheBehavior [ RunTime:0.001000s ]
INFO: [ app_begin ] --END-- [ RunTime:0.002000s ]
SQL: SHOW COLUMNS FROM `c_nation` [ RunTime:0.0050s ]
SQL: SELECT * FROM `c_nation` ORDER BY id  [ RunTime:0.0190s ]
SQL: SHOW COLUMNS FROM `c_stock` [ RunTime:0.0030s ]
SQL: SELECT * FROM `c_stock` WHERE ( code < 100 )  [ RunTime:0.0020s ]

[ 2016-11-19T11:30:06+08:00 ] 127.0.0.1 /cooler/index.php/Home/Cooler/getcooler
INFO: [ app_begin ] --START--
INFO: Run Behavior\ReadHtmlCacheBehavior [ RunTime:0.001000s ]
INFO: [ app_begin ] --END-- [ RunTime:0.002000s ]
SQL: SHOW COLUMNS FROM `c_nation` [ RunTime:0.0050s ]
SQL: SELECT * FROM `c_nation` ORDER BY id  [ RunTime:0.0180s ]
SQL: SHOW COLUMNS FROM `c_stock` [ RunTime:0.0030s ]
SQL: SELECT * FROM `c_stock` WHERE ( code < 100 )  [ RunTime:0.0020s ]

[ 2016-11-19T11:34:42+08:00 ] 127.0.0.1 /cooler/index.php/Home/Cooler/getcooler
INFO: [ app_begin ] --START--
INFO: Run Behavior\ReadHtmlCacheBehavior [ RunTime:0.001000s ]
INFO: [ app_begin ] --END-- [ RunTime:0.001000s ]
SQL: SHOW COLUMNS FROM `c_nation` [ RunTime:0.0050s ]
SQL: SELECT * FROM `c_nation` ORDER BY id  [ RunTime:0.0180s ]
SQL: SHOW COLUMNS FROM `c_stock` [ RunTime:0.0040s ]
SQL: SELECT * FROM `c_stock` WHERE ( code < 100 )  [ RunTime:0.0030s ]

[ 2016-11-19T11:36:16+08:00 ] 127.0.0.1 /cooler/index.php/Home/Cooler/getcooler
INFO: [ app_begin ] --START--
INFO: Run Behavior\ReadHtmlCacheBehavior [ RunTime:0.001000s ]
INFO: [ app_begin ] --END-- [ RunTime:0.002000s ]
SQL: SHOW COLUMNS FROM `c_nation` [ RunTime:0.0030s ]
SQL: SELECT * FROM `c_nation` ORDER BY id  [ RunTime:0.0110s ]
SQL: SHOW COLUMNS FROM `c_stock` [ RunTime:0.0030s ]
SQL: SELECT * FROM `c_stock` WHERE ( code < 100 )  [ RunTime:0.0010s ]

[ 2016-11-19T11:36:22+08:00 ] 127.0.0.1 /cooler/index.php/Home/Cooler/getcooler
INFO: [ app_begin ] --START--
INFO: Run Behavior\ReadHtmlCacheBehavior [ RunTime:0.001000s ]
INFO: [ app_begin ] --END-- [ RunTime:0.002000s ]
SQL: SHOW COLUMNS FROM `c_nation` [ RunTime:0.0030s ]
SQL: SELECT * FROM `c_nation` ORDER BY id  [ RunTime:0.0130s ]
SQL: SHOW COLUMNS FROM `c_stock` [ RunTime:0.0030s ]
SQL: SELECT * FROM `c_stock` WHERE ( code < 100 )  [ RunTime:0.0020s ]

[ 2016-11-19T11:36:28+08:00 ] 127.0.0.1 /cooler/index.php/Home/Cooler/getcooler
INFO: [ app_begin ] --START--
INFO: Run Behavior\ReadHtmlCacheBehavior [ RunTime:0.001000s ]
INFO: [ app_begin ] --END-- [ RunTime:0.002000s ]
SQL: SHOW COLUMNS FROM `c_nation` [ RunTime:0.0050s ]
SQL: SELECT * FROM `c_nation` ORDER BY id  [ RunTime:0.0120s ]
SQL: SHOW COLUMNS FROM `c_stock` [ RunTime:0.0030s ]
SQL: SELECT * FROM `c_stock` WHERE ( code < 100 )  [ RunTime:0.0020s ]

[ 2016-11-19T12:10:19+08:00 ] 127.0.0.1 /cooler/index.php/Home/Cooler/getcooler
INFO: [ app_begin ] --START--
INFO: Run Behavior\ReadHtmlCacheBehavior [ RunTime:0.001000s ]
INFO: [ app_begin ] --END-- [ RunTime:0.002000s ]
SQL: SHOW COLUMNS FROM `c_nation` [ RunTime:0.0040s ]
SQL: SELECT * FROM `c_nation` ORDER BY id  [ RunTime:0.0110s ]
SQL: SHOW COLUMNS FROM `c_stock` [ RunTime:0.0040s ]
SQL: SELECT * FROM `c_stock` WHERE ( code < 100 )  [ RunTime:0.0020s ]

[ 2016-11-19T12:11:32+08:00 ] 127.0.0.1 /cooler/index.php/Home/Cooler/getcooler
INFO: [ app_begin ] --START--
INFO: Run Behavior\ReadHtmlCacheBehavior [ RunTime:0.001000s ]
INFO: [ app_begin ] --END-- [ RunTime:0.001000s ]
SQL: SHOW COLUMNS FROM `c_nation` [ RunTime:0.0030s ]
SQL: SELECT * FROM `c_nation` ORDER BY id  [ RunTime:0.0100s ]
SQL: SHOW COLUMNS FROM `c_stock` [ RunTime:0.0030s ]
SQL: SELECT * FROM `c_stock` WHERE ( code < 100 )  [ RunTime:0.0030s ]

[ 2016-11-19T13:20:31+08:00 ] 127.0.0.1 /cooler/index.php/Home/Cooler/getcooler
INFO: [ app_begin ] --START--
INFO: Run Behavior\ReadHtmlCacheBehavior [ RunTime:0.001000s ]
INFO: [ app_begin ] --END-- [ RunTime:0.001000s ]
SQL: SHOW COLUMNS FROM `c_nation` [ RunTime:0.0030s ]
SQL: SELECT * FROM `c_nation` ORDER BY id  [ RunTime:0.0110s ]
SQL: SHOW COLUMNS FROM `c_stock` [ RunTime:0.0040s ]
SQL: SELECT * FROM `c_stock` WHERE ( code < 100 )  [ RunTime:0.0020s ]

[ 2016-11-19T13:22:20+08:00 ] 127.0.0.1 /cooler/index.php/Home/Cooler/getcooler
INFO: [ app_begin ] --START--
INFO: Run Behavior\ReadHtmlCacheBehavior [ RunTime:0.000000s ]
INFO: [ app_begin ] --END-- [ RunTime:0.001000s ]
SQL: SHOW COLUMNS FROM `c_nation` [ RunTime:0.0040s ]
SQL: SELECT * FROM `c_nation` ORDER BY id  [ RunTime:0.0160s ]
SQL: SHOW COLUMNS FROM `c_stock` [ RunTime:0.0030s ]
SQL: SELECT * FROM `c_stock` WHERE ( code < 100 )  [ RunTime:0.0020s ]

[ 2016-11-19T13:23:11+08:00 ] 127.0.0.1 /cooler/index.php/Home/Cooler/getcooler
INFO: [ app_begin ] --START--
INFO: Run Behavior\ReadHtmlCacheBehavior [ RunTime:0.001000s ]
INFO: [ app_begin ] --END-- [ RunTime:0.002000s ]
SQL: SHOW COLUMNS FROM `c_nation` [ RunTime:0.0040s ]
SQL: SELECT * FROM `c_nation` ORDER BY id  [ RunTime:0.0180s ]
SQL: SHOW COLUMNS FROM `c_stock` [ RunTime:0.0040s ]
SQL: SELECT * FROM `c_stock` WHERE ( code < 100 )  [ RunTime:0.0010s ]

[ 2016-11-19T18:34:40+08:00 ] 127.0.0.1 /cooler/index.php/Home/Cooler/getcooler
INFO: [ app_begin ] --START--
INFO: Run Behavior\ReadHtmlCacheBehavior [ RunTime:0.001000s ]
INFO: [ app_begin ] --END-- [ RunTime:0.002000s ]
SQL: SHOW COLUMNS FROM `c_nation` [ RunTime:0.0030s ]
SQL: SELECT * FROM `c_nation` ORDER BY id  [ RunTime:0.0140s ]
SQL: SHOW COLUMNS FROM `c_stock` [ RunTime:0.0040s ]
SQL: SELECT * FROM `c_stock` WHERE ( code < 100 )  [ RunTime:0.0070s ]

[ 2016-11-19T18:36:36+08:00 ] 127.0.0.1 /cooler/index.php/Home/Cooler/getcooler
INFO: [ app_begin ] --START--
INFO: Run Behavior\ReadHtmlCacheBehavior [ RunTime:0.001000s ]
INFO: [ app_begin ] --END-- [ RunTime:0.001000s ]
SQL: SHOW COLUMNS FROM `c_nation` [ RunTime:0.0040s ]
SQL: SELECT * FROM `c_nation` ORDER BY id  [ RunTime:0.0150s ]
SQL: SHOW COLUMNS FROM `c_stock` [ RunTime:0.0030s ]
SQL: SELECT * FROM `c_stock` WHERE ( code < 100 )  [ RunTime:0.0020s ]

[ 2016-11-19T18:41:18+08:00 ] 127.0.0.1 /cooler/index.php/Home/Cooler/getcooler
INFO: [ app_begin ] --START--
INFO: Run Behavior\ReadHtmlCacheBehavior [ RunTime:0.001000s ]
INFO: [ app_begin ] --END-- [ RunTime:0.001000s ]
SQL: SHOW COLUMNS FROM `c_nation` [ RunTime:0.0040s ]
SQL: SELECT * FROM `c_nation` ORDER BY id  [ RunTime:0.0100s ]
SQL: SHOW COLUMNS FROM `c_stock` [ RunTime:0.0030s ]
SQL: SELECT * FROM `c_stock` WHERE ( code < 100 )  [ RunTime:0.0020s ]

[ 2016-11-19T18:41:51+08:00 ] 127.0.0.1 /cooler/index.php/Home/Cooler/getcooler
INFO: [ app_begin ] --START--
INFO: Run Behavior\ReadHtmlCacheBehavior [ RunTime:0.000000s ]
INFO: [ app_begin ] --END-- [ RunTime:0.001000s ]
SQL: SHOW COLUMNS FROM `c_nation` [ RunTime:0.0030s ]
SQL: SELECT * FROM `c_nation` ORDER BY id  [ RunTime:0.0110s ]
SQL: SHOW COLUMNS FROM `c_stock` [ RunTime:0.0040s ]
SQL: SELECT * FROM `c_stock` WHERE ( code < 100 )  [ RunTime:0.0020s ]

[ 2016-11-19T20:22:53+08:00 ] 127.0.0.1 /cooler/index.php/Home/Cooler/getcooler
INFO: [ app_begin ] --START--
INFO: Run Behavior\ReadHtmlCacheBehavior [ RunTime:0.001000s ]
INFO: [ app_begin ] --END-- [ RunTime:0.001000s ]
SQL: SHOW COLUMNS FROM `c_nation` [ RunTime:0.0030s ]
SQL: SELECT * FROM `c_nation` ORDER BY id  [ RunTime:0.0140s ]
SQL: SHOW COLUMNS FROM `c_stock` [ RunTime:0.0040s ]
SQL: SELECT * FROM `c_stock` WHERE ( code < 100 )  [ RunTime:0.0020s ]

[ 2016-11-19T20:23:41+08:00 ] 127.0.0.1 /cooler/index.php/Home/Cooler/getcooler
INFO: [ app_begin ] --START--
INFO: Run Behavior\ReadHtmlCacheBehavior [ RunTime:0.001000s ]
INFO: [ app_begin ] --END-- [ RunTime:0.001000s ]
SQL: SHOW COLUMNS FROM `c_nation` [ RunTime:0.0040s ]
SQL: SELECT * FROM `c_nation` ORDER BY id  [ RunTime:0.0140s ]
SQL: SHOW COLUMNS FROM `c_stock` [ RunTime:0.0070s ]
SQL: SELECT * FROM `c_stock` WHERE ( code < 100 )  [ RunTime:0.0030s ]

[ 2016-11-19T20:24:39+08:00 ] 127.0.0.1 /cooler/index.php/Home/Cooler/getcooler
INFO: [ app_begin ] --START--
INFO: Run Behavior\ReadHtmlCacheBehavior [ RunTime:0.001000s ]
INFO: [ app_begin ] --END-- [ RunTime:0.003000s ]
SQL: SHOW COLUMNS FROM `c_nation` [ RunTime:0.0050s ]
SQL: SELECT * FROM `c_nation` ORDER BY id  [ RunTime:0.0120s ]
SQL: SHOW COLUMNS FROM `c_stock` [ RunTime:0.0030s ]
SQL: SELECT * FROM `c_stock` WHERE ( code < 100 )  [ RunTime:0.0020s ]

[ 2016-11-19T20:42:39+08:00 ] 127.0.0.1 /cooler/index.php/Home/Cooler/getcooler
INFO: [ app_begin ] --START--
INFO: Run Behavior\ReadHtmlCacheBehavior [ RunTime:0.001000s ]
INFO: [ app_begin ] --END-- [ RunTime:0.001000s ]
SQL: SHOW COLUMNS FROM `c_nation` [ RunTime:0.0040s ]
SQL: SELECT * FROM `c_nation` ORDER BY id  [ RunTime:0.0110s ]
SQL: SHOW COLUMNS FROM `c_stock` [ RunTime:0.0030s ]
SQL: SELECT * FROM `c_stock` WHERE ( code < 100 )  [ RunTime:0.0020s ]

[ 2016-11-19T20:46:26+08:00 ] 127.0.0.1 /cooler/index.php/Home/Cooler/getcooler
INFO: [ app_begin ] --START--
INFO: Run Behavior\ReadHtmlCacheBehavior [ RunTime:0.001000s ]
INFO: [ app_begin ] --END-- [ RunTime:0.002000s ]
SQL: SHOW COLUMNS FROM `c_nation` [ RunTime:0.0050s ]
SQL: SELECT * FROM `c_nation` ORDER BY id  [ RunTime:0.0120s ]
SQL: SHOW COLUMNS FROM `c_stock` [ RunTime:0.0030s ]
SQL: SELECT * FROM `c_stock` WHERE ( code < 100 )  [ RunTime:0.0030s ]

[ 2016-11-19T20:47:56+08:00 ] 127.0.0.1 /cooler/index.php/Home/Cooler/getcooler
INFO: [ app_begin ] --START--
INFO: Run Behavior\ReadHtmlCacheBehavior [ RunTime:0.001000s ]
INFO: [ app_begin ] --END-- [ RunTime:0.001000s ]
SQL: SHOW COLUMNS FROM `c_nation` [ RunTime:0.0040s ]
SQL: SELECT * FROM `c_nation` ORDER BY id  [ RunTime:0.0110s ]
SQL: SHOW COLUMNS FROM `c_stock` [ RunTime:0.0040s ]
SQL: SELECT * FROM `c_stock` WHERE ( code < 100 )  [ RunTime:0.0020s ]

[ 2016-11-19T20:48:40+08:00 ] 127.0.0.1 /cooler/index.php/Home/Cooler/getcooler
INFO: [ app_begin ] --START--
INFO: Run Behavior\ReadHtmlCacheBehavior [ RunTime:0.001000s ]
INFO: [ app_begin ] --END-- [ RunTime:0.002000s ]
SQL: SHOW COLUMNS FROM `c_nation` [ RunTime:0.0040s ]
SQL: SELECT * FROM `c_nation` ORDER BY id  [ RunTime:0.0140s ]
SQL: SHOW COLUMNS FROM `c_stock` [ RunTime:0.0040s ]
SQL: SELECT * FROM `c_stock` WHERE ( code < 100 )  [ RunTime:0.0020s ]

[ 2016-11-19T20:49:35+08:00 ] 127.0.0.1 /cooler/index.php/Home/Cooler/getcooler
INFO: [ app_begin ] --START--
INFO: Run Behavior\ReadHtmlCacheBehavior [ RunTime:0.001000s ]
INFO: [ app_begin ] --END-- [ RunTime:0.001000s ]
SQL: SHOW COLUMNS FROM `c_nation` [ RunTime:0.0030s ]
SQL: SELECT * FROM `c_nation` ORDER BY id  [ RunTime:0.0120s ]
SQL: SHOW COLUMNS FROM `c_stock` [ RunTime:0.0040s ]
SQL: SELECT * FROM `c_stock` WHERE ( code < 100 )  [ RunTime:0.0020s ]

[ 2016-11-19T20:50:08+08:00 ] 127.0.0.1 /cooler/index.php/Home/Cooler/getcooler
INFO: [ app_begin ] --START--
INFO: Run Behavior\ReadHtmlCacheBehavior [ RunTime:0.001000s ]
INFO: [ app_begin ] --END-- [ RunTime:0.001000s ]
SQL: SHOW COLUMNS FROM `c_nation` [ RunTime:0.0040s ]
SQL: SELECT * FROM `c_nation` ORDER BY id  [ RunTime:0.0120s ]
SQL: SHOW COLUMNS FROM `c_stock` [ RunTime:0.0040s ]
SQL: SELECT * FROM `c_stock` WHERE ( code < 100 )  [ RunTime:0.0030s ]

[ 2016-11-19T20:51:08+08:00 ] 127.0.0.1 /cooler/index.php/Home/Cooler/getcooler
INFO: [ app_begin ] --START--
INFO: Run Behavior\ReadHtmlCacheBehavior [ RunTime:0.001000s ]
INFO: [ app_begin ] --END-- [ RunTime:0.002000s ]
SQL: SHOW COLUMNS FROM `c_nation` [ RunTime:0.0040s ]
SQL: SELECT * FROM `c_nation` ORDER BY id  [ RunTime:0.0160s ]
SQL: SHOW COLUMNS FROM `c_stock` [ RunTime:0.0030s ]
SQL: SELECT * FROM `c_stock` WHERE ( code < 100 )  [ RunTime:0.0020s ]

[ 2016-11-19T20:52:59+08:00 ] 127.0.0.1 /cooler/index.php/Home/Cooler/getcooler
INFO: [ app_begin ] --START--
INFO: Run Behavior\ReadHtmlCacheBehavior [ RunTime:0.001000s ]
INFO: [ app_begin ] --END-- [ RunTime:0.002000s ]
SQL: SHOW COLUMNS FROM `c_nation` [ RunTime:0.0040s ]
SQL: SELECT * FROM `c_nation` ORDER BY id  [ RunTime:0.0160s ]
SQL: SHOW COLUMNS FROM `c_stock` [ RunTime:0.0030s ]
SQL: SELECT * FROM `c_stock` WHERE ( code < 100 )  [ RunTime:0.0030s ]

[ 2016-11-19T20:53:40+08:00 ] 127.0.0.1 /cooler/index.php/Home/Cooler/getcooler
INFO: [ app_begin ] --START--
INFO: Run Behavior\ReadHtmlCacheBehavior [ RunTime:0.000000s ]
INFO: [ app_begin ] --END-- [ RunTime:0.001000s ]
SQL: SHOW COLUMNS FROM `c_nation` [ RunTime:0.0030s ]
SQL: SELECT * FROM `c_nation` ORDER BY id  [ RunTime:0.0100s ]
SQL: SHOW COLUMNS FROM `c_stock` [ RunTime:0.0050s ]
SQL: SELECT * FROM `c_stock` WHERE ( code < 100 )  [ RunTime:0.0020s ]

[ 2016-11-19T20:54:16+08:00 ] 127.0.0.1 /cooler/index.php/Home/Cooler/getcooler
INFO: [ app_begin ] --START--
INFO: Run Behavior\ReadHtmlCacheBehavior [ RunTime:0.001000s ]
INFO: [ app_begin ] --END-- [ RunTime:0.002000s ]
SQL: SHOW COLUMNS FROM `c_nation` [ RunTime:0.0040s ]
SQL: SELECT * FROM `c_nation` ORDER BY id  [ RunTime:0.0110s ]
SQL: SHOW COLUMNS FROM `c_stock` [ RunTime:0.0040s ]
SQL: SELECT * FROM `c_stock` WHERE ( code < 100 )  [ RunTime:0.0020s ]

[ 2016-11-19T20:54:38+08:00 ] 127.0.0.1 /cooler/index.php/Home/Cooler/getcooler
INFO: [ app_begin ] --START--
INFO: Run Behavior\ReadHtmlCacheBehavior [ RunTime:0.001000s ]
INFO: [ app_begin ] --END-- [ RunTime:0.002000s ]
SQL: SHOW COLUMNS FROM `c_nation` [ RunTime:0.0030s ]
SQL: SELECT * FROM `c_nation` ORDER BY id  [ RunTime:0.0110s ]
SQL: SHOW COLUMNS FROM `c_stock` [ RunTime:0.0040s ]
SQL: SELECT * FROM `c_stock` WHERE ( code < 100 )  [ RunTime:0.0020s ]

[ 2016-11-19T20:54:57+08:00 ] 127.0.0.1 /cooler/index.php/Home/Cooler/getcooler
INFO: [ app_begin ] --START--
INFO: Run Behavior\ReadHtmlCacheBehavior [ RunTime:0.000000s ]
INFO: [ app_begin ] --END-- [ RunTime:0.001000s ]
SQL: SHOW COLUMNS FROM `c_nation` [ RunTime:0.0030s ]
SQL: SELECT * FROM `c_nation` ORDER BY id  [ RunTime:0.0120s ]
SQL: SHOW COLUMNS FROM `c_stock` [ RunTime:0.0040s ]
SQL: SELECT * FROM `c_stock` WHERE ( code < 100 )  [ RunTime:0.0020s ]

[ 2016-11-19T20:55:53+08:00 ] 127.0.0.1 /cooler/index.php/Home/Cooler/getcooler
INFO: [ app_begin ] --START--
INFO: Run Behavior\ReadHtmlCacheBehavior [ RunTime:0.000000s ]
INFO: [ app_begin ] --END-- [ RunTime:0.001000s ]
SQL: SHOW COLUMNS FROM `c_nation` [ RunTime:0.0040s ]
SQL: SELECT * FROM `c_nation` ORDER BY id  [ RunTime:0.0110s ]
SQL: SHOW COLUMNS FROM `c_stock` [ RunTime:0.0040s ]
SQL: SELECT * FROM `c_stock` WHERE ( code < 100 )  [ RunTime:0.0020s ]

[ 2016-11-19T20:57:15+08:00 ] 127.0.0.1 /cooler/index.php/Home/Cooler/getcooler
INFO: [ app_begin ] --START--
INFO: Run Behavior\ReadHtmlCacheBehavior [ RunTime:0.001000s ]
INFO: [ app_begin ] --END-- [ RunTime:0.002000s ]
SQL: SHOW COLUMNS FROM `c_nation` [ RunTime:0.0040s ]
SQL: SELECT * FROM `c_nation` ORDER BY id  [ RunTime:0.0170s ]
SQL: SHOW COLUMNS FROM `c_stock` [ RunTime:0.0050s ]
SQL: SELECT * FROM `c_stock` WHERE ( code < 100 )  [ RunTime:0.0030s ]

[ 2016-11-19T20:57:54+08:00 ] 127.0.0.1 /cooler/index.php/Home/Cooler/getcooler
INFO: [ app_begin ] --START--
INFO: Run Behavior\ReadHtmlCacheBehavior [ RunTime:0.001000s ]
INFO: [ app_begin ] --END-- [ RunTime:0.002000s ]
SQL: SHOW COLUMNS FROM `c_nation` [ RunTime:0.0040s ]
SQL: SELECT * FROM `c_nation` ORDER BY id  [ RunTime:0.0140s ]
SQL: SHOW COLUMNS FROM `c_stock` [ RunTime:0.0040s ]
SQL: SELECT * FROM `c_stock` WHERE ( code < 100 )  [ RunTime:0.0020s ]

[ 2016-11-19T20:58:16+08:00 ] 127.0.0.1 /cooler/index.php/Home/Cooler/getcooler
INFO: [ app_begin ] --START--
INFO: Run Behavior\ReadHtmlCacheBehavior [ RunTime:0.001000s ]
INFO: [ app_begin ] --END-- [ RunTime:0.001000s ]
SQL: SHOW COLUMNS FROM `c_nation` [ RunTime:0.0030s ]
SQL: SELECT * FROM `c_nation` ORDER BY id  [ RunTime:0.0130s ]
SQL: SHOW COLUMNS FROM `c_stock` [ RunTime:0.0030s ]
SQL: SELECT * FROM `c_stock` WHERE ( code < 100 )  [ RunTime:0.0010s ]

[ 2016-11-19T20:58:40+08:00 ] 127.0.0.1 /cooler/index.php/Home/Cooler/getcooler
INFO: [ app_begin ] --START--
INFO: Run Behavior\ReadHtmlCacheBehavior [ RunTime:0.001000s ]
INFO: [ app_begin ] --END-- [ RunTime:0.002000s ]
SQL: SHOW COLUMNS FROM `c_nation` [ RunTime:0.0040s ]
SQL: SELECT * FROM `c_nation` ORDER BY id  [ RunTime:0.0150s ]
SQL: SHOW COLUMNS FROM `c_stock` [ RunTime:0.0050s ]
SQL: SELECT * FROM `c_stock` WHERE ( code < 100 )  [ RunTime:0.0030s ]

[ 2016-11-19T20:59:10+08:00 ] 127.0.0.1 /cooler/index.php/Home/Cooler/getcooler
INFO: [ app_begin ] --START--
INFO: Run Behavior\ReadHtmlCacheBehavior [ RunTime:0.001000s ]
INFO: [ app_begin ] --END-- [ RunTime:0.001000s ]
SQL: SHOW COLUMNS FROM `c_nation` [ RunTime:0.0040s ]
SQL: SELECT * FROM `c_nation` ORDER BY id  [ RunTime:0.0160s ]
SQL: SHOW COLUMNS FROM `c_stock` [ RunTime:0.0040s ]
SQL: SELECT * FROM `c_stock` WHERE ( code < 100 )  [ RunTime:0.0020s ]

[ 2016-11-19T20:59:34+08:00 ] 127.0.0.1 /cooler/index.php/Home/Cooler/getcooler
INFO: [ app_begin ] --START--
INFO: Run Behavior\ReadHtmlCacheBehavior [ RunTime:0.001000s ]
INFO: [ app_begin ] --END-- [ RunTime:0.001000s ]
SQL: SHOW COLUMNS FROM `c_nation` [ RunTime:0.0030s ]
SQL: SELECT * FROM `c_nation` ORDER BY id  [ RunTime:0.0120s ]
SQL: SHOW COLUMNS FROM `c_stock` [ RunTime:0.0030s ]
SQL: SELECT * FROM `c_stock` WHERE ( code < 100 )  [ RunTime:0.0030s ]

[ 2016-11-19T21:00:20+08:00 ] 127.0.0.1 /cooler/index.php/Home/Cooler/getcooler
INFO: [ app_begin ] --START--
INFO: Run Behavior\ReadHtmlCacheBehavior [ RunTime:0.001000s ]
INFO: [ app_begin ] --END-- [ RunTime:0.002000s ]
SQL: SHOW COLUMNS FROM `c_nation` [ RunTime:0.0030s ]
SQL: SELECT * FROM `c_nation` ORDER BY id  [ RunTime:0.0120s ]
SQL: SHOW COLUMNS FROM `c_stock` [ RunTime:0.0030s ]
SQL: SELECT * FROM `c_stock` WHERE ( code < 100 )  [ RunTime:0.0020s ]

[ 2016-11-19T21:33:19+08:00 ] 127.0.0.1 /cooler/index.php/Home/Cooler/getcooler
INFO: [ app_begin ] --START--
INFO: Run Behavior\ReadHtmlCacheBehavior [ RunTime:0.001000s ]
INFO: [ app_begin ] --END-- [ RunTime:0.002000s ]
SQL: SHOW COLUMNS FROM `c_nation` [ RunTime:0.0030s ]
SQL: SELECT * FROM `c_nation` ORDER BY id  [ RunTime:0.0110s ]
SQL: SHOW COLUMNS FROM `c_stock` [ RunTime:0.0040s ]
SQL: SELECT * FROM `c_stock` WHERE ( code < 100 )  [ RunTime:0.0090s ]

[ 2016-11-19T21:36:32+08:00 ] 127.0.0.1 /cooler/index.php/Home/Cooler/getcooler
INFO: [ app_begin ] --START--
INFO: Run Behavior\ReadHtmlCacheBehavior [ RunTime:0.001000s ]
INFO: [ app_begin ] --END-- [ RunTime:0.001000s ]
SQL: SHOW COLUMNS FROM `c_nation` [ RunTime:0.0040s ]
SQL: SELECT * FROM `c_nation` ORDER BY id  [ RunTime:0.0140s ]
SQL: SHOW COLUMNS FROM `c_stock` [ RunTime:0.0040s ]
SQL: SELECT * FROM `c_stock` WHERE ( code < 100 )  [ RunTime:0.0020s ]

[ 2016-11-19T21:37:02+08:00 ] 127.0.0.1 /cooler/index.php/Home/Cooler/getProviceStockStatistic
INFO: [ app_begin ] --START--
INFO: Run Behavior\ReadHtmlCacheBehavior [ RunTime:0.000000s ]
INFO: [ app_begin ] --END-- [ RunTime:0.001000s ]
SQL: SHOW COLUMNS FROM `c_nation` [ RunTime:0.0040s ]
SQL: SELECT * FROM `c_nation` ORDER BY id  [ RunTime:0.0130s ]
SQL: SELECT * FROM `c_nation` WHERE ( pid = 1 )  [ RunTime:0.0040s ]
INFO: [ app_end ] --START--
INFO: Run Behavior\ShowPageTraceBehavior [ RunTime:0.000000s ]
INFO: [ app_end ] --END-- [ RunTime:0.000000s ]

[ 2016-11-19T21:38:55+08:00 ] 127.0.0.1 /cooler/index.php/Home/Cooler/getProviceStockStatistic
INFO: [ app_begin ] --START--
INFO: Run Behavior\ReadHtmlCacheBehavior [ RunTime:0.000000s ]
INFO: [ app_begin ] --END-- [ RunTime:0.001000s ]
SQL: SHOW COLUMNS FROM `c_nation` [ RunTime:0.0040s ]
SQL: SELECT * FROM `c_nation` ORDER BY id  [ RunTime:0.0160s ]
SQL: SELECT * FROM `c_nation` WHERE ( pid = 1 )  [ RunTime:0.0020s ]
INFO: [ app_end ] --START--
INFO: Run Behavior\ShowPageTraceBehavior [ RunTime:0.001000s ]
INFO: [ app_end ] --END-- [ RunTime:0.001000s ]

[ 2016-11-19T21:39:56+08:00 ] 127.0.0.1 /cooler/index.php/Home/Cooler/getProviceStockStatistic
INFO: [ app_begin ] --START--
INFO: Run Behavior\ReadHtmlCacheBehavior [ RunTime:0.000000s ]
INFO: [ app_begin ] --END-- [ RunTime:0.002000s ]
SQL: SHOW COLUMNS FROM `c_nation` [ RunTime:0.0040s ]
SQL: SELECT * FROM `c_nation` ORDER BY id  [ RunTime:0.0150s ]
SQL: SELECT * FROM `c_nation` WHERE ( pid = 1 )  [ RunTime:0.0030s ]
INFO: [ app_end ] --START--
INFO: Run Behavior\ShowPageTraceBehavior [ RunTime:0.000000s ]
INFO: [ app_end ] --END-- [ RunTime:0.000000s ]

[ 2016-11-19T21:40:10+08:00 ] 127.0.0.1 /cooler/index.php/Home/Cooler/getProviceStockStatistic
INFO: [ app_begin ] --START--
INFO: Run Behavior\ReadHtmlCacheBehavior [ RunTime:0.000000s ]
INFO: [ app_begin ] --END-- [ RunTime:0.001000s ]
SQL: SHOW COLUMNS FROM `c_nation` [ RunTime:0.0040s ]
SQL: SELECT * FROM `c_nation` ORDER BY id  [ RunTime:0.0120s ]
SQL: SELECT * FROM `c_nation` WHERE ( pid = 1 )  [ RunTime:0.0020s ]
INFO: [ app_end ] --START--
INFO: Run Behavior\ShowPageTraceBehavior [ RunTime:0.000000s ]
INFO: [ app_end ] --END-- [ RunTime:0.000000s ]

[ 2016-11-19T21:40:32+08:00 ] 127.0.0.1 /cooler/index.php/Home/Cooler/getProviceStockStatistic
INFO: [ app_begin ] --START--
INFO: Run Behavior\ReadHtmlCacheBehavior [ RunTime:0.001000s ]
INFO: [ app_begin ] --END-- [ RunTime:0.002000s ]
SQL: SHOW COLUMNS FROM `c_nation` [ RunTime:0.0030s ]
SQL: SELECT * FROM `c_nation` ORDER BY id  [ RunTime:0.0120s ]
SQL: SELECT * FROM `c_nation` WHERE ( pid = 1 )  [ RunTime:0.0020s ]
INFO: [ app_end ] --START--
INFO: Run Behavior\ShowPageTraceBehavior [ RunTime:0.001000s ]
INFO: [ app_end ] --END-- [ RunTime:0.001000s ]

[ 2016-11-19T22:13:10+08:00 ] 127.0.0.1 /cooler/index.php/Home/Cooler/getProviceStockStatistic
INFO: [ app_begin ] --START--
INFO: Run Behavior\ReadHtmlCacheBehavior [ RunTime:0.002000s ]
INFO: [ app_begin ] --END-- [ RunTime:0.003000s ]
SQL: SHOW COLUMNS FROM `c_nation` [ RunTime:0.0030s ]
SQL: SELECT * FROM `c_nation` ORDER BY id  [ RunTime:0.0120s ]
SQL: SELECT * FROM `c_nation` WHERE ( pid = 1 )  [ RunTime:0.0020s ]
INFO: [ app_end ] --START--
INFO: Run Behavior\ShowPageTraceBehavior [ RunTime:0.001000s ]
INFO: [ app_end ] --END-- [ RunTime:0.001000s ]

[ 2016-11-19T22:14:34+08:00 ] 127.0.0.1 /cooler/index.php/Home/Cooler/getProviceStockStatistic
INFO: [ app_begin ] --START--
INFO: Run Behavior\ReadHtmlCacheBehavior [ RunTime:0.001000s ]
INFO: [ app_begin ] --END-- [ RunTime:0.002000s ]
SQL: SHOW COLUMNS FROM `c_nation` [ RunTime:0.0040s ]
SQL: SELECT * FROM `c_nation` ORDER BY id  [ RunTime:0.0130s ]
SQL: SELECT * FROM `c_nation` WHERE ( pid = 1 )  [ RunTime:0.0020s ]

[ 2016-11-19T22:16:10+08:00 ] 127.0.0.1 /cooler/index.php/Home/Cooler/getProviceStockStatistic
INFO: [ app_begin ] --START--
INFO: Run Behavior\ReadHtmlCacheBehavior [ RunTime:0.001000s ]
INFO: [ app_begin ] --END-- [ RunTime:0.001000s ]
SQL: SHOW COLUMNS FROM `c_nation` [ RunTime:0.0040s ]
SQL: SELECT * FROM `c_nation` ORDER BY id  [ RunTime:0.0100s ]
SQL: SELECT * FROM `c_nation` WHERE ( pid = 1 )  [ RunTime:0.0030s ]

[ 2016-11-19T22:17:07+08:00 ] 127.0.0.1 /cooler/index.php/Home/Cooler/getcooler
INFO: [ app_begin ] --START--
INFO: Run Behavior\ReadHtmlCacheBehavior [ RunTime:0.000000s ]
INFO: [ app_begin ] --END-- [ RunTime:0.001000s ]
SQL: SHOW COLUMNS FROM `c_nation` [ RunTime:0.0030s ]
SQL: SELECT * FROM `c_nation` ORDER BY id  [ RunTime:0.0110s ]
SQL: SHOW COLUMNS FROM `c_stock` [ RunTime:0.0030s ]
SQL: SELECT * FROM `c_stock` WHERE ( code < 100 )  [ RunTime:0.0090s ]

[ 2016-11-19T22:17:17+08:00 ] 127.0.0.1 /cooler/index.php/Home/Cooler/getProviceStockStatistic
INFO: [ app_begin ] --START--
INFO: Run Behavior\ReadHtmlCacheBehavior [ RunTime:0.001000s ]
INFO: [ app_begin ] --END-- [ RunTime:0.002000s ]
SQL: SHOW COLUMNS FROM `c_nation` [ RunTime:0.0030s ]
SQL: SELECT * FROM `c_nation` ORDER BY id  [ RunTime:0.0110s ]
SQL: SHOW COLUMNS FROM `c_stock` [ RunTime:0.0040s ]
SQL: SELECT * FROM `c_stock` WHERE ( code > 0 )  [ RunTime:0.0060s ]

[ 2016-11-19T22:22:44+08:00 ] 127.0.0.1 /cooler/index.php/Home/Cooler/getProviceStockStatistic
INFO: [ app_begin ] --START--
INFO: Run Behavior\ReadHtmlCacheBehavior [ RunTime:0.000000s ]
INFO: [ app_begin ] --END-- [ RunTime:0.001000s ]
SQL: SHOW COLUMNS FROM `c_nation` [ RunTime:0.0040s ]
SQL: SELECT * FROM `c_nation` ORDER BY id  [ RunTime:0.0120s ]
SQL: SELECT * FROM `c_nation` WHERE ( pid = 1 )  [ RunTime:0.0040s ]

[ 2016-11-19T22:24:06+08:00 ] 127.0.0.1 /cooler/index.php/Home/Cooler/getProviceStockStatistic
INFO: [ app_begin ] --START--
INFO: Run Behavior\ReadHtmlCacheBehavior [ RunTime:0.001000s ]
INFO: [ app_begin ] --END-- [ RunTime:0.001000s ]
SQL: SHOW COLUMNS FROM `c_nation` [ RunTime:0.0040s ]
SQL: SELECT * FROM `c_nation` ORDER BY id  [ RunTime:0.0110s ]
SQL: SELECT * FROM `c_nation` WHERE ( pid = 1 )  [ RunTime:0.0030s ]

[ 2016-11-19T22:25:22+08:00 ] 127.0.0.1 /cooler/index.php/Home/Cooler/getProviceStockStatistic
INFO: [ app_begin ] --START--
INFO: Run Behavior\ReadHtmlCacheBehavior [ RunTime:0.001000s ]
INFO: [ app_begin ] --END-- [ RunTime:0.002000s ]
SQL: SHOW COLUMNS FROM `c_nation` [ RunTime:0.0060s ]
SQL: SELECT * FROM `c_nation` ORDER BY id  [ RunTime:0.0190s ]
SQL: SELECT * FROM `c_nation` WHERE ( pid = 1 )  [ RunTime:0.0040s ]

[ 2016-11-19T22:26:57+08:00 ] 127.0.0.1 /cooler/index.php/Home/Cooler/getProviceStockStatistic
INFO: [ app_begin ] --START--
INFO: Run Behavior\ReadHtmlCacheBehavior [ RunTime:0.001000s ]
INFO: [ app_begin ] --END-- [ RunTime:0.001000s ]
SQL: SHOW COLUMNS FROM `c_nation` [ RunTime:0.0040s ]
SQL: SELECT * FROM `c_nation` ORDER BY id  [ RunTime:0.0160s ]
SQL: SELECT * FROM `c_nation` WHERE ( pid = 1 )  [ RunTime:0.0040s ]

[ 2016-11-19T22:28:00+08:00 ] 127.0.0.1 /cooler/index.php/Home/Cooler/getProviceStockStatistic
INFO: [ app_begin ] --START--
INFO: Run Behavior\ReadHtmlCacheBehavior [ RunTime:0.001000s ]
INFO: [ app_begin ] --END-- [ RunTime:0.002000s ]
SQL: SHOW COLUMNS FROM `c_nation` [ RunTime:0.0060s ]
SQL: SELECT * FROM `c_nation` ORDER BY id  [ RunTime:0.0150s ]
SQL: SELECT * FROM `c_nation` WHERE ( pid = 1 )  [ RunTime:0.0040s ]

[ 2016-11-19T22:29:40+08:00 ] 127.0.0.1 /cooler/index.php/Home/Cooler/getProviceStockStatistic
INFO: [ app_begin ] --START--
INFO: Run Behavior\ReadHtmlCacheBehavior [ RunTime:0.001000s ]
INFO: [ app_begin ] --END-- [ RunTime:0.002000s ]
SQL: SHOW COLUMNS FROM `c_nation` [ RunTime:0.0060s ]
SQL: SELECT * FROM `c_nation` ORDER BY id  [ RunTime:0.0190s ]
SQL: SELECT * FROM `c_nation` WHERE ( pid = 1 )  [ RunTime:0.0040s ]

[ 2016-11-19T22:29:42+08:00 ] 127.0.0.1 /cooler/index.php/Home/Cooler/getProviceStockStatistic
INFO: [ app_begin ] --START--
INFO: Run Behavior\ReadHtmlCacheBehavior [ RunTime:0.001000s ]
INFO: [ app_begin ] --END-- [ RunTime:0.002000s ]
SQL: SHOW COLUMNS FROM `c_nation` [ RunTime:0.0090s ]
SQL: SELECT * FROM `c_nation` ORDER BY id  [ RunTime:0.0200s ]
SQL: SELECT * FROM `c_nation` WHERE ( pid = 1 )  [ RunTime:0.0030s ]

[ 2016-11-19T22:29:58+08:00 ] 127.0.0.1 /cooler/index.php/Home/Cooler/getProviceStockStatistic
INFO: [ app_begin ] --START--
INFO: Run Behavior\ReadHtmlCacheBehavior [ RunTime:0.001000s ]
INFO: [ app_begin ] --END-- [ RunTime:0.002000s ]
SQL: SHOW COLUMNS FROM `c_nation` [ RunTime:0.0040s ]
SQL: SELECT * FROM `c_nation` ORDER BY id  [ RunTime:0.0100s ]
SQL: SELECT * FROM `c_nation` WHERE ( pid = 1 )  [ RunTime:0.0030s ]

[ 2016-11-19T22:30:30+08:00 ] 127.0.0.1 /cooler/index.php/Home/Cooler/getProviceStockStatistic
INFO: [ app_begin ] --START--
INFO: Run Behavior\ReadHtmlCacheBehavior [ RunTime:0.001000s ]
INFO: [ app_begin ] --END-- [ RunTime:0.002000s ]
SQL: SHOW COLUMNS FROM `c_nation` [ RunTime:0.0030s ]
SQL: SELECT * FROM `c_nation` ORDER BY id  [ RunTime:0.0100s ]
SQL: SELECT * FROM `c_nation` WHERE ( pid = 1 )  [ RunTime:0.0020s ]

[ 2016-11-19T22:30:31+08:00 ] 127.0.0.1 /cooler/index.php/Home/Cooler/getProviceStockStatistic
INFO: [ app_begin ] --START--
INFO: Run Behavior\ReadHtmlCacheBehavior [ RunTime:0.000000s ]
INFO: [ app_begin ] --END-- [ RunTime:0.001000s ]
SQL: SHOW COLUMNS FROM `c_nation` [ RunTime:0.0020s ]
SQL: SELECT * FROM `c_nation` ORDER BY id  [ RunTime:0.0120s ]
SQL: SELECT * FROM `c_nation` WHERE ( pid = 1 )  [ RunTime:0.0020s ]

[ 2016-11-19T22:30:39+08:00 ] 127.0.0.1 /cooler/index.php/Home/Cooler/getProviceStockStatistic
INFO: [ app_begin ] --START--
INFO: Run Behavior\ReadHtmlCacheBehavior [ RunTime:0.001000s ]
INFO: [ app_begin ] --END-- [ RunTime:0.001000s ]
SQL: SHOW COLUMNS FROM `c_nation` [ RunTime:0.0050s ]
SQL: SELECT * FROM `c_nation` ORDER BY id  [ RunTime:0.0190s ]
SQL: SELECT * FROM `c_nation` WHERE ( pid = 1 )  [ RunTime:0.0020s ]

[ 2016-11-19T22:32:43+08:00 ] 127.0.0.1 /cooler/index.php/Home/Cooler/getProviceStockStatistic
INFO: [ app_begin ] --START--
INFO: Run Behavior\ReadHtmlCacheBehavior [ RunTime:0.001000s ]
INFO: [ app_begin ] --END-- [ RunTime:0.001000s ]
SQL: SHOW COLUMNS FROM `c_nation` [ RunTime:0.0040s ]
SQL: SELECT * FROM `c_nation` ORDER BY id  [ RunTime:0.0130s ]
SQL: SELECT * FROM `c_nation` WHERE ( pid = 1 )  [ RunTime:0.0040s ]

[ 2016-11-19T22:33:24+08:00 ] 127.0.0.1 /cooler/index.php/Home/Cooler/getProviceStockStatistic
INFO: [ app_begin ] --START--
INFO: Run Behavior\ReadHtmlCacheBehavior [ RunTime:0.001000s ]
INFO: [ app_begin ] --END-- [ RunTime:0.002000s ]
SQL: SHOW COLUMNS FROM `c_nation` [ RunTime:0.0030s ]
SQL: SELECT * FROM `c_nation` ORDER BY id  [ RunTime:0.0130s ]
SQL: SELECT * FROM `c_nation` WHERE ( pid = 1 )  [ RunTime:0.0020s ]

[ 2016-11-19T22:36:43+08:00 ] 127.0.0.1 /cooler/index.php/Home/Cooler/getProviceStockStatistic
INFO: [ app_begin ] --START--
INFO: Run Behavior\ReadHtmlCacheBehavior [ RunTime:0.001000s ]
INFO: [ app_begin ] --END-- [ RunTime:0.001000s ]
SQL: SHOW COLUMNS FROM `c_nation` [ RunTime:0.0040s ]
SQL: SELECT * FROM `c_nation` ORDER BY id  [ RunTime:0.0150s ]
SQL: SELECT * FROM `c_nation` WHERE ( pid = 1 )  [ RunTime:0.0040s ]

[ 2016-11-19T22:36:45+08:00 ] 127.0.0.1 /cooler/index.php/Home/Cooler/getProviceStockStatistic
INFO: [ app_begin ] --START--
INFO: Run Behavior\ReadHtmlCacheBehavior [ RunTime:0.001000s ]
INFO: [ app_begin ] --END-- [ RunTime:0.002000s ]
SQL: SHOW COLUMNS FROM `c_nation` [ RunTime:0.0040s ]
SQL: SELECT * FROM `c_nation` ORDER BY id  [ RunTime:0.0130s ]
SQL: SELECT * FROM `c_nation` WHERE ( pid = 1 )  [ RunTime:0.0030s ]

[ 2016-11-19T22:36:58+08:00 ] 127.0.0.1 /cooler/index.php/Home/Cooler/getProviceStockStatistic
INFO: [ app_begin ] --START--
INFO: Run Behavior\ReadHtmlCacheBehavior [ RunTime:0.001000s ]
INFO: [ app_begin ] --END-- [ RunTime:0.002000s ]
SQL: SHOW COLUMNS FROM `c_nation` [ RunTime:0.0040s ]
SQL: SELECT * FROM `c_nation` ORDER BY id  [ RunTime:0.0120s ]
SQL: SELECT * FROM `c_nation` WHERE ( pid = 1 )  [ RunTime:0.0020s ]

[ 2016-11-19T22:37:40+08:00 ] 127.0.0.1 /cooler/index.php/Home/Cooler/getProviceStockStatistic
INFO: [ app_begin ] --START--
INFO: Run Behavior\ReadHtmlCacheBehavior [ RunTime:0.002000s ]
INFO: [ app_begin ] --END-- [ RunTime:0.002000s ]
SQL: SHOW COLUMNS FROM `c_nation` [ RunTime:0.0040s ]
SQL: SELECT * FROM `c_nation` ORDER BY id  [ RunTime:0.0140s ]
SQL: SELECT * FROM `c_nation` WHERE ( pid = 1 )  [ RunTime:0.0030s ]

[ 2016-11-19T22:38:00+08:00 ] 127.0.0.1 /cooler/index.php/Home/Cooler/getProviceStockStatistic
INFO: [ app_begin ] --START--
INFO: Run Behavior\ReadHtmlCacheBehavior [ RunTime:0.001000s ]
INFO: [ app_begin ] --END-- [ RunTime:0.002000s ]
SQL: SHOW COLUMNS FROM `c_nation` [ RunTime:0.0030s ]
SQL: SELECT * FROM `c_nation` ORDER BY id  [ RunTime:0.0120s ]
SQL: SELECT * FROM `c_nation` WHERE ( pid = 1 )  [ RunTime:0.0020s ]

[ 2016-11-19T22:38:11+08:00 ] 127.0.0.1 /cooler/index.php/Home/Cooler/getProviceStockStatistic
INFO: [ app_begin ] --START--
INFO: Run Behavior\ReadHtmlCacheBehavior [ RunTime:0.001000s ]
INFO: [ app_begin ] --END-- [ RunTime:0.001000s ]
SQL: SHOW COLUMNS FROM `c_nation` [ RunTime:0.0030s ]
SQL: SELECT * FROM `c_nation` ORDER BY id  [ RunTime:0.0140s ]
SQL: SELECT * FROM `c_nation` WHERE ( pid = 1 )  [ RunTime:0.0030s ]

[ 2016-11-19T22:38:24+08:00 ] 127.0.0.1 /cooler/index.php/Home/Cooler/getProviceStockStatistic
INFO: [ app_begin ] --START--
INFO: Run Behavior\ReadHtmlCacheBehavior [ RunTime:0.001000s ]
INFO: [ app_begin ] --END-- [ RunTime:0.001000s ]
SQL: SHOW COLUMNS FROM `c_nation` [ RunTime:0.0030s ]
SQL: SELECT * FROM `c_nation` ORDER BY id  [ RunTime:0.0130s ]
SQL: SELECT * FROM `c_nation` WHERE ( pid = 1 )  [ RunTime:0.0030s ]

[ 2016-11-19T22:39:52+08:00 ] 127.0.0.1 /cooler/index.php/Home/Cooler/getProviceStockStatistic
INFO: [ app_begin ] --START--
INFO: Run Behavior\ReadHtmlCacheBehavior [ RunTime:0.001000s ]
INFO: [ app_begin ] --END-- [ RunTime:0.001000s ]
SQL: SHOW COLUMNS FROM `c_nation` [ RunTime:0.0080s ]
SQL: SELECT * FROM `c_nation` ORDER BY id  [ RunTime:0.0240s ]
SQL: SELECT * FROM `c_nation` WHERE ( pid = 1 )  [ RunTime:0.0030s ]

[ 2016-11-19T22:40:11+08:00 ] 127.0.0.1 /cooler/index.php/Home/Cooler/getProviceStockStatistic
INFO: [ app_begin ] --START--
INFO: Run Behavior\ReadHtmlCacheBehavior [ RunTime:0.001000s ]
INFO: [ app_begin ] --END-- [ RunTime:0.002000s ]
SQL: SHOW COLUMNS FROM `c_nation` [ RunTime:0.0050s ]
SQL: SELECT * FROM `c_nation` ORDER BY id  [ RunTime:0.0140s ]
SQL: SELECT * FROM `c_nation` WHERE ( pid = 1 )  [ RunTime:0.0030s ]

[ 2016-11-19T22:40:27+08:00 ] 127.0.0.1 /cooler/index.php/Home/Cooler/getProviceStockStatistic
INFO: [ app_begin ] --START--
INFO: Run Behavior\ReadHtmlCacheBehavior [ RunTime:0.001000s ]
INFO: [ app_begin ] --END-- [ RunTime:0.001000s ]
SQL: SHOW COLUMNS FROM `c_nation` [ RunTime:0.0040s ]
SQL: SELECT * FROM `c_nation` ORDER BY id  [ RunTime:0.0200s ]
SQL: SELECT * FROM `c_nation` WHERE ( pid = 1 )  [ RunTime:0.0020s ]

[ 2016-11-19T22:40:38+08:00 ] 127.0.0.1 /cooler/index.php/Home/Cooler/getProviceStockStatistic
INFO: [ app_begin ] --START--
INFO: Run Behavior\ReadHtmlCacheBehavior [ RunTime:0.000000s ]
INFO: [ app_begin ] --END-- [ RunTime:0.002000s ]
SQL: SHOW COLUMNS FROM `c_nation` [ RunTime:0.0040s ]
SQL: SELECT * FROM `c_nation` ORDER BY id  [ RunTime:0.0140s ]
SQL: SELECT * FROM `c_nation` WHERE ( pid = 1 )  [ RunTime:0.0030s ]

[ 2016-11-19T22:40:47+08:00 ] 127.0.0.1 /cooler/index.php/Home/Cooler/getProviceStockStatistic
INFO: [ app_begin ] --START--
INFO: Run Behavior\ReadHtmlCacheBehavior [ RunTime:0.001000s ]
INFO: [ app_begin ] --END-- [ RunTime:0.002000s ]
SQL: SHOW COLUMNS FROM `c_nation` [ RunTime:0.0070s ]
SQL: SELECT * FROM `c_nation` ORDER BY id  [ RunTime:0.0200s ]
SQL: SELECT * FROM `c_nation` WHERE ( pid = 1 )  [ RunTime:0.0030s ]

[ 2016-11-19T22:42:03+08:00 ] 127.0.0.1 /cooler/index.php/Home/Cooler/getProviceStockStatistic
INFO: [ app_begin ] --START--
INFO: Run Behavior\ReadHtmlCacheBehavior [ RunTime:0.001000s ]
INFO: [ app_begin ] --END-- [ RunTime:0.001000s ]
SQL: SHOW COLUMNS FROM `c_nation` [ RunTime:0.0020s ]
SQL: SELECT * FROM `c_nation` ORDER BY id  [ RunTime:0.0140s ]
SQL: SELECT * FROM `c_nation` WHERE ( pid = 1 )  [ RunTime:0.0050s ]

[ 2016-11-19T22:42:31+08:00 ] 127.0.0.1 /cooler/index.php/Home/Cooler/getProviceStockStatistic
INFO: [ app_begin ] --START--
INFO: Run Behavior\ReadHtmlCacheBehavior [ RunTime:0.001000s ]
INFO: [ app_begin ] --END-- [ RunTime:0.002000s ]
SQL: SHOW COLUMNS FROM `c_nation` [ RunTime:0.0040s ]
SQL: SELECT * FROM `c_nation` ORDER BY id  [ RunTime:0.0130s ]
SQL: SELECT * FROM `c_nation` WHERE ( pid = 1 )  [ RunTime:0.0020s ]

[ 2016-11-19T22:42:33+08:00 ] 127.0.0.1 /cooler/index.php/Home/Cooler/getProviceStockStatistic
INFO: [ app_begin ] --START--
INFO: Run Behavior\ReadHtmlCacheBehavior [ RunTime:0.001000s ]
INFO: [ app_begin ] --END-- [ RunTime:0.001000s ]
SQL: SHOW COLUMNS FROM `c_nation` [ RunTime:0.0040s ]
SQL: SELECT * FROM `c_nation` ORDER BY id  [ RunTime:0.0130s ]
SQL: SELECT * FROM `c_nation` WHERE ( pid = 1 )  [ RunTime:0.0020s ]

[ 2016-11-19T22:43:16+08:00 ] 127.0.0.1 /cooler/index.php/Home/Cooler/getProviceStockStatistic
INFO: [ app_begin ] --START--
INFO: Run Behavior\ReadHtmlCacheBehavior [ RunTime:0.002000s ]
INFO: [ app_begin ] --END-- [ RunTime:0.003000s ]
SQL: SHOW COLUMNS FROM `c_nation` [ RunTime:0.0080s ]
SQL: SELECT * FROM `c_nation` ORDER BY id  [ RunTime:0.0230s ]
SQL: SELECT * FROM `c_nation` WHERE ( pid = 1 )  [ RunTime:0.0030s ]

[ 2016-11-19T22:43:59+08:00 ] 127.0.0.1 /cooler/index.php/Home/Cooler/getProviceStockStatistic
INFO: [ app_begin ] --START--
INFO: Run Behavior\ReadHtmlCacheBehavior [ RunTime:0.001000s ]
INFO: [ app_begin ] --END-- [ RunTime:0.001000s ]
SQL: SHOW COLUMNS FROM `c_nation` [ RunTime:0.0080s ]
SQL: SELECT * FROM `c_nation` ORDER BY id  [ RunTime:0.0130s ]
SQL: SELECT * FROM `c_nation` WHERE ( pid = 1 )  [ RunTime:0.0030s ]

[ 2016-11-19T22:44:49+08:00 ] 127.0.0.1 /cooler/index.php/Home/Cooler/getProviceStockStatistic
INFO: [ app_begin ] --START--
INFO: Run Behavior\ReadHtmlCacheBehavior [ RunTime:0.001000s ]
INFO: [ app_begin ] --END-- [ RunTime:0.002000s ]
SQL: SHOW COLUMNS FROM `c_nation` [ RunTime:0.0060s ]
SQL: SELECT * FROM `c_nation` ORDER BY id  [ RunTime:0.0230s ]
SQL: SELECT * FROM `c_nation` WHERE ( pid = 1 )  [ RunTime:0.0020s ]

[ 2016-11-19T22:45:29+08:00 ] 127.0.0.1 /cooler/index.php/Home/Cooler/getProviceStockStatistic
INFO: [ app_begin ] --START--
INFO: Run Behavior\ReadHtmlCacheBehavior [ RunTime:0.001000s ]
INFO: [ app_begin ] --END-- [ RunTime:0.002000s ]
SQL: SHOW COLUMNS FROM `c_nation` [ RunTime:0.0060s ]
SQL: SELECT * FROM `c_nation` ORDER BY id  [ RunTime:0.0170s ]
SQL: SELECT * FROM `c_nation` WHERE ( pid = 1 )  [ RunTime:0.0030s ]

[ 2016-11-19T22:45:40+08:00 ] 127.0.0.1 /cooler/index.php/Home/Cooler/getProviceStockStatistic
INFO: [ app_begin ] --START--
INFO: Run Behavior\ReadHtmlCacheBehavior [ RunTime:0.001000s ]
INFO: [ app_begin ] --END-- [ RunTime:0.002000s ]
SQL: SHOW COLUMNS FROM `c_nation` [ RunTime:0.0050s ]
SQL: SELECT * FROM `c_nation` ORDER BY id  [ RunTime:0.0150s ]
SQL: SELECT * FROM `c_nation` WHERE ( pid = 1 )  [ RunTime:0.0030s ]

[ 2016-11-19T22:45:56+08:00 ] 127.0.0.1 /cooler/index.php/Home/Cooler/getProviceStockStatistic
INFO: [ app_begin ] --START--
INFO: Run Behavior\ReadHtmlCacheBehavior [ RunTime:0.001000s ]
INFO: [ app_begin ] --END-- [ RunTime:0.001000s ]
SQL: SHOW COLUMNS FROM `c_nation` [ RunTime:0.0060s ]
SQL: SELECT * FROM `c_nation` ORDER BY id  [ RunTime:0.0190s ]
SQL: SELECT * FROM `c_nation` WHERE ( pid = 1 )  [ RunTime:0.0030s ]

[ 2016-11-19T22:46:15+08:00 ] 127.0.0.1 /cooler/index.php/Home/Cooler/getProviceStockStatistic
INFO: [ app_begin ] --START--
INFO: Run Behavior\ReadHtmlCacheBehavior [ RunTime:0.001000s ]
INFO: [ app_begin ] --END-- [ RunTime:0.001000s ]
SQL: SHOW COLUMNS FROM `c_nation` [ RunTime:0.0050s ]
SQL: SELECT * FROM `c_nation` ORDER BY id  [ RunTime:0.0160s ]
SQL: SELECT * FROM `c_nation` WHERE ( pid = 1 )  [ RunTime:0.0030s ]

[ 2016-11-19T22:47:18+08:00 ] 127.0.0.1 /cooler/index.php/Home/Cooler/getProviceStockStatistic
INFO: [ app_begin ] --START--
INFO: Run Behavior\ReadHtmlCacheBehavior [ RunTime:0.001000s ]
INFO: [ app_begin ] --END-- [ RunTime:0.001000s ]
SQL: SHOW COLUMNS FROM `c_nation` [ RunTime:0.0040s ]
SQL: SELECT * FROM `c_nation` ORDER BY id  [ RunTime:0.0160s ]
SQL: SELECT * FROM `c_nation` WHERE ( pid = 1 )  [ RunTime:0.0020s ]

[ 2016-11-19T22:48:48+08:00 ] 127.0.0.1 /cooler/index.php/Home/Cooler/getProviceStockStatistic
INFO: [ app_begin ] --START--
INFO: Run Behavior\ReadHtmlCacheBehavior [ RunTime:0.001000s ]
INFO: [ app_begin ] --END-- [ RunTime:0.001000s ]
SQL: SHOW COLUMNS FROM `c_nation` [ RunTime:0.0030s ]
SQL: SELECT * FROM `c_nation` ORDER BY id  [ RunTime:0.0120s ]
SQL: SELECT * FROM `c_nation` WHERE ( pid = 1 )  [ RunTime:0.0030s ]

[ 2016-11-19T22:49:14+08:00 ] 127.0.0.1 /cooler/index.php/Home/Cooler/getProviceStockStatistic
INFO: [ app_begin ] --START--
INFO: Run Behavior\ReadHtmlCacheBehavior [ RunTime:0.000000s ]
INFO: [ app_begin ] --END-- [ RunTime:0.002000s ]
SQL: SHOW COLUMNS FROM `c_nation` [ RunTime:0.0050s ]
SQL: SELECT * FROM `c_nation` ORDER BY id  [ RunTime:0.0210s ]
SQL: SELECT * FROM `c_nation` WHERE ( pid = 1 )  [ RunTime:0.0040s ]

[ 2016-11-19T22:50:54+08:00 ] 127.0.0.1 /cooler/index.php/Home/Cooler/getProviceStockStatistic
INFO: [ app_begin ] --START--
INFO: Run Behavior\ReadHtmlCacheBehavior [ RunTime:0.001000s ]
INFO: [ app_begin ] --END-- [ RunTime:0.001000s ]
SQL: SHOW COLUMNS FROM `c_nation` [ RunTime:0.0050s ]
SQL: SELECT * FROM `c_nation` ORDER BY id  [ RunTime:0.0120s ]
SQL: SELECT * FROM `c_nation` WHERE ( pid = 1 )  [ RunTime:0.0020s ]

