[ 2016-10-19T11:39:48+08:00 ] 127.0.0.1 /cooler/index.php/Home/Cooler/getcooler
INFO: [ app_begin ] --START--
INFO: Run Behavior\ReadHtmlCacheBehavior [ RunTime:0.001000s ]
INFO: [ app_begin ] --END-- [ RunTime:0.001000s ]
SQL: SHOW COLUMNS FROM `c_nation` [ RunTime:0.0050s ]
SQL: SELECT * FROM `c_nation` ORDER BY id  [ RunTime:0.0130s ]
SQL: SHOW COLUMNS FROM `c_stock` [ RunTime:0.0050s ]
SQL: SELECT * FROM `c_stock` WHERE `cid` IN ('1557','1558','1559','1560','1561','1562','1563','1564','1565','1566','1567','1568','1569')  [ RunTime:0.0070s ]

[ 2016-10-19T11:39:53+08:00 ] 127.0.0.1 /cooler/index.php/Home/Cooler/getcooler
INFO: [ app_begin ] --START--
INFO: Run Behavior\ReadHtmlCacheBehavior [ RunTime:0.001000s ]
INFO: [ app_begin ] --END-- [ RunTime:0.001000s ]
SQL: SHOW COLUMNS FROM `c_nation` [ RunTime:0.0040s ]
SQL: SELECT * FROM `c_nation` ORDER BY id  [ RunTime:0.0120s ]
SQL: SHOW COLUMNS FROM `c_stock` [ RunTime:0.0020s ]
SQL: SELECT * FROM `c_stock` WHERE `cid` IN ('1578','1579','1580','1581','1582','1583')  [ RunTime:0.0020s ]

[ 2016-10-19T11:40:04+08:00 ] 127.0.0.1 /cooler/index.php/Home/Cooler/getcooler
INFO: [ app_begin ] --START--
INFO: Run Behavior\ReadHtmlCacheBehavior [ RunTime:0.001000s ]
INFO: [ app_begin ] --END-- [ RunTime:0.001000s ]
SQL: SHOW COLUMNS FROM `c_nation` [ RunTime:0.0030s ]
SQL: SELECT * FROM `c_nation` ORDER BY id  [ RunTime:0.0140s ]
SQL: SHOW COLUMNS FROM `c_stock` [ RunTime:0.0020s ]
SQL: SELECT * FROM `c_stock` WHERE `cid` IN ('1529','1530','1531','1532','1533','1534','1535','1536','1537','1538','1539','1540','1541','1542')  [ RunTime:0.0010s ]

[ 2016-10-19T11:41:00+08:00 ] 127.0.0.1 /cooler/index.php/Home/Cooler/getcooler
INFO: [ app_begin ] --START--
INFO: Run Behavior\ReadHtmlCacheBehavior [ RunTime:0.001000s ]
INFO: [ app_begin ] --END-- [ RunTime:0.001000s ]
SQL: SHOW COLUMNS FROM `c_nation` [ RunTime:0.0030s ]
SQL: SELECT * FROM `c_nation` ORDER BY id  [ RunTime:0.0140s ]
SQL: SHOW COLUMNS FROM `c_stock` [ RunTime:0.0020s ]
SQL: SELECT * FROM `c_stock` WHERE `cid` IN ('920','921','922','923','924','925','926','927','928','929','930')  [ RunTime:0.0020s ]

[ 2016-10-19T11:41:05+08:00 ] 127.0.0.1 /cooler/index.php/Home/Cooler/getcooler
INFO: [ app_begin ] --START--
INFO: Run Behavior\ReadHtmlCacheBehavior [ RunTime:0.000000s ]
INFO: [ app_begin ] --END-- [ RunTime:0.000000s ]
SQL: SHOW COLUMNS FROM `c_nation` [ RunTime:0.0020s ]
SQL: SELECT * FROM `c_nation` ORDER BY id  [ RunTime:0.0140s ]
SQL: SHOW COLUMNS FROM `c_stock` [ RunTime:0.0030s ]
SQL: SELECT * FROM `c_stock` WHERE `cid` IN ('931','932','933','934','935','936','937','938','939','940')  [ RunTime:0.0020s ]

[ 2016-10-19T12:02:57+08:00 ] 127.0.0.1 /cooler/index.php/Home/Cooler/getcooler
INFO: [ app_begin ] --START--
INFO: Run Behavior\ReadHtmlCacheBehavior [ RunTime:0.000000s ]
INFO: [ app_begin ] --END-- [ RunTime:0.001000s ]
SQL: SHOW COLUMNS FROM `c_nation` [ RunTime:0.0030s ]
SQL: SELECT * FROM `c_nation` ORDER BY id  [ RunTime:0.0210s ]
SQL: SHOW COLUMNS FROM `c_stock` [ RunTime:0.0030s ]
SQL: SELECT * FROM `c_stock` WHERE `cid` IN ('970','971','972','973','974','975','976','977')  [ RunTime:0.0020s ]

[ 2016-10-19T12:05:40+08:00 ] 127.0.0.1 /cooler/index.php/Home/Cooler/getcooler
INFO: [ app_begin ] --START--
INFO: Run Behavior\ReadHtmlCacheBehavior [ RunTime:0.002000s ]
INFO: [ app_begin ] --END-- [ RunTime:0.004000s ]
SQL: SHOW COLUMNS FROM `c_nation` [ RunTime:0.0060s ]
SQL: SELECT * FROM `c_nation` ORDER BY id  [ RunTime:0.0310s ]
SQL: SHOW COLUMNS FROM `c_stock` [ RunTime:0.0040s ]
SQL: SELECT * FROM `c_stock` WHERE `cid` IN ('1557','1558','1559','1560','1561','1562','1563','1564','1565','1566','1567','1568','1569')  [ RunTime:0.0020s ]

[ 2016-10-19T12:05:50+08:00 ] 127.0.0.1 /cooler/index.php/Home/Cooler/getcooler
INFO: [ app_begin ] --START--
INFO: Run Behavior\ReadHtmlCacheBehavior [ RunTime:0.001000s ]
INFO: [ app_begin ] --END-- [ RunTime:0.002000s ]
SQL: SHOW COLUMNS FROM `c_nation` [ RunTime:0.0050s ]
SQL: SELECT * FROM `c_nation` ORDER BY id  [ RunTime:0.0230s ]
SQL: SHOW COLUMNS FROM `c_stock` [ RunTime:0.0030s ]
SQL: SELECT * FROM `c_stock` WHERE `cid` IN ('1578','1579','1580','1581','1582','1583')  [ RunTime:0.0020s ]

[ 2016-10-19T12:06:26+08:00 ] 127.0.0.1 /cooler/index.php/Home/Cooler/getcooler
INFO: [ app_begin ] --START--
INFO: Run Behavior\ReadHtmlCacheBehavior [ RunTime:0.001000s ]
INFO: [ app_begin ] --END-- [ RunTime:0.001000s ]
SQL: SHOW COLUMNS FROM `c_nation` [ RunTime:0.0030s ]
SQL: SELECT * FROM `c_nation` ORDER BY id  [ RunTime:0.0140s ]
SQL: SHOW COLUMNS FROM `c_stock` [ RunTime:0.0040s ]
SQL: SELECT * FROM `c_stock` WHERE `cid` IN ('920','921','922','923','924','925','926','927','928','929','930')  [ RunTime:0.0020s ]

[ 2016-10-19T12:06:33+08:00 ] 127.0.0.1 /cooler/index.php/Home/Cooler/getcooler
INFO: [ app_begin ] --START--
INFO: Run Behavior\ReadHtmlCacheBehavior [ RunTime:0.001000s ]
INFO: [ app_begin ] --END-- [ RunTime:0.002000s ]
SQL: SHOW COLUMNS FROM `c_nation` [ RunTime:0.0030s ]
SQL: SELECT * FROM `c_nation` ORDER BY id  [ RunTime:0.0150s ]
SQL: SHOW COLUMNS FROM `c_stock` [ RunTime:0.0040s ]
SQL: SELECT * FROM `c_stock` WHERE `cid` IN ('941','942','943','944','945','946','947','948')  [ RunTime:0.0020s ]

[ 2016-10-19T12:06:38+08:00 ] 127.0.0.1 /cooler/index.php/Home/Cooler/getcooler
INFO: [ app_begin ] --START--
INFO: Run Behavior\ReadHtmlCacheBehavior [ RunTime:0.001000s ]
INFO: [ app_begin ] --END-- [ RunTime:0.001000s ]
SQL: SHOW COLUMNS FROM `c_nation` [ RunTime:0.0030s ]
SQL: SELECT * FROM `c_nation` ORDER BY id  [ RunTime:0.0130s ]
SQL: SHOW COLUMNS FROM `c_stock` [ RunTime:0.0030s ]
SQL: SELECT * FROM `c_stock` WHERE `cid` IN ('959','960','961','962','963','964','965','966','967','968','969')  [ RunTime:0.0020s ]

[ 2016-10-19T12:07:00+08:00 ] 127.0.0.1 /cooler/index.php/Home/Cooler/getcooler
INFO: [ app_begin ] --START--
INFO: Run Behavior\ReadHtmlCacheBehavior [ RunTime:0.000000s ]
INFO: [ app_begin ] --END-- [ RunTime:0.001000s ]
SQL: SHOW COLUMNS FROM `c_nation` [ RunTime:0.0040s ]
SQL: SELECT * FROM `c_nation` ORDER BY id  [ RunTime:0.0170s ]
SQL: SHOW COLUMNS FROM `c_stock` [ RunTime:0.0030s ]
SQL: SELECT * FROM `c_stock` WHERE `cid` IN ('889','890','891','892','893','894','895','896','897','898')  [ RunTime:0.0030s ]

[ 2016-10-19T12:07:41+08:00 ] 127.0.0.1 /cooler/index.php/Home/Cooler/getcooler
INFO: [ app_begin ] --START--
INFO: Run Behavior\ReadHtmlCacheBehavior [ RunTime:0.001000s ]
INFO: [ app_begin ] --END-- [ RunTime:0.002000s ]
SQL: SHOW COLUMNS FROM `c_nation` [ RunTime:0.0040s ]
SQL: SELECT * FROM `c_nation` ORDER BY id  [ RunTime:0.0220s ]
SQL: SHOW COLUMNS FROM `c_stock` [ RunTime:0.0030s ]
SQL: SELECT * FROM `c_stock` WHERE `cid` IN ('994','995','996','997','998','999','1000')  [ RunTime:0.0020s ]

[ 2016-10-19T12:07:47+08:00 ] 127.0.0.1 /cooler/index.php/Home/Cooler/getcooler
INFO: [ app_begin ] --START--
INFO: Run Behavior\ReadHtmlCacheBehavior [ RunTime:0.000000s ]
INFO: [ app_begin ] --END-- [ RunTime:0.001000s ]
SQL: SHOW COLUMNS FROM `c_nation` [ RunTime:0.0030s ]
SQL: SELECT * FROM `c_nation` ORDER BY id  [ RunTime:0.0140s ]
SQL: SHOW COLUMNS FROM `c_stock` [ RunTime:0.0040s ]
SQL: SELECT * FROM `c_stock` WHERE `cid` IN ('978','979','980','981','982','983','984','985')  [ RunTime:0.0020s ]

[ 2016-10-19T12:07:53+08:00 ] 127.0.0.1 /cooler/index.php/Home/Cooler/getcooler
INFO: [ app_begin ] --START--
INFO: Run Behavior\ReadHtmlCacheBehavior [ RunTime:0.001000s ]
INFO: [ app_begin ] --END-- [ RunTime:0.001000s ]
SQL: SHOW COLUMNS FROM `c_nation` [ RunTime:0.0030s ]
SQL: SELECT * FROM `c_nation` ORDER BY id  [ RunTime:0.0150s ]
SQL: SHOW COLUMNS FROM `c_stock` [ RunTime:0.0030s ]
SQL: SELECT * FROM `c_stock` WHERE `cid` IN ('959','960','961','962','963','964','965','966','967','968','969')  [ RunTime:0.0030s ]

[ 2016-10-19T12:08:11+08:00 ] 127.0.0.1 /cooler/index.php/Home/Cooler/getcooler
INFO: [ app_begin ] --START--
INFO: Run Behavior\ReadHtmlCacheBehavior [ RunTime:0.001000s ]
INFO: [ app_begin ] --END-- [ RunTime:0.002000s ]
SQL: SHOW COLUMNS FROM `c_nation` [ RunTime:0.0030s ]
SQL: SELECT * FROM `c_nation` ORDER BY id  [ RunTime:0.0140s ]
SQL: SHOW COLUMNS FROM `c_stock` [ RunTime:0.0030s ]
SQL: SELECT * FROM `c_stock` WHERE `cid` IN ('876','877','878','879','880','881','882','883','884','885','886','887','888')  [ RunTime:0.0020s ]

[ 2016-10-19T12:08:17+08:00 ] 127.0.0.1 /cooler/index.php/Home/Cooler/getcooler
INFO: [ app_begin ] --START--
INFO: Run Behavior\ReadHtmlCacheBehavior [ RunTime:0.001000s ]
INFO: [ app_begin ] --END-- [ RunTime:0.002000s ]
SQL: SHOW COLUMNS FROM `c_nation` [ RunTime:0.0030s ]
SQL: SELECT * FROM `c_nation` ORDER BY id  [ RunTime:0.0240s ]
SQL: SHOW COLUMNS FROM `c_stock` [ RunTime:0.0040s ]
SQL: SELECT * FROM `c_stock` WHERE `cid` IN ('899','900','901','902','903','904','905','906','907','908','909','910')  [ RunTime:0.0020s ]

[ 2016-10-19T12:08:23+08:00 ] 127.0.0.1 /cooler/index.php/Home/Cooler/getcooler
INFO: [ app_begin ] --START--
INFO: Run Behavior\ReadHtmlCacheBehavior [ RunTime:0.001000s ]
INFO: [ app_begin ] --END-- [ RunTime:0.001000s ]
SQL: SHOW COLUMNS FROM `c_nation` [ RunTime:0.0040s ]
SQL: SELECT * FROM `c_nation` ORDER BY id  [ RunTime:0.0140s ]
SQL: SHOW COLUMNS FROM `c_stock` [ RunTime:0.0030s ]
SQL: SELECT * FROM `c_stock` WHERE `cid` IN ('920','921','922','923','924','925','926','927','928','929','930')  [ RunTime:0.0040s ]

[ 2016-10-19T12:08:29+08:00 ] 127.0.0.1 /cooler/index.php/Home/Cooler/getcooler
INFO: [ app_begin ] --START--
INFO: Run Behavior\ReadHtmlCacheBehavior [ RunTime:0.001000s ]
INFO: [ app_begin ] --END-- [ RunTime:0.001000s ]
SQL: SHOW COLUMNS FROM `c_nation` [ RunTime:0.0050s ]
SQL: SELECT * FROM `c_nation` ORDER BY id  [ RunTime:0.0210s ]
SQL: SHOW COLUMNS FROM `c_stock` [ RunTime:0.0030s ]
SQL: SELECT * FROM `c_stock` WHERE `cid` IN ('941','942','943','944','945','946','947','948')  [ RunTime:0.0020s ]

[ 2016-10-19T12:08:34+08:00 ] 127.0.0.1 /cooler/index.php/Home/Cooler/getcooler
INFO: [ app_begin ] --START--
INFO: Run Behavior\ReadHtmlCacheBehavior [ RunTime:0.001000s ]
INFO: [ app_begin ] --END-- [ RunTime:0.001000s ]
SQL: SHOW COLUMNS FROM `c_nation` [ RunTime:0.0030s ]
SQL: SELECT * FROM `c_nation` ORDER BY id  [ RunTime:0.0150s ]

[ 2016-10-19T12:08:34+08:00 ] 127.0.0.1 /cooler/index.php/Home/Cooler/getcooler
INFO: [ app_begin ] --START--
INFO: Run Behavior\ReadHtmlCacheBehavior [ RunTime:0.000000s ]
INFO: [ app_begin ] --END-- [ RunTime:0.002000s ]
SQL: SHOW COLUMNS FROM `c_nation` [ RunTime:0.0030s ]
SQL: SELECT * FROM `c_nation` ORDER BY id  [ RunTime:0.0140s ]

[ 2016-10-19T12:08:40+08:00 ] 127.0.0.1 /cooler/index.php/Home/Cooler/getcooler
INFO: [ app_begin ] --START--
INFO: Run Behavior\ReadHtmlCacheBehavior [ RunTime:0.000000s ]
INFO: [ app_begin ] --END-- [ RunTime:0.000000s ]
SQL: SHOW COLUMNS FROM `c_nation` [ RunTime:0.0020s ]
SQL: SELECT * FROM `c_nation` ORDER BY id  [ RunTime:0.0140s ]
SQL: SHOW COLUMNS FROM `c_stock` [ RunTime:0.0030s ]
SQL: SELECT * FROM `c_stock` WHERE `cid` IN ('994','995','996','997','998','999','1000')  [ RunTime:0.0020s ]

[ 2016-10-19T12:08:46+08:00 ] 127.0.0.1 /cooler/index.php/Home/Cooler/getcooler
INFO: [ app_begin ] --START--
INFO: Run Behavior\ReadHtmlCacheBehavior [ RunTime:0.000000s ]
INFO: [ app_begin ] --END-- [ RunTime:0.002000s ]
SQL: SHOW COLUMNS FROM `c_nation` [ RunTime:0.0030s ]
SQL: SELECT * FROM `c_nation` ORDER BY id  [ RunTime:0.0160s ]
SQL: SHOW COLUMNS FROM `c_stock` [ RunTime:0.0040s ]
SQL: SELECT * FROM `c_stock` WHERE `cid` IN ('986','987','988','989','990','991','992','993')  [ RunTime:0.0020s ]

[ 2016-10-19T12:08:52+08:00 ] 127.0.0.1 /cooler/index.php/Home/Cooler/getcooler
INFO: [ app_begin ] --START--
INFO: Run Behavior\ReadHtmlCacheBehavior [ RunTime:0.001000s ]
INFO: [ app_begin ] --END-- [ RunTime:0.001000s ]
SQL: SHOW COLUMNS FROM `c_nation` [ RunTime:0.0030s ]
SQL: SELECT * FROM `c_nation` ORDER BY id  [ RunTime:0.0140s ]
SQL: SHOW COLUMNS FROM `c_stock` [ RunTime:0.0030s ]
SQL: SELECT * FROM `c_stock` WHERE `cid` IN ('970','971','972','973','974','975','976','977')  [ RunTime:0.0020s ]

[ 2016-10-19T12:08:58+08:00 ] 127.0.0.1 /cooler/index.php/Home/Cooler/getcooler
INFO: [ app_begin ] --START--
INFO: Run Behavior\ReadHtmlCacheBehavior [ RunTime:0.001000s ]
INFO: [ app_begin ] --END-- [ RunTime:0.002000s ]
SQL: SHOW COLUMNS FROM `c_nation` [ RunTime:0.0040s ]
SQL: SELECT * FROM `c_nation` ORDER BY id  [ RunTime:0.0140s ]
SQL: SHOW COLUMNS FROM `c_stock` [ RunTime:0.0030s ]
SQL: SELECT * FROM `c_stock` WHERE `cid` IN ('949','950','951','952','953','954','955','956','957','958')  [ RunTime:0.0020s ]

[ 2016-10-19T12:09:04+08:00 ] 127.0.0.1 /cooler/index.php/Home/Cooler/getcooler
INFO: [ app_begin ] --START--
INFO: Run Behavior\ReadHtmlCacheBehavior [ RunTime:0.000000s ]
INFO: [ app_begin ] --END-- [ RunTime:0.001000s ]
SQL: SHOW COLUMNS FROM `c_nation` [ RunTime:0.0030s ]
SQL: SELECT * FROM `c_nation` ORDER BY id  [ RunTime:0.0140s ]

[ 2016-10-19T12:09:04+08:00 ] 127.0.0.1 /cooler/index.php/Home/Cooler/getcooler
INFO: [ app_begin ] --START--
INFO: Run Behavior\ReadHtmlCacheBehavior [ RunTime:0.000000s ]
INFO: [ app_begin ] --END-- [ RunTime:0.001000s ]
SQL: SHOW COLUMNS FROM `c_nation` [ RunTime:0.0040s ]
SQL: SELECT * FROM `c_nation` ORDER BY id  [ RunTime:0.0160s ]

[ 2016-10-19T12:09:10+08:00 ] 127.0.0.1 /cooler/index.php/Home/Cooler/getcooler
INFO: [ app_begin ] --START--
INFO: Run Behavior\ReadHtmlCacheBehavior [ RunTime:0.001000s ]
INFO: [ app_begin ] --END-- [ RunTime:0.001000s ]
SQL: SHOW COLUMNS FROM `c_nation` [ RunTime:0.0030s ]
SQL: SELECT * FROM `c_nation` ORDER BY id  [ RunTime:0.0140s ]

[ 2016-10-19T12:09:16+08:00 ] 127.0.0.1 /cooler/index.php/Home/Cooler/getcooler
INFO: [ app_begin ] --START--
INFO: Run Behavior\ReadHtmlCacheBehavior [ RunTime:0.001000s ]
INFO: [ app_begin ] --END-- [ RunTime:0.001000s ]
SQL: SHOW COLUMNS FROM `c_nation` [ RunTime:0.0030s ]
SQL: SELECT * FROM `c_nation` ORDER BY id  [ RunTime:0.0130s ]
SQL: SHOW COLUMNS FROM `c_stock` [ RunTime:0.0030s ]
SQL: SELECT * FROM `c_stock` WHERE `cid` IN ('1480','1481','1482','1483','1484','1485','1486','1487','1488','1489','1490','1491')  [ RunTime:0.0030s ]

[ 2016-10-19T12:09:22+08:00 ] 127.0.0.1 /cooler/index.php/Home/Cooler/getcooler
INFO: [ app_begin ] --START--
INFO: Run Behavior\ReadHtmlCacheBehavior [ RunTime:0.001000s ]
INFO: [ app_begin ] --END-- [ RunTime:0.002000s ]
SQL: SHOW COLUMNS FROM `c_nation` [ RunTime:0.0030s ]
SQL: SELECT * FROM `c_nation` ORDER BY id  [ RunTime:0.0150s ]
SQL: SHOW COLUMNS FROM `c_stock` [ RunTime:0.0030s ]
SQL: SELECT * FROM `c_stock` WHERE `cid` IN ('1504','1505','1506','1507','1508','1509','1510','1511','1512','1513')  [ RunTime:0.0020s ]

[ 2016-10-19T12:09:28+08:00 ] 127.0.0.1 /cooler/index.php/Home/Cooler/getcooler
INFO: [ app_begin ] --START--
INFO: Run Behavior\ReadHtmlCacheBehavior [ RunTime:0.000000s ]
INFO: [ app_begin ] --END-- [ RunTime:0.001000s ]
SQL: SHOW COLUMNS FROM `c_nation` [ RunTime:0.0030s ]
SQL: SELECT * FROM `c_nation` ORDER BY id  [ RunTime:0.0170s ]

[ 2016-10-19T12:09:34+08:00 ] 127.0.0.1 /cooler/index.php/Home/Cooler/getcooler
INFO: [ app_begin ] --START--
INFO: Run Behavior\ReadHtmlCacheBehavior [ RunTime:0.001000s ]
INFO: [ app_begin ] --END-- [ RunTime:0.001000s ]
SQL: SHOW COLUMNS FROM `c_nation` [ RunTime:0.0030s ]
SQL: SELECT * FROM `c_nation` ORDER BY id  [ RunTime:0.0160s ]
SQL: SHOW COLUMNS FROM `c_stock` [ RunTime:0.0030s ]
SQL: SELECT * FROM `c_stock` WHERE `cid` IN ('1543','1544','1545','1546','1547','1548','1549','1550','1551','1552','1553','1554','1555','1556')  [ RunTime:0.0020s ]

[ 2016-10-19T12:09:34+08:00 ] 127.0.0.1 /cooler/index.php/Home/Cooler/getcooler
INFO: [ app_begin ] --START--
INFO: Run Behavior\ReadHtmlCacheBehavior [ RunTime:0.000000s ]
INFO: [ app_begin ] --END-- [ RunTime:0.001000s ]
SQL: SHOW COLUMNS FROM `c_nation` [ RunTime:0.0030s ]
SQL: SELECT * FROM `c_nation` ORDER BY id  [ RunTime:0.0150s ]

[ 2016-10-19T12:09:40+08:00 ] 127.0.0.1 /cooler/index.php/Home/Cooler/getcooler
INFO: [ app_begin ] --START--
INFO: Run Behavior\ReadHtmlCacheBehavior [ RunTime:0.001000s ]
INFO: [ app_begin ] --END-- [ RunTime:0.001000s ]
SQL: SHOW COLUMNS FROM `c_nation` [ RunTime:0.0040s ]
SQL: SELECT * FROM `c_nation` ORDER BY id  [ RunTime:0.0130s ]

[ 2016-10-19T12:09:46+08:00 ] 127.0.0.1 /cooler/index.php/Home/Cooler/getcooler
INFO: [ app_begin ] --START--
INFO: Run Behavior\ReadHtmlCacheBehavior [ RunTime:0.001000s ]
INFO: [ app_begin ] --END-- [ RunTime:0.001000s ]
SQL: SHOW COLUMNS FROM `c_nation` [ RunTime:0.0030s ]
SQL: SELECT * FROM `c_nation` ORDER BY id  [ RunTime:0.0140s ]
SQL: SHOW COLUMNS FROM `c_stock` [ RunTime:0.0030s ]
SQL: SELECT * FROM `c_stock` WHERE `cid` IN ('1594','1595','1596','1597','1598','1599','1600','1601','1602','1603','1604','1605','1606','1607')  [ RunTime:0.0020s ]

[ 2016-10-19T12:09:51+08:00 ] 127.0.0.1 /cooler/index.php/Home/Cooler/getcooler
INFO: [ app_begin ] --START--
INFO: Run Behavior\ReadHtmlCacheBehavior [ RunTime:0.001000s ]
INFO: [ app_begin ] --END-- [ RunTime:0.002000s ]
SQL: SHOW COLUMNS FROM `c_nation` [ RunTime:0.0030s ]
SQL: SELECT * FROM `c_nation` ORDER BY id  [ RunTime:0.0130s ]
SQL: SHOW COLUMNS FROM `c_stock` [ RunTime:0.0040s ]
SQL: SELECT * FROM `c_stock` WHERE `cid` IN ('1621','1622','1623','1624','1625','1626','1627','1628','1629','1630')  [ RunTime:0.0020s ]

[ 2016-10-19T12:09:57+08:00 ] 127.0.0.1 /cooler/index.php/Home/Cooler/getcooler
INFO: [ app_begin ] --START--
INFO: Run Behavior\ReadHtmlCacheBehavior [ RunTime:0.001000s ]
INFO: [ app_begin ] --END-- [ RunTime:0.001000s ]
SQL: SHOW COLUMNS FROM `c_nation` [ RunTime:0.0030s ]
SQL: SELECT * FROM `c_nation` ORDER BY id  [ RunTime:0.0140s ]
SQL: SHOW COLUMNS FROM `c_stock` [ RunTime:0.0030s ]
SQL: SELECT * FROM `c_stock` WHERE `cid` IN ('1640','1641','1642','1643','1644','1645','1646','1647','1648','1649','1650')  [ RunTime:0.0020s ]

[ 2016-10-19T12:10:03+08:00 ] 127.0.0.1 /cooler/index.php/Home/Cooler/getcooler
INFO: [ app_begin ] --START--
INFO: Run Behavior\ReadHtmlCacheBehavior [ RunTime:0.001000s ]
INFO: [ app_begin ] --END-- [ RunTime:0.001000s ]
SQL: SHOW COLUMNS FROM `c_nation` [ RunTime:0.0030s ]
SQL: SELECT * FROM `c_nation` ORDER BY id  [ RunTime:0.0130s ]
SQL: SHOW COLUMNS FROM `c_stock` [ RunTime:0.0030s ]
SQL: SELECT * FROM `c_stock` WHERE `cid` IN ('1631','1632','1633','1634','1635','1636','1637','1638','1639')  [ RunTime:0.0020s ]

[ 2016-10-19T12:10:04+08:00 ] 127.0.0.1 /cooler/index.php/Home/Cooler/getcooler
INFO: [ app_begin ] --START--
INFO: Run Behavior\ReadHtmlCacheBehavior [ RunTime:0.000000s ]
INFO: [ app_begin ] --END-- [ RunTime:0.001000s ]
SQL: SHOW COLUMNS FROM `c_nation` [ RunTime:0.0030s ]
SQL: SELECT * FROM `c_nation` ORDER BY id  [ RunTime:0.0150s ]

[ 2016-10-19T12:10:10+08:00 ] 127.0.0.1 /cooler/index.php/Home/Cooler/getcooler
INFO: [ app_begin ] --START--
INFO: Run Behavior\ReadHtmlCacheBehavior [ RunTime:0.001000s ]
INFO: [ app_begin ] --END-- [ RunTime:0.001000s ]
SQL: SHOW COLUMNS FROM `c_nation` [ RunTime:0.0030s ]
SQL: SELECT * FROM `c_nation` ORDER BY id  [ RunTime:0.0140s ]

[ 2016-10-19T12:10:16+08:00 ] 127.0.0.1 /cooler/index.php/Home/Cooler/getcooler
INFO: [ app_begin ] --START--
INFO: Run Behavior\ReadHtmlCacheBehavior [ RunTime:0.000000s ]
INFO: [ app_begin ] --END-- [ RunTime:0.001000s ]
SQL: SHOW COLUMNS FROM `c_nation` [ RunTime:0.0030s ]
SQL: SELECT * FROM `c_nation` ORDER BY id  [ RunTime:0.0140s ]

[ 2016-10-19T12:10:21+08:00 ] 127.0.0.1 /cooler/index.php/Home/Cooler/getcooler
INFO: [ app_begin ] --START--
INFO: Run Behavior\ReadHtmlCacheBehavior [ RunTime:0.000000s ]
INFO: [ app_begin ] --END-- [ RunTime:0.001000s ]
SQL: SHOW COLUMNS FROM `c_nation` [ RunTime:0.0030s ]
SQL: SELECT * FROM `c_nation` ORDER BY id  [ RunTime:0.0140s ]

[ 2016-10-19T12:10:27+08:00 ] 127.0.0.1 /cooler/index.php/Home/Cooler/getcooler
INFO: [ app_begin ] --START--
INFO: Run Behavior\ReadHtmlCacheBehavior [ RunTime:0.001000s ]
INFO: [ app_begin ] --END-- [ RunTime:0.002000s ]
SQL: SHOW COLUMNS FROM `c_nation` [ RunTime:0.0030s ]
SQL: SELECT * FROM `c_nation` ORDER BY id  [ RunTime:0.0140s ]

[ 2016-10-19T12:10:33+08:00 ] 127.0.0.1 /cooler/index.php/Home/Cooler/getcooler
INFO: [ app_begin ] --START--
INFO: Run Behavior\ReadHtmlCacheBehavior [ RunTime:0.001000s ]
INFO: [ app_begin ] --END-- [ RunTime:0.001000s ]
SQL: SHOW COLUMNS FROM `c_nation` [ RunTime:0.0040s ]
SQL: SELECT * FROM `c_nation` ORDER BY id  [ RunTime:0.0140s ]
SQL: SHOW COLUMNS FROM `c_stock` [ RunTime:0.0030s ]
SQL: SELECT * FROM `c_stock` WHERE `cid` IN ('1514','1515','1516','1517','1518','1519','1520','1521')  [ RunTime:0.0020s ]

[ 2016-10-19T12:10:34+08:00 ] 127.0.0.1 /cooler/index.php/Home/Cooler/getcooler
INFO: [ app_begin ] --START--
INFO: Run Behavior\ReadHtmlCacheBehavior [ RunTime:0.001000s ]
INFO: [ app_begin ] --END-- [ RunTime:0.001000s ]
SQL: SHOW COLUMNS FROM `c_nation` [ RunTime:0.0030s ]
SQL: SELECT * FROM `c_nation` ORDER BY id  [ RunTime:0.0130s ]

[ 2016-10-19T15:45:36+08:00 ] 127.0.0.1 /cooler/index.php/Home/Cooler/getcooler
INFO: [ app_begin ] --START--
INFO: Run Behavior\ReadHtmlCacheBehavior [ RunTime:0.000000s ]
INFO: [ app_begin ] --END-- [ RunTime:0.001000s ]
SQL: SHOW COLUMNS FROM `c_nation` [ RunTime:0.0030s ]
SQL: SELECT * FROM `c_nation` ORDER BY id  [ RunTime:0.0100s ]
SQL: SHOW COLUMNS FROM `c_stock` [ RunTime:0.0040s ]
SQL: SELECT * FROM `c_stock` WHERE `cid` IN ('2126','2127','2128','2129','2130','2131','2132','2133','2134','2135','2136','2137','2138')  [ RunTime:0.0020s ]

[ 2016-10-19T15:45:41+08:00 ] 127.0.0.1 /cooler/index.php/Home/Cooler/getcooler
INFO: [ app_begin ] --START--
INFO: Run Behavior\ReadHtmlCacheBehavior [ RunTime:0.000000s ]
INFO: [ app_begin ] --END-- [ RunTime:0.001000s ]
SQL: SHOW COLUMNS FROM `c_nation` [ RunTime:0.0040s ]
SQL: SELECT * FROM `c_nation` ORDER BY id  [ RunTime:0.0110s ]
SQL: SHOW COLUMNS FROM `c_stock` [ RunTime:0.0040s ]
SQL: SELECT * FROM `c_stock` WHERE `cid` IN ('2151','2152','2153','2154','2155','2156','2157','2158')  [ RunTime:0.0020s ]

[ 2016-10-19T17:10:38+08:00 ] 127.0.0.1 /cooler/index.php/Home/Cooler/getcooler
INFO: [ app_begin ] --START--
INFO: Run Behavior\ReadHtmlCacheBehavior [ RunTime:0.000000s ]
INFO: [ app_begin ] --END-- [ RunTime:0.001000s ]
SQL: SHOW COLUMNS FROM `c_nation` [ RunTime:0.0050s ]
SQL: SELECT * FROM `c_nation` ORDER BY id  [ RunTime:0.0180s ]
SQL: SHOW COLUMNS FROM `c_stock` [ RunTime:0.0030s ]
SQL: SELECT * FROM `c_stock` WHERE `cid` IN ('920','921','922','923','924','925','926','927','928','929','930')  [ RunTime:0.0020s ]

