[ 2016-06-10T07:51:10+08:00 ] 127.0.0.1 /cooler/index.php/VAR_CONTROLLER/Index/index.html
INFO: [ app_init ] --START--
INFO: Run Behavior\BuildLiteBehavior [ RunTime:0.000000s ]
INFO: [ app_init ] --END-- [ RunTime:0.000000s ]
ERR: 无法加载模块:VAR_CONTROLLER

[ 2016-06-10T07:51:24+08:00 ] 127.0.0.1 /cooler/index.php/VAR_CONTROLLER/Index/index.html
INFO: [ app_init ] --START--
INFO: Run Behavior\BuildLiteBehavior [ RunTime:0.000000s ]
INFO: [ app_init ] --END-- [ RunTime:0.000000s ]
ERR: 无法加载模块:VAR_CONTROLLER

[ 2016-06-10T08:39:15+08:00 ] 127.0.0.1 /cooler/index.php/GROUP_NAME/Blog/index.html
INFO: [ app_init ] --START--
INFO: Run Behavior\BuildLiteBehavior [ RunTime:0.000000s ]
INFO: [ app_init ] --END-- [ RunTime:0.000000s ]
ERR: 无法加载模块:GROUP_NAME

[ 2016-06-10T08:39:24+08:00 ] 127.0.0.1 /cooler/index.php/GROUP_NAME/Blog/index.html
INFO: [ app_init ] --START--
INFO: Run Behavior\BuildLiteBehavior [ RunTime:0.000000s ]
INFO: [ app_init ] --END-- [ RunTime:0.000000s ]
ERR: 无法加载模块:GROUP_NAME

[ 2016-06-10T09:53:32+08:00 ] 127.0.0.1 /cooler/i
INFO: [ app_init ] --START--
INFO: Run Behavior\BuildLiteBehavior [ RunTime:0.001000s ]
INFO: [ app_init ] --END-- [ RunTime:0.001000s ]
ERR: 无法加载模块:I

