[ 2016-06-05T06:31:23+08:00 ] 127.0.0.1 /cooler/img/arrow-white.png
INFO: [ app_init ] --START--
INFO: Run Behavior\BuildLiteBehavior [ RunTime:0.000000s ]
INFO: [ app_init ] --END-- [ RunTime:0.001000s ]
ERR: 无法加载模块:Img

[ 2016-06-05T06:33:23+08:00 ] 127.0.0.1 /cooler/img/arrow-white.png
INFO: [ app_init ] --START--
INFO: Run Behavior\BuildLiteBehavior [ RunTime:0.000000s ]
INFO: [ app_init ] --END-- [ RunTime:0.000000s ]
ERR: 无法加载模块:Img

[ 2016-06-05T06:33:37+08:00 ] 127.0.0.1 /cooler/img/arrow-white.png
INFO: [ app_init ] --START--
INFO: Run Behavior\BuildLiteBehavior [ RunTime:0.000000s ]
INFO: [ app_init ] --END-- [ RunTime:0.000000s ]
ERR: 无法加载模块:Img

[ 2016-06-05T06:33:39+08:00 ] 127.0.0.1 /cooler/img/arrow-white.png
INFO: [ app_init ] --START--
INFO: Run Behavior\BuildLiteBehavior [ RunTime:0.000000s ]
INFO: [ app_init ] --END-- [ RunTime:0.001000s ]
ERR: 无法加载模块:Img

[ 2016-06-05T06:33:54+08:00 ] 127.0.0.1 /cooler/img/arrow-white.png
INFO: [ app_init ] --START--
INFO: Run Behavior\BuildLiteBehavior [ RunTime:0.000000s ]
INFO: [ app_init ] --END-- [ RunTime:0.000000s ]
ERR: 无法加载模块:Img

[ 2016-06-05T06:33:55+08:00 ] 127.0.0.1 /cooler/img/arrow-white.png
INFO: [ app_init ] --START--
INFO: Run Behavior\BuildLiteBehavior [ RunTime:0.000000s ]
INFO: [ app_init ] --END-- [ RunTime:0.000000s ]
ERR: 无法加载模块:Img

[ 2016-06-05T06:33:56+08:00 ] 127.0.0.1 /cooler/img/arrow-white.png
INFO: [ app_init ] --START--
INFO: Run Behavior\BuildLiteBehavior [ RunTime:0.000000s ]
INFO: [ app_init ] --END-- [ RunTime:0.000000s ]
ERR: 无法加载模块:Img

[ 2016-06-05T06:33:56+08:00 ] 127.0.0.1 /cooler/img/arrow-white.png
INFO: [ app_init ] --START--
INFO: Run Behavior\BuildLiteBehavior [ RunTime:0.000000s ]
INFO: [ app_init ] --END-- [ RunTime:0.001000s ]
ERR: 无法加载模块:Img

[ 2016-06-05T06:33:59+08:00 ] 127.0.0.1 /cooler/img/arrow-white.png
INFO: [ app_init ] --START--
INFO: Run Behavior\BuildLiteBehavior [ RunTime:0.000000s ]
INFO: [ app_init ] --END-- [ RunTime:0.000000s ]
ERR: 无法加载模块:Img

[ 2016-06-05T06:34:42+08:00 ] 127.0.0.1 /cooler/img/arrow-white.png
INFO: [ app_init ] --START--
INFO: Run Behavior\BuildLiteBehavior [ RunTime:0.000000s ]
INFO: [ app_init ] --END-- [ RunTime:0.000000s ]
ERR: 无法加载模块:Img

