[ 2016-06-12T21:43:19+08:00 ] 127.0.0.1 /cooler/index.php/Home/Index/select/county/1
INFO: [ app_init ] --START--
INFO: Run Behavior\BuildLiteBehavior [ RunTime:0.000000s ]
INFO: [ app_init ] --END-- [ RunTime:0.001000s ]
INFO: [ app_begin ] --START--
INFO: Run Behavior\ReadHtmlCacheBehavior [ RunTime:0.001000s ]
INFO: [ app_begin ] --END-- [ RunTime:0.001000s ]
ERR: 无法加载控制器:Home

[ 2016-06-12T21:43:43+08:00 ] 127.0.0.1 /cooler/index.php/Admin/Index/
INFO: [ app_init ] --START--
INFO: Run Behavior\BuildLiteBehavior [ RunTime:0.000000s ]
INFO: [ app_init ] --END-- [ RunTime:0.001000s ]
INFO: [ app_begin ] --START--
INFO: Run Behavior\ReadHtmlCacheBehavior [ RunTime:0.001000s ]
INFO: [ app_begin ] --END-- [ RunTime:0.001000s ]
INFO: [ view_parse ] --START--
INFO: [ template_filter ] --START--
INFO: Run Behavior\ContentReplaceBehavior [ RunTime:0.000000s ]
INFO: [ template_filter ] --END-- [ RunTime:0.000000s ]
INFO: Run Behavior\ParseTemplateBehavior [ RunTime:0.005000s ]
INFO: [ view_parse ] --END-- [ RunTime:0.006000s ]
INFO: [ view_filter ] --START--
INFO: Run Behavior\WriteHtmlCacheBehavior [ RunTime:0.000000s ]
INFO: [ view_filter ] --END-- [ RunTime:0.000000s ]
INFO: [ app_end ] --START--
INFO: Run Behavior\ShowPageTraceBehavior [ RunTime:0.001000s ]
INFO: [ app_end ] --END-- [ RunTime:0.001000s ]

[ 2016-06-12T21:48:06+08:00 ] 127.0.0.1 /cooler/index.php/Admin/Index/
INFO: [ app_init ] --START--
INFO: Run Behavior\BuildLiteBehavior [ RunTime:0.000000s ]
INFO: [ app_init ] --END-- [ RunTime:0.001000s ]
INFO: [ app_begin ] --START--
INFO: Run Behavior\ReadHtmlCacheBehavior [ RunTime:0.001000s ]
INFO: [ app_begin ] --END-- [ RunTime:0.001000s ]

[ 2016-06-12T21:48:46+08:00 ] 127.0.0.1 /cooler/index.php/Admin/Index/
INFO: [ app_init ] --START--
INFO: Run Behavior\BuildLiteBehavior [ RunTime:0.000000s ]
INFO: [ app_init ] --END-- [ RunTime:0.000000s ]
INFO: [ app_begin ] --START--
INFO: Run Behavior\ReadHtmlCacheBehavior [ RunTime:0.001000s ]
INFO: [ app_begin ] --END-- [ RunTime:0.001000s ]

[ 2016-06-12T21:48:47+08:00 ] 127.0.0.1 /cooler/index.php/Admin/Index/
INFO: [ app_init ] --START--
INFO: Run Behavior\BuildLiteBehavior [ RunTime:0.000000s ]
INFO: [ app_init ] --END-- [ RunTime:0.000000s ]
INFO: [ app_begin ] --START--
INFO: Run Behavior\ReadHtmlCacheBehavior [ RunTime:0.001000s ]
INFO: [ app_begin ] --END-- [ RunTime:0.001000s ]

[ 2016-06-12T21:48:47+08:00 ] 127.0.0.1 /cooler/index.php/Admin/Index/
INFO: [ app_init ] --START--
INFO: Run Behavior\BuildLiteBehavior [ RunTime:0.000000s ]
INFO: [ app_init ] --END-- [ RunTime:0.001000s ]
INFO: [ app_begin ] --START--
INFO: Run Behavior\ReadHtmlCacheBehavior [ RunTime:0.001000s ]
INFO: [ app_begin ] --END-- [ RunTime:0.001000s ]

[ 2016-06-12T21:48:48+08:00 ] 127.0.0.1 /cooler/index.php/Admin/Index/
INFO: [ app_init ] --START--
INFO: Run Behavior\BuildLiteBehavior [ RunTime:0.001000s ]
INFO: [ app_init ] --END-- [ RunTime:0.001000s ]
INFO: [ app_begin ] --START--
INFO: Run Behavior\ReadHtmlCacheBehavior [ RunTime:0.001000s ]
INFO: [ app_begin ] --END-- [ RunTime:0.001000s ]

[ 2016-06-12T21:48:52+08:00 ] 127.0.0.1 /cooler/index.php/Admin/Index/
INFO: [ app_init ] --START--
INFO: Run Behavior\BuildLiteBehavior [ RunTime:0.000000s ]
INFO: [ app_init ] --END-- [ RunTime:0.001000s ]
INFO: [ app_begin ] --START--
INFO: Run Behavior\ReadHtmlCacheBehavior [ RunTime:0.000000s ]
INFO: [ app_begin ] --END-- [ RunTime:0.001000s ]

[ 2016-06-12T21:48:52+08:00 ] 127.0.0.1 /cooler/index.php/Admin/Index/
INFO: [ app_init ] --START--
INFO: Run Behavior\BuildLiteBehavior [ RunTime:0.000000s ]
INFO: [ app_init ] --END-- [ RunTime:0.001000s ]
INFO: [ app_begin ] --START--
INFO: Run Behavior\ReadHtmlCacheBehavior [ RunTime:0.001000s ]
INFO: [ app_begin ] --END-- [ RunTime:0.002000s ]

[ 2016-06-12T21:48:53+08:00 ] 127.0.0.1 /cooler/index.php/Admin/Index/
INFO: [ app_init ] --START--
INFO: Run Behavior\BuildLiteBehavior [ RunTime:0.000000s ]
INFO: [ app_init ] --END-- [ RunTime:0.000000s ]
INFO: [ app_begin ] --START--
INFO: Run Behavior\ReadHtmlCacheBehavior [ RunTime:0.001000s ]
INFO: [ app_begin ] --END-- [ RunTime:0.002000s ]

[ 2016-06-12T21:48:53+08:00 ] 127.0.0.1 /cooler/index.php/Admin/Index/
INFO: [ app_init ] --START--
INFO: Run Behavior\BuildLiteBehavior [ RunTime:0.000000s ]
INFO: [ app_init ] --END-- [ RunTime:0.000000s ]
INFO: [ app_begin ] --START--
INFO: Run Behavior\ReadHtmlCacheBehavior [ RunTime:0.000000s ]
INFO: [ app_begin ] --END-- [ RunTime:0.000000s ]

[ 2016-06-12T21:48:53+08:00 ] 127.0.0.1 /cooler/index.php/Admin/Index/
INFO: [ app_init ] --START--
INFO: Run Behavior\BuildLiteBehavior [ RunTime:0.000000s ]
INFO: [ app_init ] --END-- [ RunTime:0.001000s ]
INFO: [ app_begin ] --START--
INFO: Run Behavior\ReadHtmlCacheBehavior [ RunTime:0.000000s ]
INFO: [ app_begin ] --END-- [ RunTime:0.001000s ]

[ 2016-06-12T21:48:53+08:00 ] 127.0.0.1 /cooler/index.php/Admin/Index/
INFO: [ app_init ] --START--
INFO: Run Behavior\BuildLiteBehavior [ RunTime:0.000000s ]
INFO: [ app_init ] --END-- [ RunTime:0.000000s ]
INFO: [ app_begin ] --START--
INFO: Run Behavior\ReadHtmlCacheBehavior [ RunTime:0.000000s ]
INFO: [ app_begin ] --END-- [ RunTime:0.000000s ]

[ 2016-06-12T21:48:53+08:00 ] 127.0.0.1 /cooler/index.php/Admin/Index/
INFO: [ app_init ] --START--
INFO: Run Behavior\BuildLiteBehavior [ RunTime:0.000000s ]
INFO: [ app_init ] --END-- [ RunTime:0.000000s ]
INFO: [ app_begin ] --START--
INFO: Run Behavior\ReadHtmlCacheBehavior [ RunTime:0.001000s ]
INFO: [ app_begin ] --END-- [ RunTime:0.001000s ]

[ 2016-06-12T21:48:53+08:00 ] 127.0.0.1 /cooler/index.php/Admin/Index/
INFO: [ app_init ] --START--
INFO: Run Behavior\BuildLiteBehavior [ RunTime:0.000000s ]
INFO: [ app_init ] --END-- [ RunTime:0.000000s ]
INFO: [ app_begin ] --START--
INFO: Run Behavior\ReadHtmlCacheBehavior [ RunTime:0.001000s ]
INFO: [ app_begin ] --END-- [ RunTime:0.001000s ]

[ 2016-06-12T21:48:53+08:00 ] 127.0.0.1 /cooler/index.php/Admin/Index/
INFO: [ app_init ] --START--
INFO: Run Behavior\BuildLiteBehavior [ RunTime:0.000000s ]
INFO: [ app_init ] --END-- [ RunTime:0.000000s ]
INFO: [ app_begin ] --START--
INFO: Run Behavior\ReadHtmlCacheBehavior [ RunTime:0.001000s ]
INFO: [ app_begin ] --END-- [ RunTime:0.001000s ]

[ 2016-06-12T21:48:53+08:00 ] 127.0.0.1 /cooler/index.php/Admin/Index/
INFO: [ app_init ] --START--
INFO: Run Behavior\BuildLiteBehavior [ RunTime:0.000000s ]
INFO: [ app_init ] --END-- [ RunTime:0.000000s ]
INFO: [ app_begin ] --START--
INFO: Run Behavior\ReadHtmlCacheBehavior [ RunTime:0.001000s ]
INFO: [ app_begin ] --END-- [ RunTime:0.001000s ]

[ 2016-06-12T21:48:53+08:00 ] 127.0.0.1 /cooler/index.php/Admin/Index/
INFO: [ app_init ] --START--
INFO: Run Behavior\BuildLiteBehavior [ RunTime:0.000000s ]
INFO: [ app_init ] --END-- [ RunTime:0.000000s ]
INFO: [ app_begin ] --START--
INFO: Run Behavior\ReadHtmlCacheBehavior [ RunTime:0.000000s ]
INFO: [ app_begin ] --END-- [ RunTime:0.000000s ]

[ 2016-06-12T21:48:53+08:00 ] 127.0.0.1 /cooler/index.php/Admin/Index/
INFO: [ app_init ] --START--
INFO: Run Behavior\BuildLiteBehavior [ RunTime:0.000000s ]
INFO: [ app_init ] --END-- [ RunTime:0.000000s ]
INFO: [ app_begin ] --START--
INFO: Run Behavior\ReadHtmlCacheBehavior [ RunTime:0.001000s ]
INFO: [ app_begin ] --END-- [ RunTime:0.001000s ]

[ 2016-06-12T21:48:56+08:00 ] 127.0.0.1 /cooler/index.php/Admin
INFO: [ app_init ] --START--
INFO: Run Behavior\BuildLiteBehavior [ RunTime:0.000000s ]
INFO: [ app_init ] --END-- [ RunTime:0.000000s ]
INFO: [ app_begin ] --START--
INFO: Run Behavior\ReadHtmlCacheBehavior [ RunTime:0.001000s ]
INFO: [ app_begin ] --END-- [ RunTime:0.001000s ]

[ 2016-06-12T21:49:03+08:00 ] 127.0.0.1 /cooler/index.php/Admin/Index/
INFO: [ app_init ] --START--
INFO: Run Behavior\BuildLiteBehavior [ RunTime:0.000000s ]
INFO: [ app_init ] --END-- [ RunTime:0.000000s ]
INFO: [ app_begin ] --START--
INFO: Run Behavior\ReadHtmlCacheBehavior [ RunTime:0.001000s ]
INFO: [ app_begin ] --END-- [ RunTime:0.001000s ]

[ 2016-06-12T21:51:34+08:00 ] 127.0.0.1 /cooler/index.php/Admin/Index/
INFO: [ app_init ] --START--
INFO: Run Behavior\BuildLiteBehavior [ RunTime:0.000000s ]
INFO: [ app_init ] --END-- [ RunTime:0.001000s ]
INFO: [ app_begin ] --START--
INFO: Run Behavior\ReadHtmlCacheBehavior [ RunTime:0.000000s ]
INFO: [ app_begin ] --END-- [ RunTime:0.001000s ]

[ 2016-06-12T21:51:36+08:00 ] 127.0.0.1 /cooler/index.php/Admin/Index/
INFO: [ app_init ] --START--
INFO: Run Behavior\BuildLiteBehavior [ RunTime:0.000000s ]
INFO: [ app_init ] --END-- [ RunTime:0.000000s ]
INFO: [ app_begin ] --START--
INFO: Run Behavior\ReadHtmlCacheBehavior [ RunTime:0.001000s ]
INFO: [ app_begin ] --END-- [ RunTime:0.001000s ]

[ 2016-06-12T21:51:36+08:00 ] 127.0.0.1 /cooler/index.php/Admin/Index/
INFO: [ app_init ] --START--
INFO: Run Behavior\BuildLiteBehavior [ RunTime:0.000000s ]
INFO: [ app_init ] --END-- [ RunTime:0.001000s ]
INFO: [ app_begin ] --START--
INFO: Run Behavior\ReadHtmlCacheBehavior [ RunTime:0.002000s ]
INFO: [ app_begin ] --END-- [ RunTime:0.002000s ]

[ 2016-06-12T21:51:36+08:00 ] 127.0.0.1 /cooler/index.php/Admin/Index/
INFO: [ app_init ] --START--
INFO: Run Behavior\BuildLiteBehavior [ RunTime:0.000000s ]
INFO: [ app_init ] --END-- [ RunTime:0.000000s ]
INFO: [ app_begin ] --START--
INFO: Run Behavior\ReadHtmlCacheBehavior [ RunTime:0.001000s ]
INFO: [ app_begin ] --END-- [ RunTime:0.001000s ]

[ 2016-06-12T21:51:37+08:00 ] 127.0.0.1 /cooler/index.php/Admin/Index/
INFO: [ app_init ] --START--
INFO: Run Behavior\BuildLiteBehavior [ RunTime:0.000000s ]
INFO: [ app_init ] --END-- [ RunTime:0.001000s ]
INFO: [ app_begin ] --START--
INFO: Run Behavior\ReadHtmlCacheBehavior [ RunTime:0.001000s ]
INFO: [ app_begin ] --END-- [ RunTime:0.001000s ]

[ 2016-06-12T21:51:37+08:00 ] 127.0.0.1 /cooler/index.php/Admin/Index/
INFO: [ app_init ] --START--
INFO: Run Behavior\BuildLiteBehavior [ RunTime:0.000000s ]
INFO: [ app_init ] --END-- [ RunTime:0.000000s ]
INFO: [ app_begin ] --START--
INFO: Run Behavior\ReadHtmlCacheBehavior [ RunTime:0.001000s ]
INFO: [ app_begin ] --END-- [ RunTime:0.001000s ]

[ 2016-06-12T21:51:37+08:00 ] 127.0.0.1 /cooler/index.php/Admin/Index/
INFO: [ app_init ] --START--
INFO: Run Behavior\BuildLiteBehavior [ RunTime:0.000000s ]
INFO: [ app_init ] --END-- [ RunTime:0.000000s ]
INFO: [ app_begin ] --START--
INFO: Run Behavior\ReadHtmlCacheBehavior [ RunTime:0.001000s ]
INFO: [ app_begin ] --END-- [ RunTime:0.001000s ]

[ 2016-06-12T21:51:37+08:00 ] 127.0.0.1 /cooler/index.php/Admin/Index/
INFO: [ app_init ] --START--
INFO: Run Behavior\BuildLiteBehavior [ RunTime:0.000000s ]
INFO: [ app_init ] --END-- [ RunTime:0.000000s ]
INFO: [ app_begin ] --START--
INFO: Run Behavior\ReadHtmlCacheBehavior [ RunTime:0.001000s ]
INFO: [ app_begin ] --END-- [ RunTime:0.001000s ]

[ 2016-06-12T21:51:37+08:00 ] 127.0.0.1 /cooler/index.php/Admin/Index/
INFO: [ app_init ] --START--
INFO: Run Behavior\BuildLiteBehavior [ RunTime:0.000000s ]
INFO: [ app_init ] --END-- [ RunTime:0.000000s ]
INFO: [ app_begin ] --START--
INFO: Run Behavior\ReadHtmlCacheBehavior [ RunTime:0.000000s ]
INFO: [ app_begin ] --END-- [ RunTime:0.000000s ]

[ 2016-06-12T21:51:37+08:00 ] 127.0.0.1 /cooler/index.php/Admin/Index/
INFO: [ app_init ] --START--
INFO: Run Behavior\BuildLiteBehavior [ RunTime:0.000000s ]
INFO: [ app_init ] --END-- [ RunTime:0.000000s ]
INFO: [ app_begin ] --START--
INFO: Run Behavior\ReadHtmlCacheBehavior [ RunTime:0.001000s ]
INFO: [ app_begin ] --END-- [ RunTime:0.001000s ]

[ 2016-06-12T21:51:37+08:00 ] 127.0.0.1 /cooler/index.php/Admin/Index/
INFO: [ app_init ] --START--
INFO: Run Behavior\BuildLiteBehavior [ RunTime:0.000000s ]
INFO: [ app_init ] --END-- [ RunTime:0.000000s ]
INFO: [ app_begin ] --START--
INFO: Run Behavior\ReadHtmlCacheBehavior [ RunTime:0.001000s ]
INFO: [ app_begin ] --END-- [ RunTime:0.001000s ]

[ 2016-06-12T21:51:37+08:00 ] 127.0.0.1 /cooler/index.php/Admin/Index/
INFO: [ app_init ] --START--
INFO: Run Behavior\BuildLiteBehavior [ RunTime:0.000000s ]
INFO: [ app_init ] --END-- [ RunTime:0.001000s ]
INFO: [ app_begin ] --START--
INFO: Run Behavior\ReadHtmlCacheBehavior [ RunTime:0.000000s ]
INFO: [ app_begin ] --END-- [ RunTime:0.000000s ]

[ 2016-06-12T21:51:37+08:00 ] 127.0.0.1 /cooler/index.php/Admin/Index/
INFO: [ app_init ] --START--
INFO: Run Behavior\BuildLiteBehavior [ RunTime:0.000000s ]
INFO: [ app_init ] --END-- [ RunTime:0.000000s ]
INFO: [ app_begin ] --START--
INFO: Run Behavior\ReadHtmlCacheBehavior [ RunTime:0.001000s ]
INFO: [ app_begin ] --END-- [ RunTime:0.001000s ]

[ 2016-06-12T21:51:37+08:00 ] 127.0.0.1 /cooler/index.php/Admin/Index/
INFO: [ app_init ] --START--
INFO: Run Behavior\BuildLiteBehavior [ RunTime:0.000000s ]
INFO: [ app_init ] --END-- [ RunTime:0.000000s ]
INFO: [ app_begin ] --START--
INFO: Run Behavior\ReadHtmlCacheBehavior [ RunTime:0.001000s ]
INFO: [ app_begin ] --END-- [ RunTime:0.001000s ]

[ 2016-06-12T21:51:37+08:00 ] 127.0.0.1 /cooler/index.php/Admin/Index/
INFO: [ app_init ] --START--
INFO: Run Behavior\BuildLiteBehavior [ RunTime:0.000000s ]
INFO: [ app_init ] --END-- [ RunTime:0.000000s ]
INFO: [ app_begin ] --START--
INFO: Run Behavior\ReadHtmlCacheBehavior [ RunTime:0.001000s ]
INFO: [ app_begin ] --END-- [ RunTime:0.001000s ]

[ 2016-06-12T21:51:38+08:00 ] 127.0.0.1 /cooler/index.php/Admin/Index/
INFO: [ app_init ] --START--
INFO: Run Behavior\BuildLiteBehavior [ RunTime:0.000000s ]
INFO: [ app_init ] --END-- [ RunTime:0.000000s ]
INFO: [ app_begin ] --START--
INFO: Run Behavior\ReadHtmlCacheBehavior [ RunTime:0.000000s ]
INFO: [ app_begin ] --END-- [ RunTime:0.000000s ]

[ 2016-06-12T21:51:38+08:00 ] 127.0.0.1 /cooler/index.php/Admin/Index/
INFO: [ app_init ] --START--
INFO: Run Behavior\BuildLiteBehavior [ RunTime:0.000000s ]
INFO: [ app_init ] --END-- [ RunTime:0.000000s ]
INFO: [ app_begin ] --START--
INFO: Run Behavior\ReadHtmlCacheBehavior [ RunTime:0.000000s ]
INFO: [ app_begin ] --END-- [ RunTime:0.000000s ]

[ 2016-06-12T21:52:13+08:00 ] 127.0.0.1 /cooler/index.php/Admin/Index/
INFO: [ app_init ] --START--
INFO: Run Behavior\BuildLiteBehavior [ RunTime:0.000000s ]
INFO: [ app_init ] --END-- [ RunTime:0.000000s ]
INFO: [ app_begin ] --START--
INFO: Run Behavior\ReadHtmlCacheBehavior [ RunTime:0.001000s ]
INFO: [ app_begin ] --END-- [ RunTime:0.001000s ]

[ 2016-06-12T21:52:37+08:00 ] 127.0.0.1 /cooler/index.php/Admin/Index/
INFO: [ app_init ] --START--
INFO: Run Behavior\BuildLiteBehavior [ RunTime:0.000000s ]
INFO: [ app_init ] --END-- [ RunTime:0.001000s ]
INFO: [ app_begin ] --START--
INFO: Run Behavior\ReadHtmlCacheBehavior [ RunTime:0.001000s ]
INFO: [ app_begin ] --END-- [ RunTime:0.001000s ]

[ 2016-06-12T21:52:37+08:00 ] 127.0.0.1 /cooler/index.php/Admin/Index/
INFO: [ app_init ] --START--
INFO: Run Behavior\BuildLiteBehavior [ RunTime:0.000000s ]
INFO: [ app_init ] --END-- [ RunTime:0.001000s ]
INFO: [ app_begin ] --START--
INFO: Run Behavior\ReadHtmlCacheBehavior [ RunTime:0.001000s ]
INFO: [ app_begin ] --END-- [ RunTime:0.001000s ]

[ 2016-06-12T21:52:38+08:00 ] 127.0.0.1 /cooler/index.php/Admin/Index/
INFO: [ app_init ] --START--
INFO: Run Behavior\BuildLiteBehavior [ RunTime:0.000000s ]
INFO: [ app_init ] --END-- [ RunTime:0.000000s ]
INFO: [ app_begin ] --START--
INFO: Run Behavior\ReadHtmlCacheBehavior [ RunTime:0.002000s ]
INFO: [ app_begin ] --END-- [ RunTime:0.002000s ]

[ 2016-06-12T21:53:06+08:00 ] 127.0.0.1 /cooler/index.php/Admin/Index/
INFO: [ app_init ] --START--
INFO: Run Behavior\BuildLiteBehavior [ RunTime:0.000000s ]
INFO: [ app_init ] --END-- [ RunTime:0.001000s ]
INFO: [ app_begin ] --START--
INFO: Run Behavior\ReadHtmlCacheBehavior [ RunTime:0.000000s ]
INFO: [ app_begin ] --END-- [ RunTime:0.000000s ]

[ 2016-06-12T21:53:07+08:00 ] 127.0.0.1 /cooler/index.php/Admin/Index/
INFO: [ app_init ] --START--
INFO: Run Behavior\BuildLiteBehavior [ RunTime:0.000000s ]
INFO: [ app_init ] --END-- [ RunTime:0.001000s ]
INFO: [ app_begin ] --START--
INFO: Run Behavior\ReadHtmlCacheBehavior [ RunTime:0.001000s ]
INFO: [ app_begin ] --END-- [ RunTime:0.001000s ]

[ 2016-06-12T21:53:08+08:00 ] 127.0.0.1 /cooler/index.php/Admin/Index/
INFO: [ app_init ] --START--
INFO: Run Behavior\BuildLiteBehavior [ RunTime:0.000000s ]
INFO: [ app_init ] --END-- [ RunTime:0.001000s ]
INFO: [ app_begin ] --START--
INFO: Run Behavior\ReadHtmlCacheBehavior [ RunTime:0.001000s ]
INFO: [ app_begin ] --END-- [ RunTime:0.001000s ]

[ 2016-06-12T21:53:08+08:00 ] 127.0.0.1 /cooler/index.php/Admin/Index/
INFO: [ app_init ] --START--
INFO: Run Behavior\BuildLiteBehavior [ RunTime:0.000000s ]
INFO: [ app_init ] --END-- [ RunTime:0.000000s ]
INFO: [ app_begin ] --START--
INFO: Run Behavior\ReadHtmlCacheBehavior [ RunTime:0.000000s ]
INFO: [ app_begin ] --END-- [ RunTime:0.000000s ]

[ 2016-06-12T21:53:08+08:00 ] 127.0.0.1 /cooler/index.php/Admin/Index/
INFO: [ app_init ] --START--
INFO: Run Behavior\BuildLiteBehavior [ RunTime:0.000000s ]
INFO: [ app_init ] --END-- [ RunTime:0.001000s ]
INFO: [ app_begin ] --START--
INFO: Run Behavior\ReadHtmlCacheBehavior [ RunTime:0.000000s ]
INFO: [ app_begin ] --END-- [ RunTime:0.000000s ]

[ 2016-06-12T21:53:08+08:00 ] 127.0.0.1 /cooler/index.php/Admin/Index/
INFO: [ app_init ] --START--
INFO: Run Behavior\BuildLiteBehavior [ RunTime:0.000000s ]
INFO: [ app_init ] --END-- [ RunTime:0.000000s ]
INFO: [ app_begin ] --START--
INFO: Run Behavior\ReadHtmlCacheBehavior [ RunTime:0.001000s ]
INFO: [ app_begin ] --END-- [ RunTime:0.001000s ]

[ 2016-06-12T21:53:08+08:00 ] 127.0.0.1 /cooler/index.php/Admin/Index/
INFO: [ app_init ] --START--
INFO: Run Behavior\BuildLiteBehavior [ RunTime:0.000000s ]
INFO: [ app_init ] --END-- [ RunTime:0.000000s ]
INFO: [ app_begin ] --START--
INFO: Run Behavior\ReadHtmlCacheBehavior [ RunTime:0.001000s ]
INFO: [ app_begin ] --END-- [ RunTime:0.001000s ]

[ 2016-06-12T21:53:08+08:00 ] 127.0.0.1 /cooler/index.php/Admin/Index/
INFO: [ app_init ] --START--
INFO: Run Behavior\BuildLiteBehavior [ RunTime:0.000000s ]
INFO: [ app_init ] --END-- [ RunTime:0.000000s ]
INFO: [ app_begin ] --START--
INFO: Run Behavior\ReadHtmlCacheBehavior [ RunTime:0.001000s ]
INFO: [ app_begin ] --END-- [ RunTime:0.001000s ]

[ 2016-06-12T21:53:08+08:00 ] 127.0.0.1 /cooler/index.php/Admin/Index/
INFO: [ app_init ] --START--
INFO: Run Behavior\BuildLiteBehavior [ RunTime:0.000000s ]
INFO: [ app_init ] --END-- [ RunTime:0.000000s ]
INFO: [ app_begin ] --START--
INFO: Run Behavior\ReadHtmlCacheBehavior [ RunTime:0.001000s ]
INFO: [ app_begin ] --END-- [ RunTime:0.001000s ]

[ 2016-06-12T21:53:08+08:00 ] 127.0.0.1 /cooler/index.php/Admin/Index/
INFO: [ app_init ] --START--
INFO: Run Behavior\BuildLiteBehavior [ RunTime:0.000000s ]
INFO: [ app_init ] --END-- [ RunTime:0.000000s ]
INFO: [ app_begin ] --START--
INFO: Run Behavior\ReadHtmlCacheBehavior [ RunTime:0.001000s ]
INFO: [ app_begin ] --END-- [ RunTime:0.001000s ]

[ 2016-06-12T21:53:08+08:00 ] 127.0.0.1 /cooler/index.php/Admin/Index/
INFO: [ app_init ] --START--
INFO: Run Behavior\BuildLiteBehavior [ RunTime:0.000000s ]
INFO: [ app_init ] --END-- [ RunTime:0.000000s ]
INFO: [ app_begin ] --START--
INFO: Run Behavior\ReadHtmlCacheBehavior [ RunTime:0.000000s ]
INFO: [ app_begin ] --END-- [ RunTime:0.000000s ]

[ 2016-06-12T21:53:08+08:00 ] 127.0.0.1 /cooler/index.php/Admin/Index/
INFO: [ app_init ] --START--
INFO: Run Behavior\BuildLiteBehavior [ RunTime:0.000000s ]
INFO: [ app_init ] --END-- [ RunTime:0.000000s ]
INFO: [ app_begin ] --START--
INFO: Run Behavior\ReadHtmlCacheBehavior [ RunTime:0.001000s ]
INFO: [ app_begin ] --END-- [ RunTime:0.001000s ]

[ 2016-06-12T21:53:08+08:00 ] 127.0.0.1 /cooler/index.php/Admin/Index/
INFO: [ app_init ] --START--
INFO: Run Behavior\BuildLiteBehavior [ RunTime:0.000000s ]
INFO: [ app_init ] --END-- [ RunTime:0.000000s ]
INFO: [ app_begin ] --START--
INFO: Run Behavior\ReadHtmlCacheBehavior [ RunTime:0.000000s ]
INFO: [ app_begin ] --END-- [ RunTime:0.000000s ]

[ 2016-06-12T21:53:08+08:00 ] 127.0.0.1 /cooler/index.php/Admin/Index/
INFO: [ app_init ] --START--
INFO: Run Behavior\BuildLiteBehavior [ RunTime:0.000000s ]
INFO: [ app_init ] --END-- [ RunTime:0.001000s ]
INFO: [ app_begin ] --START--
INFO: Run Behavior\ReadHtmlCacheBehavior [ RunTime:0.001000s ]
INFO: [ app_begin ] --END-- [ RunTime:0.001000s ]

[ 2016-06-12T21:53:08+08:00 ] 127.0.0.1 /cooler/index.php/Admin/Index/
INFO: [ app_init ] --START--
INFO: Run Behavior\BuildLiteBehavior [ RunTime:0.000000s ]
INFO: [ app_init ] --END-- [ RunTime:0.001000s ]
INFO: [ app_begin ] --START--
INFO: Run Behavior\ReadHtmlCacheBehavior [ RunTime:0.001000s ]
INFO: [ app_begin ] --END-- [ RunTime:0.001000s ]

[ 2016-06-12T21:53:08+08:00 ] 127.0.0.1 /cooler/index.php/Admin/Index/
INFO: [ app_init ] --START--
INFO: Run Behavior\BuildLiteBehavior [ RunTime:0.000000s ]
INFO: [ app_init ] --END-- [ RunTime:0.001000s ]
INFO: [ app_begin ] --START--
INFO: Run Behavior\ReadHtmlCacheBehavior [ RunTime:0.000000s ]
INFO: [ app_begin ] --END-- [ RunTime:0.000000s ]

[ 2016-06-12T21:53:08+08:00 ] 127.0.0.1 /cooler/index.php/Admin/Index/
INFO: [ app_init ] --START--
INFO: Run Behavior\BuildLiteBehavior [ RunTime:0.000000s ]
INFO: [ app_init ] --END-- [ RunTime:0.001000s ]
INFO: [ app_begin ] --START--
INFO: Run Behavior\ReadHtmlCacheBehavior [ RunTime:0.000000s ]
INFO: [ app_begin ] --END-- [ RunTime:0.000000s ]

[ 2016-06-12T21:53:08+08:00 ] 127.0.0.1 /cooler/index.php/Admin/Index/
INFO: [ app_init ] --START--
INFO: Run Behavior\BuildLiteBehavior [ RunTime:0.000000s ]
INFO: [ app_init ] --END-- [ RunTime:0.001000s ]
INFO: [ app_begin ] --START--
INFO: Run Behavior\ReadHtmlCacheBehavior [ RunTime:0.001000s ]
INFO: [ app_begin ] --END-- [ RunTime:0.001000s ]

[ 2016-06-12T21:53:08+08:00 ] 127.0.0.1 /cooler/index.php/Admin/Index/
INFO: [ app_init ] --START--
INFO: Run Behavior\BuildLiteBehavior [ RunTime:0.000000s ]
INFO: [ app_init ] --END-- [ RunTime:0.000000s ]
INFO: [ app_begin ] --START--
INFO: Run Behavior\ReadHtmlCacheBehavior [ RunTime:0.000000s ]
INFO: [ app_begin ] --END-- [ RunTime:0.000000s ]

[ 2016-06-12T21:53:08+08:00 ] 127.0.0.1 /cooler/index.php/Admin/Index/
INFO: [ app_init ] --START--
INFO: Run Behavior\BuildLiteBehavior [ RunTime:0.000000s ]
INFO: [ app_init ] --END-- [ RunTime:0.000000s ]
INFO: [ app_begin ] --START--
INFO: Run Behavior\ReadHtmlCacheBehavior [ RunTime:0.001000s ]
INFO: [ app_begin ] --END-- [ RunTime:0.001000s ]

[ 2016-06-12T21:53:08+08:00 ] 127.0.0.1 /cooler/index.php/Admin/Index/
INFO: [ app_init ] --START--
INFO: Run Behavior\BuildLiteBehavior [ RunTime:0.000000s ]
INFO: [ app_init ] --END-- [ RunTime:0.000000s ]
INFO: [ app_begin ] --START--
INFO: Run Behavior\ReadHtmlCacheBehavior [ RunTime:0.001000s ]
INFO: [ app_begin ] --END-- [ RunTime:0.001000s ]

[ 2016-06-12T21:53:08+08:00 ] 127.0.0.1 /cooler/index.php/Admin/Index/
INFO: [ app_init ] --START--
INFO: Run Behavior\BuildLiteBehavior [ RunTime:0.000000s ]
INFO: [ app_init ] --END-- [ RunTime:0.000000s ]
INFO: [ app_begin ] --START--
INFO: Run Behavior\ReadHtmlCacheBehavior [ RunTime:0.000000s ]
INFO: [ app_begin ] --END-- [ RunTime:0.001000s ]

[ 2016-06-12T21:53:08+08:00 ] 127.0.0.1 /cooler/index.php/Admin/Index/
INFO: [ app_init ] --START--
INFO: Run Behavior\BuildLiteBehavior [ RunTime:0.000000s ]
INFO: [ app_init ] --END-- [ RunTime:0.001000s ]
INFO: [ app_begin ] --START--
INFO: Run Behavior\ReadHtmlCacheBehavior [ RunTime:0.000000s ]
INFO: [ app_begin ] --END-- [ RunTime:0.000000s ]

[ 2016-06-12T21:53:08+08:00 ] 127.0.0.1 /cooler/index.php/Admin/Index/
INFO: [ app_init ] --START--
INFO: Run Behavior\BuildLiteBehavior [ RunTime:0.000000s ]
INFO: [ app_init ] --END-- [ RunTime:0.000000s ]
INFO: [ app_begin ] --START--
INFO: Run Behavior\ReadHtmlCacheBehavior [ RunTime:0.001000s ]
INFO: [ app_begin ] --END-- [ RunTime:0.001000s ]

[ 2016-06-12T21:53:08+08:00 ] 127.0.0.1 /cooler/index.php/Admin/Index/
INFO: [ app_init ] --START--
INFO: Run Behavior\BuildLiteBehavior [ RunTime:0.000000s ]
INFO: [ app_init ] --END-- [ RunTime:0.000000s ]
INFO: [ app_begin ] --START--
INFO: Run Behavior\ReadHtmlCacheBehavior [ RunTime:0.000000s ]
INFO: [ app_begin ] --END-- [ RunTime:0.000000s ]

[ 2016-06-12T21:53:08+08:00 ] 127.0.0.1 /cooler/index.php/Admin/Index/
INFO: [ app_init ] --START--
INFO: Run Behavior\BuildLiteBehavior [ RunTime:0.000000s ]
INFO: [ app_init ] --END-- [ RunTime:0.000000s ]
INFO: [ app_begin ] --START--
INFO: Run Behavior\ReadHtmlCacheBehavior [ RunTime:0.000000s ]
INFO: [ app_begin ] --END-- [ RunTime:0.000000s ]

[ 2016-06-12T21:53:08+08:00 ] 127.0.0.1 /cooler/index.php/Admin/Index/
INFO: [ app_init ] --START--
INFO: Run Behavior\BuildLiteBehavior [ RunTime:0.000000s ]
INFO: [ app_init ] --END-- [ RunTime:0.001000s ]
INFO: [ app_begin ] --START--
INFO: Run Behavior\ReadHtmlCacheBehavior [ RunTime:0.000000s ]
INFO: [ app_begin ] --END-- [ RunTime:0.000000s ]

[ 2016-06-12T21:53:09+08:00 ] 127.0.0.1 /cooler/index.php/Admin/Index/
INFO: [ app_init ] --START--
INFO: Run Behavior\BuildLiteBehavior [ RunTime:0.000000s ]
INFO: [ app_init ] --END-- [ RunTime:0.001000s ]
INFO: [ app_begin ] --START--
INFO: Run Behavior\ReadHtmlCacheBehavior [ RunTime:0.000000s ]
INFO: [ app_begin ] --END-- [ RunTime:0.000000s ]

[ 2016-06-12T21:53:09+08:00 ] 127.0.0.1 /cooler/index.php/Admin/Index/
INFO: [ app_init ] --START--
INFO: Run Behavior\BuildLiteBehavior [ RunTime:0.000000s ]
INFO: [ app_init ] --END-- [ RunTime:0.000000s ]
INFO: [ app_begin ] --START--
INFO: Run Behavior\ReadHtmlCacheBehavior [ RunTime:0.001000s ]
INFO: [ app_begin ] --END-- [ RunTime:0.001000s ]

[ 2016-06-12T21:53:09+08:00 ] 127.0.0.1 /cooler/index.php/Admin/Index/
INFO: [ app_init ] --START--
INFO: Run Behavior\BuildLiteBehavior [ RunTime:0.000000s ]
INFO: [ app_init ] --END-- [ RunTime:0.000000s ]
INFO: [ app_begin ] --START--
INFO: Run Behavior\ReadHtmlCacheBehavior [ RunTime:0.001000s ]
INFO: [ app_begin ] --END-- [ RunTime:0.001000s ]

[ 2016-06-12T21:53:09+08:00 ] 127.0.0.1 /cooler/index.php/Admin/Index/
INFO: [ app_init ] --START--
INFO: Run Behavior\BuildLiteBehavior [ RunTime:0.000000s ]
INFO: [ app_init ] --END-- [ RunTime:0.001000s ]
INFO: [ app_begin ] --START--
INFO: Run Behavior\ReadHtmlCacheBehavior [ RunTime:0.001000s ]
INFO: [ app_begin ] --END-- [ RunTime:0.001000s ]

[ 2016-06-12T21:53:09+08:00 ] 127.0.0.1 /cooler/index.php/Admin/Index/
INFO: [ app_init ] --START--
INFO: Run Behavior\BuildLiteBehavior [ RunTime:0.000000s ]
INFO: [ app_init ] --END-- [ RunTime:0.001000s ]
INFO: [ app_begin ] --START--
INFO: Run Behavior\ReadHtmlCacheBehavior [ RunTime:0.001000s ]
INFO: [ app_begin ] --END-- [ RunTime:0.001000s ]

[ 2016-06-12T22:04:04+08:00 ] 127.0.0.1 /cooler/index.php/Admin/Index/
INFO: [ app_init ] --START--
INFO: Run Behavior\BuildLiteBehavior [ RunTime:0.001000s ]
INFO: [ app_init ] --END-- [ RunTime:0.001000s ]
INFO: [ app_begin ] --START--
INFO: Run Behavior\ReadHtmlCacheBehavior [ RunTime:0.000000s ]
INFO: [ app_begin ] --END-- [ RunTime:0.000000s ]

[ 2016-06-12T22:04:05+08:00 ] 127.0.0.1 /cooler/index.php/Admin/Index/
INFO: [ app_init ] --START--
INFO: Run Behavior\BuildLiteBehavior [ RunTime:0.000000s ]
INFO: [ app_init ] --END-- [ RunTime:0.001000s ]
INFO: [ app_begin ] --START--
INFO: Run Behavior\ReadHtmlCacheBehavior [ RunTime:0.001000s ]
INFO: [ app_begin ] --END-- [ RunTime:0.001000s ]

[ 2016-06-12T22:04:06+08:00 ] 127.0.0.1 /cooler/index.php/Admin/Index/
INFO: [ app_init ] --START--
INFO: Run Behavior\BuildLiteBehavior [ RunTime:0.000000s ]
INFO: [ app_init ] --END-- [ RunTime:0.001000s ]
INFO: [ app_begin ] --START--
INFO: Run Behavior\ReadHtmlCacheBehavior [ RunTime:0.001000s ]
INFO: [ app_begin ] --END-- [ RunTime:0.001000s ]

[ 2016-06-12T22:04:06+08:00 ] 127.0.0.1 /cooler/index.php/Admin/Index/
INFO: [ app_init ] --START--
INFO: Run Behavior\BuildLiteBehavior [ RunTime:0.000000s ]
INFO: [ app_init ] --END-- [ RunTime:0.001000s ]
INFO: [ app_begin ] --START--
INFO: Run Behavior\ReadHtmlCacheBehavior [ RunTime:0.000000s ]
INFO: [ app_begin ] --END-- [ RunTime:0.000000s ]

[ 2016-06-12T22:04:06+08:00 ] 127.0.0.1 /cooler/index.php/Admin/Index/
INFO: [ app_init ] --START--
INFO: Run Behavior\BuildLiteBehavior [ RunTime:0.000000s ]
INFO: [ app_init ] --END-- [ RunTime:0.001000s ]
INFO: [ app_begin ] --START--
INFO: Run Behavior\ReadHtmlCacheBehavior [ RunTime:0.000000s ]
INFO: [ app_begin ] --END-- [ RunTime:0.001000s ]

[ 2016-06-12T22:04:06+08:00 ] 127.0.0.1 /cooler/index.php/Admin/Index/
INFO: [ app_init ] --START--
INFO: Run Behavior\BuildLiteBehavior [ RunTime:0.000000s ]
INFO: [ app_init ] --END-- [ RunTime:0.001000s ]
INFO: [ app_begin ] --START--
INFO: Run Behavior\ReadHtmlCacheBehavior [ RunTime:0.000000s ]
INFO: [ app_begin ] --END-- [ RunTime:0.000000s ]

[ 2016-06-12T22:04:06+08:00 ] 127.0.0.1 /cooler/index.php/Admin/Index/
INFO: [ app_init ] --START--
INFO: Run Behavior\BuildLiteBehavior [ RunTime:0.000000s ]
INFO: [ app_init ] --END-- [ RunTime:0.001000s ]
INFO: [ app_begin ] --START--
INFO: Run Behavior\ReadHtmlCacheBehavior [ RunTime:0.000000s ]
INFO: [ app_begin ] --END-- [ RunTime:0.000000s ]

[ 2016-06-12T22:04:06+08:00 ] 127.0.0.1 /cooler/index.php/Admin/Index/
INFO: [ app_init ] --START--
INFO: Run Behavior\BuildLiteBehavior [ RunTime:0.000000s ]
INFO: [ app_init ] --END-- [ RunTime:0.001000s ]
INFO: [ app_begin ] --START--
INFO: Run Behavior\ReadHtmlCacheBehavior [ RunTime:0.000000s ]
INFO: [ app_begin ] --END-- [ RunTime:0.000000s ]

[ 2016-06-12T22:04:06+08:00 ] 127.0.0.1 /cooler/index.php/Admin/Index/
INFO: [ app_init ] --START--
INFO: Run Behavior\BuildLiteBehavior [ RunTime:0.000000s ]
INFO: [ app_init ] --END-- [ RunTime:0.001000s ]
INFO: [ app_begin ] --START--
INFO: Run Behavior\ReadHtmlCacheBehavior [ RunTime:0.000000s ]
INFO: [ app_begin ] --END-- [ RunTime:0.000000s ]

[ 2016-06-12T22:04:06+08:00 ] 127.0.0.1 /cooler/index.php/Admin/Index/
INFO: [ app_init ] --START--
INFO: Run Behavior\BuildLiteBehavior [ RunTime:0.000000s ]
INFO: [ app_init ] --END-- [ RunTime:0.000000s ]
INFO: [ app_begin ] --START--
INFO: Run Behavior\ReadHtmlCacheBehavior [ RunTime:0.000000s ]
INFO: [ app_begin ] --END-- [ RunTime:0.000000s ]

[ 2016-06-12T22:04:06+08:00 ] 127.0.0.1 /cooler/index.php/Admin/Index/
INFO: [ app_init ] --START--
INFO: Run Behavior\BuildLiteBehavior [ RunTime:0.000000s ]
INFO: [ app_init ] --END-- [ RunTime:0.000000s ]
INFO: [ app_begin ] --START--
INFO: Run Behavior\ReadHtmlCacheBehavior [ RunTime:0.001000s ]
INFO: [ app_begin ] --END-- [ RunTime:0.001000s ]

[ 2016-06-12T22:04:06+08:00 ] 127.0.0.1 /cooler/index.php/Admin/Index/
INFO: [ app_init ] --START--
INFO: Run Behavior\BuildLiteBehavior [ RunTime:0.000000s ]
INFO: [ app_init ] --END-- [ RunTime:0.001000s ]
INFO: [ app_begin ] --START--
INFO: Run Behavior\ReadHtmlCacheBehavior [ RunTime:0.001000s ]
INFO: [ app_begin ] --END-- [ RunTime:0.001000s ]

[ 2016-06-12T22:04:06+08:00 ] 127.0.0.1 /cooler/index.php/Admin/Index/
INFO: [ app_init ] --START--
INFO: Run Behavior\BuildLiteBehavior [ RunTime:0.000000s ]
INFO: [ app_init ] --END-- [ RunTime:0.001000s ]
INFO: [ app_begin ] --START--
INFO: Run Behavior\ReadHtmlCacheBehavior [ RunTime:0.001000s ]
INFO: [ app_begin ] --END-- [ RunTime:0.001000s ]

[ 2016-06-12T22:04:06+08:00 ] 127.0.0.1 /cooler/index.php/Admin/Index/
INFO: [ app_init ] --START--
INFO: Run Behavior\BuildLiteBehavior [ RunTime:0.000000s ]
INFO: [ app_init ] --END-- [ RunTime:0.001000s ]
INFO: [ app_begin ] --START--
INFO: Run Behavior\ReadHtmlCacheBehavior [ RunTime:0.000000s ]
INFO: [ app_begin ] --END-- [ RunTime:0.000000s ]

[ 2016-06-12T22:04:06+08:00 ] 127.0.0.1 /cooler/index.php/Admin/Index/
INFO: [ app_init ] --START--
INFO: Run Behavior\BuildLiteBehavior [ RunTime:0.000000s ]
INFO: [ app_init ] --END-- [ RunTime:0.000000s ]
INFO: [ app_begin ] --START--
INFO: Run Behavior\ReadHtmlCacheBehavior [ RunTime:0.000000s ]
INFO: [ app_begin ] --END-- [ RunTime:0.000000s ]

[ 2016-06-12T22:04:06+08:00 ] 127.0.0.1 /cooler/index.php/Admin/Index/
INFO: [ app_init ] --START--
INFO: Run Behavior\BuildLiteBehavior [ RunTime:0.000000s ]
INFO: [ app_init ] --END-- [ RunTime:0.001000s ]
INFO: [ app_begin ] --START--
INFO: Run Behavior\ReadHtmlCacheBehavior [ RunTime:0.001000s ]
INFO: [ app_begin ] --END-- [ RunTime:0.001000s ]

[ 2016-06-12T22:04:06+08:00 ] 127.0.0.1 /cooler/index.php/Admin/Index/
INFO: [ app_init ] --START--
INFO: Run Behavior\BuildLiteBehavior [ RunTime:0.000000s ]
INFO: [ app_init ] --END-- [ RunTime:0.001000s ]
INFO: [ app_begin ] --START--
INFO: Run Behavior\ReadHtmlCacheBehavior [ RunTime:0.000000s ]
INFO: [ app_begin ] --END-- [ RunTime:0.000000s ]

[ 2016-06-12T22:04:06+08:00 ] 127.0.0.1 /cooler/index.php/Admin/Index/
INFO: [ app_init ] --START--
INFO: Run Behavior\BuildLiteBehavior [ RunTime:0.000000s ]
INFO: [ app_init ] --END-- [ RunTime:0.000000s ]
INFO: [ app_begin ] --START--
INFO: Run Behavior\ReadHtmlCacheBehavior [ RunTime:0.001000s ]
INFO: [ app_begin ] --END-- [ RunTime:0.001000s ]

[ 2016-06-12T22:04:07+08:00 ] 127.0.0.1 /cooler/index.php/Admin/Index/
INFO: [ app_init ] --START--
INFO: Run Behavior\BuildLiteBehavior [ RunTime:0.000000s ]
INFO: [ app_init ] --END-- [ RunTime:0.001000s ]
INFO: [ app_begin ] --START--
INFO: Run Behavior\ReadHtmlCacheBehavior [ RunTime:0.001000s ]
INFO: [ app_begin ] --END-- [ RunTime:0.001000s ]

[ 2016-06-12T22:04:07+08:00 ] 127.0.0.1 /cooler/index.php/Admin/Index/
INFO: [ app_init ] --START--
INFO: Run Behavior\BuildLiteBehavior [ RunTime:0.000000s ]
INFO: [ app_init ] --END-- [ RunTime:0.000000s ]
INFO: [ app_begin ] --START--
INFO: Run Behavior\ReadHtmlCacheBehavior [ RunTime:0.001000s ]
INFO: [ app_begin ] --END-- [ RunTime:0.001000s ]

[ 2016-06-12T22:04:07+08:00 ] 127.0.0.1 /cooler/index.php/Admin/Index/
INFO: [ app_init ] --START--
INFO: Run Behavior\BuildLiteBehavior [ RunTime:0.000000s ]
INFO: [ app_init ] --END-- [ RunTime:0.001000s ]
INFO: [ app_begin ] --START--
INFO: Run Behavior\ReadHtmlCacheBehavior [ RunTime:0.000000s ]
INFO: [ app_begin ] --END-- [ RunTime:0.000000s ]

[ 2016-06-12T22:04:24+08:00 ] 127.0.0.1 /cooler/index.php/Admin/Index/
INFO: [ app_init ] --START--
INFO: Run Behavior\BuildLiteBehavior [ RunTime:0.000000s ]
INFO: [ app_init ] --END-- [ RunTime:0.000000s ]
INFO: [ app_begin ] --START--
INFO: Run Behavior\ReadHtmlCacheBehavior [ RunTime:0.001000s ]
INFO: [ app_begin ] --END-- [ RunTime:0.001000s ]

[ 2016-06-12T22:04:25+08:00 ] 127.0.0.1 /cooler/index.php/Admin/Index/
INFO: [ app_init ] --START--
INFO: Run Behavior\BuildLiteBehavior [ RunTime:0.000000s ]
INFO: [ app_init ] --END-- [ RunTime:0.000000s ]
INFO: [ app_begin ] --START--
INFO: Run Behavior\ReadHtmlCacheBehavior [ RunTime:0.001000s ]
INFO: [ app_begin ] --END-- [ RunTime:0.001000s ]

[ 2016-06-12T22:04:25+08:00 ] 127.0.0.1 /cooler/index.php/Admin/Index/
INFO: [ app_init ] --START--
INFO: Run Behavior\BuildLiteBehavior [ RunTime:0.000000s ]
INFO: [ app_init ] --END-- [ RunTime:0.000000s ]
INFO: [ app_begin ] --START--
INFO: Run Behavior\ReadHtmlCacheBehavior [ RunTime:0.000000s ]
INFO: [ app_begin ] --END-- [ RunTime:0.000000s ]

[ 2016-06-12T22:04:26+08:00 ] 127.0.0.1 /cooler/index.php/Admin/Index/
INFO: [ app_init ] --START--
INFO: Run Behavior\BuildLiteBehavior [ RunTime:0.000000s ]
INFO: [ app_init ] --END-- [ RunTime:0.001000s ]
INFO: [ app_begin ] --START--
INFO: Run Behavior\ReadHtmlCacheBehavior [ RunTime:0.001000s ]
INFO: [ app_begin ] --END-- [ RunTime:0.001000s ]

[ 2016-06-12T22:04:26+08:00 ] 127.0.0.1 /cooler/index.php/Admin/Index/
INFO: [ app_init ] --START--
INFO: Run Behavior\BuildLiteBehavior [ RunTime:0.000000s ]
INFO: [ app_init ] --END-- [ RunTime:0.001000s ]
INFO: [ app_begin ] --START--
INFO: Run Behavior\ReadHtmlCacheBehavior [ RunTime:0.001000s ]
INFO: [ app_begin ] --END-- [ RunTime:0.001000s ]

[ 2016-06-12T22:04:59+08:00 ] 127.0.0.1 /cooler/index.php/Admin/Index/
INFO: [ app_init ] --START--
INFO: Run Behavior\BuildLiteBehavior [ RunTime:0.000000s ]
INFO: [ app_init ] --END-- [ RunTime:0.000000s ]
INFO: [ app_begin ] --START--
INFO: Run Behavior\ReadHtmlCacheBehavior [ RunTime:0.001000s ]
INFO: [ app_begin ] --END-- [ RunTime:0.001000s ]

[ 2016-06-12T22:05:00+08:00 ] 127.0.0.1 /cooler/index.php/Admin/Index/
INFO: [ app_init ] --START--
INFO: Run Behavior\BuildLiteBehavior [ RunTime:0.000000s ]
INFO: [ app_init ] --END-- [ RunTime:0.001000s ]
INFO: [ app_begin ] --START--
INFO: Run Behavior\ReadHtmlCacheBehavior [ RunTime:0.001000s ]
INFO: [ app_begin ] --END-- [ RunTime:0.001000s ]

[ 2016-06-12T22:05:00+08:00 ] 127.0.0.1 /cooler/index.php/Admin/Index/
INFO: [ app_init ] --START--
INFO: Run Behavior\BuildLiteBehavior [ RunTime:0.000000s ]
INFO: [ app_init ] --END-- [ RunTime:0.001000s ]
INFO: [ app_begin ] --START--
INFO: Run Behavior\ReadHtmlCacheBehavior [ RunTime:0.001000s ]
INFO: [ app_begin ] --END-- [ RunTime:0.001000s ]

[ 2016-06-12T22:06:02+08:00 ] 127.0.0.1 /cooler/index.php/Admin/Index/
INFO: [ app_init ] --START--
INFO: Run Behavior\BuildLiteBehavior [ RunTime:0.000000s ]
INFO: [ app_init ] --END-- [ RunTime:0.000000s ]
INFO: [ app_begin ] --START--
INFO: Run Behavior\ReadHtmlCacheBehavior [ RunTime:0.001000s ]
INFO: [ app_begin ] --END-- [ RunTime:0.001000s ]

[ 2016-06-12T22:06:03+08:00 ] 127.0.0.1 /cooler/index.php/Admin/Index/
INFO: [ app_init ] --START--
INFO: Run Behavior\BuildLiteBehavior [ RunTime:0.000000s ]
INFO: [ app_init ] --END-- [ RunTime:0.001000s ]
INFO: [ app_begin ] --START--
INFO: Run Behavior\ReadHtmlCacheBehavior [ RunTime:0.001000s ]
INFO: [ app_begin ] --END-- [ RunTime:0.001000s ]

[ 2016-06-12T22:06:03+08:00 ] 127.0.0.1 /cooler/index.php/Admin/Index/
INFO: [ app_init ] --START--
INFO: Run Behavior\BuildLiteBehavior [ RunTime:0.000000s ]
INFO: [ app_init ] --END-- [ RunTime:0.001000s ]
INFO: [ app_begin ] --START--
INFO: Run Behavior\ReadHtmlCacheBehavior [ RunTime:0.000000s ]
INFO: [ app_begin ] --END-- [ RunTime:0.000000s ]

[ 2016-06-12T22:06:04+08:00 ] 127.0.0.1 /cooler/index.php/Admin/Index/
INFO: [ app_init ] --START--
INFO: Run Behavior\BuildLiteBehavior [ RunTime:0.000000s ]
INFO: [ app_init ] --END-- [ RunTime:0.001000s ]
INFO: [ app_begin ] --START--
INFO: Run Behavior\ReadHtmlCacheBehavior [ RunTime:0.001000s ]
INFO: [ app_begin ] --END-- [ RunTime:0.001000s ]

[ 2016-06-12T22:06:04+08:00 ] 127.0.0.1 /cooler/index.php/Admin/Index/
INFO: [ app_init ] --START--
INFO: Run Behavior\BuildLiteBehavior [ RunTime:0.000000s ]
INFO: [ app_init ] --END-- [ RunTime:0.000000s ]
INFO: [ app_begin ] --START--
INFO: Run Behavior\ReadHtmlCacheBehavior [ RunTime:0.001000s ]
INFO: [ app_begin ] --END-- [ RunTime:0.001000s ]

[ 2016-06-12T22:06:04+08:00 ] 127.0.0.1 /cooler/index.php/Admin/Index/
INFO: [ app_init ] --START--
INFO: Run Behavior\BuildLiteBehavior [ RunTime:0.000000s ]
INFO: [ app_init ] --END-- [ RunTime:0.000000s ]
INFO: [ app_begin ] --START--
INFO: Run Behavior\ReadHtmlCacheBehavior [ RunTime:0.001000s ]
INFO: [ app_begin ] --END-- [ RunTime:0.001000s ]

[ 2016-06-12T22:06:04+08:00 ] 127.0.0.1 /cooler/index.php/Admin/Index/
INFO: [ app_init ] --START--
INFO: Run Behavior\BuildLiteBehavior [ RunTime:0.000000s ]
INFO: [ app_init ] --END-- [ RunTime:0.000000s ]
INFO: [ app_begin ] --START--
INFO: Run Behavior\ReadHtmlCacheBehavior [ RunTime:0.001000s ]
INFO: [ app_begin ] --END-- [ RunTime:0.001000s ]

[ 2016-06-12T22:06:04+08:00 ] 127.0.0.1 /cooler/index.php/Admin/Index/
INFO: [ app_init ] --START--
INFO: Run Behavior\BuildLiteBehavior [ RunTime:0.000000s ]
INFO: [ app_init ] --END-- [ RunTime:0.000000s ]
INFO: [ app_begin ] --START--
INFO: Run Behavior\ReadHtmlCacheBehavior [ RunTime:0.000000s ]
INFO: [ app_begin ] --END-- [ RunTime:0.000000s ]

[ 2016-06-12T22:06:04+08:00 ] 127.0.0.1 /cooler/index.php/Admin/Index/
INFO: [ app_init ] --START--
INFO: Run Behavior\BuildLiteBehavior [ RunTime:0.000000s ]
INFO: [ app_init ] --END-- [ RunTime:0.000000s ]
INFO: [ app_begin ] --START--
INFO: Run Behavior\ReadHtmlCacheBehavior [ RunTime:0.001000s ]
INFO: [ app_begin ] --END-- [ RunTime:0.001000s ]

[ 2016-06-12T22:06:04+08:00 ] 127.0.0.1 /cooler/index.php/Admin/Index/
INFO: [ app_init ] --START--
INFO: Run Behavior\BuildLiteBehavior [ RunTime:0.000000s ]
INFO: [ app_init ] --END-- [ RunTime:0.001000s ]
INFO: [ app_begin ] --START--
INFO: Run Behavior\ReadHtmlCacheBehavior [ RunTime:0.000000s ]
INFO: [ app_begin ] --END-- [ RunTime:0.000000s ]

[ 2016-06-12T22:06:04+08:00 ] 127.0.0.1 /cooler/index.php/Admin/Index/
INFO: [ app_init ] --START--
INFO: Run Behavior\BuildLiteBehavior [ RunTime:0.000000s ]
INFO: [ app_init ] --END-- [ RunTime:0.000000s ]
INFO: [ app_begin ] --START--
INFO: Run Behavior\ReadHtmlCacheBehavior [ RunTime:0.000000s ]
INFO: [ app_begin ] --END-- [ RunTime:0.000000s ]

[ 2016-06-12T22:06:04+08:00 ] 127.0.0.1 /cooler/index.php/Admin/Index/
INFO: [ app_init ] --START--
INFO: Run Behavior\BuildLiteBehavior [ RunTime:0.000000s ]
INFO: [ app_init ] --END-- [ RunTime:0.000000s ]
INFO: [ app_begin ] --START--
INFO: Run Behavior\ReadHtmlCacheBehavior [ RunTime:0.000000s ]
INFO: [ app_begin ] --END-- [ RunTime:0.000000s ]

[ 2016-06-12T22:06:04+08:00 ] 127.0.0.1 /cooler/index.php/Admin/Index/
INFO: [ app_init ] --START--
INFO: Run Behavior\BuildLiteBehavior [ RunTime:0.000000s ]
INFO: [ app_init ] --END-- [ RunTime:0.000000s ]
INFO: [ app_begin ] --START--
INFO: Run Behavior\ReadHtmlCacheBehavior [ RunTime:0.001000s ]
INFO: [ app_begin ] --END-- [ RunTime:0.001000s ]

[ 2016-06-12T22:06:04+08:00 ] 127.0.0.1 /cooler/index.php/Admin/Index/
INFO: [ app_init ] --START--
INFO: Run Behavior\BuildLiteBehavior [ RunTime:0.000000s ]
INFO: [ app_init ] --END-- [ RunTime:0.000000s ]
INFO: [ app_begin ] --START--
INFO: Run Behavior\ReadHtmlCacheBehavior [ RunTime:0.001000s ]
INFO: [ app_begin ] --END-- [ RunTime:0.001000s ]

[ 2016-06-12T22:06:04+08:00 ] 127.0.0.1 /cooler/index.php/Admin/Index/
INFO: [ app_init ] --START--
INFO: Run Behavior\BuildLiteBehavior [ RunTime:0.000000s ]
INFO: [ app_init ] --END-- [ RunTime:0.000000s ]
INFO: [ app_begin ] --START--
INFO: Run Behavior\ReadHtmlCacheBehavior [ RunTime:0.001000s ]
INFO: [ app_begin ] --END-- [ RunTime:0.001000s ]

[ 2016-06-12T22:06:04+08:00 ] 127.0.0.1 /cooler/index.php/Admin/Index/
INFO: [ app_init ] --START--
INFO: Run Behavior\BuildLiteBehavior [ RunTime:0.000000s ]
INFO: [ app_init ] --END-- [ RunTime:0.000000s ]
INFO: [ app_begin ] --START--
INFO: Run Behavior\ReadHtmlCacheBehavior [ RunTime:0.001000s ]
INFO: [ app_begin ] --END-- [ RunTime:0.001000s ]

[ 2016-06-12T22:06:04+08:00 ] 127.0.0.1 /cooler/index.php/Admin/Index/
INFO: [ app_init ] --START--
INFO: Run Behavior\BuildLiteBehavior [ RunTime:0.000000s ]
INFO: [ app_init ] --END-- [ RunTime:0.001000s ]
INFO: [ app_begin ] --START--
INFO: Run Behavior\ReadHtmlCacheBehavior [ RunTime:0.001000s ]
INFO: [ app_begin ] --END-- [ RunTime:0.001000s ]

[ 2016-06-12T22:06:04+08:00 ] 127.0.0.1 /cooler/index.php/Admin/Index/
INFO: [ app_init ] --START--
INFO: Run Behavior\BuildLiteBehavior [ RunTime:0.000000s ]
INFO: [ app_init ] --END-- [ RunTime:0.001000s ]
INFO: [ app_begin ] --START--
INFO: Run Behavior\ReadHtmlCacheBehavior [ RunTime:0.000000s ]
INFO: [ app_begin ] --END-- [ RunTime:0.000000s ]

[ 2016-06-12T22:06:04+08:00 ] 127.0.0.1 /cooler/index.php/Admin/Index/
INFO: [ app_init ] --START--
INFO: Run Behavior\BuildLiteBehavior [ RunTime:0.000000s ]
INFO: [ app_init ] --END-- [ RunTime:0.000000s ]
INFO: [ app_begin ] --START--
INFO: Run Behavior\ReadHtmlCacheBehavior [ RunTime:0.001000s ]
INFO: [ app_begin ] --END-- [ RunTime:0.001000s ]

[ 2016-06-12T22:06:04+08:00 ] 127.0.0.1 /cooler/index.php/Admin/Index/
INFO: [ app_init ] --START--
INFO: Run Behavior\BuildLiteBehavior [ RunTime:0.000000s ]
INFO: [ app_init ] --END-- [ RunTime:0.001000s ]
INFO: [ app_begin ] --START--
INFO: Run Behavior\ReadHtmlCacheBehavior [ RunTime:0.000000s ]
INFO: [ app_begin ] --END-- [ RunTime:0.000000s ]

[ 2016-06-12T22:06:04+08:00 ] 127.0.0.1 /cooler/index.php/Admin/Index/
INFO: [ app_init ] --START--
INFO: Run Behavior\BuildLiteBehavior [ RunTime:0.000000s ]
INFO: [ app_init ] --END-- [ RunTime:0.001000s ]
INFO: [ app_begin ] --START--
INFO: Run Behavior\ReadHtmlCacheBehavior [ RunTime:0.000000s ]
INFO: [ app_begin ] --END-- [ RunTime:0.000000s ]

[ 2016-06-12T22:06:04+08:00 ] 127.0.0.1 /cooler/index.php/Admin/Index/
INFO: [ app_init ] --START--
INFO: Run Behavior\BuildLiteBehavior [ RunTime:0.000000s ]
INFO: [ app_init ] --END-- [ RunTime:0.000000s ]
INFO: [ app_begin ] --START--
INFO: Run Behavior\ReadHtmlCacheBehavior [ RunTime:0.000000s ]
INFO: [ app_begin ] --END-- [ RunTime:0.001000s ]

[ 2016-06-12T22:06:04+08:00 ] 127.0.0.1 /cooler/index.php/Admin/Index/
INFO: [ app_init ] --START--
INFO: Run Behavior\BuildLiteBehavior [ RunTime:0.000000s ]
INFO: [ app_init ] --END-- [ RunTime:0.000000s ]
INFO: [ app_begin ] --START--
INFO: Run Behavior\ReadHtmlCacheBehavior [ RunTime:0.001000s ]
INFO: [ app_begin ] --END-- [ RunTime:0.001000s ]

[ 2016-06-12T22:06:04+08:00 ] 127.0.0.1 /cooler/index.php/Admin/Index/
INFO: [ app_init ] --START--
INFO: Run Behavior\BuildLiteBehavior [ RunTime:0.000000s ]
INFO: [ app_init ] --END-- [ RunTime:0.001000s ]
INFO: [ app_begin ] --START--
INFO: Run Behavior\ReadHtmlCacheBehavior [ RunTime:0.001000s ]
INFO: [ app_begin ] --END-- [ RunTime:0.001000s ]

[ 2016-06-12T22:06:04+08:00 ] 127.0.0.1 /cooler/index.php/Admin/Index/
INFO: [ app_init ] --START--
INFO: Run Behavior\BuildLiteBehavior [ RunTime:0.000000s ]
INFO: [ app_init ] --END-- [ RunTime:0.000000s ]
INFO: [ app_begin ] --START--
INFO: Run Behavior\ReadHtmlCacheBehavior [ RunTime:0.000000s ]
INFO: [ app_begin ] --END-- [ RunTime:0.000000s ]

[ 2016-06-12T22:06:04+08:00 ] 127.0.0.1 /cooler/index.php/Admin/Index/
INFO: [ app_init ] --START--
INFO: Run Behavior\BuildLiteBehavior [ RunTime:0.000000s ]
INFO: [ app_init ] --END-- [ RunTime:0.001000s ]
INFO: [ app_begin ] --START--
INFO: Run Behavior\ReadHtmlCacheBehavior [ RunTime:0.000000s ]
INFO: [ app_begin ] --END-- [ RunTime:0.000000s ]

[ 2016-06-12T22:06:04+08:00 ] 127.0.0.1 /cooler/index.php/Admin/Index/
INFO: [ app_init ] --START--
INFO: Run Behavior\BuildLiteBehavior [ RunTime:0.000000s ]
INFO: [ app_init ] --END-- [ RunTime:0.001000s ]
INFO: [ app_begin ] --START--
INFO: Run Behavior\ReadHtmlCacheBehavior [ RunTime:0.000000s ]
INFO: [ app_begin ] --END-- [ RunTime:0.000000s ]

[ 2016-06-12T22:06:04+08:00 ] 127.0.0.1 /cooler/index.php/Admin/Index/
INFO: [ app_init ] --START--
INFO: Run Behavior\BuildLiteBehavior [ RunTime:0.000000s ]
INFO: [ app_init ] --END-- [ RunTime:0.001000s ]
INFO: [ app_begin ] --START--
INFO: Run Behavior\ReadHtmlCacheBehavior [ RunTime:0.000000s ]
INFO: [ app_begin ] --END-- [ RunTime:0.000000s ]

[ 2016-06-12T22:06:04+08:00 ] 127.0.0.1 /cooler/index.php/Admin/Index/
INFO: [ app_init ] --START--
INFO: Run Behavior\BuildLiteBehavior [ RunTime:0.000000s ]
INFO: [ app_init ] --END-- [ RunTime:0.001000s ]
INFO: [ app_begin ] --START--
INFO: Run Behavior\ReadHtmlCacheBehavior [ RunTime:0.000000s ]
INFO: [ app_begin ] --END-- [ RunTime:0.000000s ]

[ 2016-06-12T22:06:04+08:00 ] 127.0.0.1 /cooler/index.php/Admin/Index/
INFO: [ app_init ] --START--
INFO: Run Behavior\BuildLiteBehavior [ RunTime:0.000000s ]
INFO: [ app_init ] --END-- [ RunTime:0.000000s ]
INFO: [ app_begin ] --START--
INFO: Run Behavior\ReadHtmlCacheBehavior [ RunTime:0.001000s ]
INFO: [ app_begin ] --END-- [ RunTime:0.001000s ]

[ 2016-06-12T22:06:04+08:00 ] 127.0.0.1 /cooler/index.php/Admin/Index/
INFO: [ app_init ] --START--
INFO: Run Behavior\BuildLiteBehavior [ RunTime:0.000000s ]
INFO: [ app_init ] --END-- [ RunTime:0.001000s ]
INFO: [ app_begin ] --START--
INFO: Run Behavior\ReadHtmlCacheBehavior [ RunTime:0.001000s ]
INFO: [ app_begin ] --END-- [ RunTime:0.001000s ]

[ 2016-06-12T22:06:04+08:00 ] 127.0.0.1 /cooler/index.php/Admin/Index/
INFO: [ app_init ] --START--
INFO: Run Behavior\BuildLiteBehavior [ RunTime:0.000000s ]
INFO: [ app_init ] --END-- [ RunTime:0.000000s ]
INFO: [ app_begin ] --START--
INFO: Run Behavior\ReadHtmlCacheBehavior [ RunTime:0.001000s ]
INFO: [ app_begin ] --END-- [ RunTime:0.001000s ]

[ 2016-06-12T22:06:05+08:00 ] 127.0.0.1 /cooler/index.php/Admin/Index/
INFO: [ app_init ] --START--
INFO: Run Behavior\BuildLiteBehavior [ RunTime:0.000000s ]
INFO: [ app_init ] --END-- [ RunTime:0.001000s ]
INFO: [ app_begin ] --START--
INFO: Run Behavior\ReadHtmlCacheBehavior [ RunTime:0.000000s ]
INFO: [ app_begin ] --END-- [ RunTime:0.000000s ]

[ 2016-06-12T22:06:05+08:00 ] 127.0.0.1 /cooler/index.php/Admin/Index/
INFO: [ app_init ] --START--
INFO: Run Behavior\BuildLiteBehavior [ RunTime:0.000000s ]
INFO: [ app_init ] --END-- [ RunTime:0.000000s ]
INFO: [ app_begin ] --START--
INFO: Run Behavior\ReadHtmlCacheBehavior [ RunTime:0.001000s ]
INFO: [ app_begin ] --END-- [ RunTime:0.001000s ]

[ 2016-06-12T22:06:05+08:00 ] 127.0.0.1 /cooler/index.php/Admin/Index/
INFO: [ app_init ] --START--
INFO: Run Behavior\BuildLiteBehavior [ RunTime:0.000000s ]
INFO: [ app_init ] --END-- [ RunTime:0.000000s ]
INFO: [ app_begin ] --START--
INFO: Run Behavior\ReadHtmlCacheBehavior [ RunTime:0.001000s ]
INFO: [ app_begin ] --END-- [ RunTime:0.001000s ]

[ 2016-06-12T22:06:05+08:00 ] 127.0.0.1 /cooler/index.php/Admin/Index/
INFO: [ app_init ] --START--
INFO: Run Behavior\BuildLiteBehavior [ RunTime:0.000000s ]
INFO: [ app_init ] --END-- [ RunTime:0.000000s ]
INFO: [ app_begin ] --START--
INFO: Run Behavior\ReadHtmlCacheBehavior [ RunTime:0.001000s ]
INFO: [ app_begin ] --END-- [ RunTime:0.001000s ]

[ 2016-06-12T22:06:05+08:00 ] 127.0.0.1 /cooler/index.php/Admin/Index/
INFO: [ app_init ] --START--
INFO: Run Behavior\BuildLiteBehavior [ RunTime:0.000000s ]
INFO: [ app_init ] --END-- [ RunTime:0.001000s ]
INFO: [ app_begin ] --START--
INFO: Run Behavior\ReadHtmlCacheBehavior [ RunTime:0.001000s ]
INFO: [ app_begin ] --END-- [ RunTime:0.001000s ]

[ 2016-06-12T22:06:05+08:00 ] 127.0.0.1 /cooler/index.php/Admin/Index/
INFO: [ app_init ] --START--
INFO: Run Behavior\BuildLiteBehavior [ RunTime:0.000000s ]
INFO: [ app_init ] --END-- [ RunTime:0.001000s ]
INFO: [ app_begin ] --START--
INFO: Run Behavior\ReadHtmlCacheBehavior [ RunTime:0.001000s ]
INFO: [ app_begin ] --END-- [ RunTime:0.001000s ]

[ 2016-06-12T22:06:06+08:00 ] 127.0.0.1 /cooler/index.php/Admin/Index/
INFO: [ app_init ] --START--
INFO: Run Behavior\BuildLiteBehavior [ RunTime:0.000000s ]
INFO: [ app_init ] --END-- [ RunTime:0.000000s ]
INFO: [ app_begin ] --START--
INFO: Run Behavior\ReadHtmlCacheBehavior [ RunTime:0.001000s ]
INFO: [ app_begin ] --END-- [ RunTime:0.001000s ]

[ 2016-06-12T22:06:43+08:00 ] 127.0.0.1 /cooler/index.php/Admin/Index/
INFO: [ app_init ] --START--
INFO: Run Behavior\BuildLiteBehavior [ RunTime:0.000000s ]
INFO: [ app_init ] --END-- [ RunTime:0.000000s ]
INFO: [ app_begin ] --START--
INFO: Run Behavior\ReadHtmlCacheBehavior [ RunTime:0.000000s ]
INFO: [ app_begin ] --END-- [ RunTime:0.000000s ]

[ 2016-06-12T22:06:44+08:00 ] 127.0.0.1 /cooler/index.php/Admin/Index/
INFO: [ app_init ] --START--
INFO: Run Behavior\BuildLiteBehavior [ RunTime:0.000000s ]
INFO: [ app_init ] --END-- [ RunTime:0.001000s ]
INFO: [ app_begin ] --START--
INFO: Run Behavior\ReadHtmlCacheBehavior [ RunTime:0.001000s ]
INFO: [ app_begin ] --END-- [ RunTime:0.001000s ]

[ 2016-06-12T22:06:44+08:00 ] 127.0.0.1 /cooler/index.php/Admin/Index/
INFO: [ app_init ] --START--
INFO: Run Behavior\BuildLiteBehavior [ RunTime:0.000000s ]
INFO: [ app_init ] --END-- [ RunTime:0.001000s ]
INFO: [ app_begin ] --START--
INFO: Run Behavior\ReadHtmlCacheBehavior [ RunTime:0.001000s ]
INFO: [ app_begin ] --END-- [ RunTime:0.001000s ]

[ 2016-06-12T22:06:44+08:00 ] 127.0.0.1 /cooler/index.php/Admin/Index/
INFO: [ app_init ] --START--
INFO: Run Behavior\BuildLiteBehavior [ RunTime:0.000000s ]
INFO: [ app_init ] --END-- [ RunTime:0.000000s ]
INFO: [ app_begin ] --START--
INFO: Run Behavior\ReadHtmlCacheBehavior [ RunTime:0.001000s ]
INFO: [ app_begin ] --END-- [ RunTime:0.001000s ]

[ 2016-06-12T22:07:04+08:00 ] 127.0.0.1 /cooler/index.php/Admin/Index/
INFO: [ app_init ] --START--
INFO: Run Behavior\BuildLiteBehavior [ RunTime:0.000000s ]
INFO: [ app_init ] --END-- [ RunTime:0.001000s ]
INFO: [ app_begin ] --START--
INFO: Run Behavior\ReadHtmlCacheBehavior [ RunTime:0.001000s ]
INFO: [ app_begin ] --END-- [ RunTime:0.001000s ]

[ 2016-06-12T22:07:05+08:00 ] 127.0.0.1 /cooler/index.php/Admin/Index/
INFO: [ app_init ] --START--
INFO: Run Behavior\BuildLiteBehavior [ RunTime:0.000000s ]
INFO: [ app_init ] --END-- [ RunTime:0.001000s ]
INFO: [ app_begin ] --START--
INFO: Run Behavior\ReadHtmlCacheBehavior [ RunTime:0.001000s ]
INFO: [ app_begin ] --END-- [ RunTime:0.001000s ]

[ 2016-06-12T22:07:06+08:00 ] 127.0.0.1 /cooler/index.php/Admin/Index/
INFO: [ app_init ] --START--
INFO: Run Behavior\BuildLiteBehavior [ RunTime:0.000000s ]
INFO: [ app_init ] --END-- [ RunTime:0.000000s ]
INFO: [ app_begin ] --START--
INFO: Run Behavior\ReadHtmlCacheBehavior [ RunTime:0.001000s ]
INFO: [ app_begin ] --END-- [ RunTime:0.001000s ]

[ 2016-06-12T22:09:39+08:00 ] 127.0.0.1 /cooler/index.php/Admin/Index/
INFO: [ app_init ] --START--
INFO: Run Behavior\BuildLiteBehavior [ RunTime:0.000000s ]
INFO: [ app_init ] --END-- [ RunTime:0.001000s ]
INFO: [ app_begin ] --START--
INFO: Run Behavior\ReadHtmlCacheBehavior [ RunTime:0.001000s ]
INFO: [ app_begin ] --END-- [ RunTime:0.001000s ]
ERR: 无法加载数据库驱动: Think\Db\Driver\

[ 2016-06-12T22:22:11+08:00 ] 127.0.0.1 /cooler/index.php/Admin/Index/
INFO: [ app_init ] --START--
INFO: Run Behavior\BuildLiteBehavior [ RunTime:0.000000s ]
INFO: [ app_init ] --END-- [ RunTime:0.001000s ]
INFO: [ app_begin ] --START--
INFO: Run Behavior\ReadHtmlCacheBehavior [ RunTime:0.000000s ]
INFO: [ app_begin ] --END-- [ RunTime:0.000000s ]

[ 2016-06-12T22:22:55+08:00 ] 127.0.0.1 /cooler/index.php/Admin/Index/
INFO: [ app_init ] --START--
INFO: Run Behavior\BuildLiteBehavior [ RunTime:0.000000s ]
INFO: [ app_init ] --END-- [ RunTime:0.000000s ]
INFO: [ app_begin ] --START--
INFO: Run Behavior\ReadHtmlCacheBehavior [ RunTime:0.000000s ]
INFO: [ app_begin ] --END-- [ RunTime:0.001000s ]

[ 2016-06-12T22:22:55+08:00 ] 127.0.0.1 /cooler/index.php/Admin/Index/
INFO: [ app_init ] --START--
INFO: Run Behavior\BuildLiteBehavior [ RunTime:0.000000s ]
INFO: [ app_init ] --END-- [ RunTime:0.001000s ]
INFO: [ app_begin ] --START--
INFO: Run Behavior\ReadHtmlCacheBehavior [ RunTime:0.000000s ]
INFO: [ app_begin ] --END-- [ RunTime:0.001000s ]

[ 2016-06-12T22:22:56+08:00 ] 127.0.0.1 /cooler/index.php/Admin/Index/
INFO: [ app_init ] --START--
INFO: Run Behavior\BuildLiteBehavior [ RunTime:0.000000s ]
INFO: [ app_init ] --END-- [ RunTime:0.002000s ]
INFO: [ app_begin ] --START--
INFO: Run Behavior\ReadHtmlCacheBehavior [ RunTime:0.001000s ]
INFO: [ app_begin ] --END-- [ RunTime:0.001000s ]

[ 2016-06-12T22:22:56+08:00 ] 127.0.0.1 /cooler/index.php/Admin/Index/
INFO: [ app_init ] --START--
INFO: Run Behavior\BuildLiteBehavior [ RunTime:0.000000s ]
INFO: [ app_init ] --END-- [ RunTime:0.000000s ]
INFO: [ app_begin ] --START--
INFO: Run Behavior\ReadHtmlCacheBehavior [ RunTime:0.001000s ]
INFO: [ app_begin ] --END-- [ RunTime:0.001000s ]

[ 2016-06-12T22:23:12+08:00 ] 127.0.0.1 /cooler/index.php/Admin/Index/
INFO: [ app_init ] --START--
INFO: Run Behavior\BuildLiteBehavior [ RunTime:0.000000s ]
INFO: [ app_init ] --END-- [ RunTime:0.001000s ]
INFO: [ app_begin ] --START--
INFO: Run Behavior\ReadHtmlCacheBehavior [ RunTime:0.001000s ]
INFO: [ app_begin ] --END-- [ RunTime:0.001000s ]
ERR: 无法加载数据库驱动: Think\Db\Driver\

[ 2016-06-12T22:25:09+08:00 ] 127.0.0.1 /cooler/index.php/Admin/Index/
INFO: [ app_init ] --START--
INFO: Run Behavior\BuildLiteBehavior [ RunTime:0.000000s ]
INFO: [ app_init ] --END-- [ RunTime:0.000000s ]
INFO: [ app_begin ] --START--
INFO: Run Behavior\ReadHtmlCacheBehavior [ RunTime:0.002000s ]
INFO: [ app_begin ] --END-- [ RunTime:0.002000s ]

[ 2016-06-12T22:25:09+08:00 ] 127.0.0.1 /cooler/index.php/Admin/Index/
INFO: [ app_init ] --START--
INFO: Run Behavior\BuildLiteBehavior [ RunTime:0.000000s ]
INFO: [ app_init ] --END-- [ RunTime:0.000000s ]
INFO: [ app_begin ] --START--
INFO: Run Behavior\ReadHtmlCacheBehavior [ RunTime:0.001000s ]
INFO: [ app_begin ] --END-- [ RunTime:0.001000s ]

[ 2016-06-12T22:25:10+08:00 ] 127.0.0.1 /cooler/index.php/Admin/Index/
INFO: [ app_init ] --START--
INFO: Run Behavior\BuildLiteBehavior [ RunTime:0.000000s ]
INFO: [ app_init ] --END-- [ RunTime:0.001000s ]
INFO: [ app_begin ] --START--
INFO: Run Behavior\ReadHtmlCacheBehavior [ RunTime:0.001000s ]
INFO: [ app_begin ] --END-- [ RunTime:0.001000s ]

[ 2016-06-12T22:25:51+08:00 ] 127.0.0.1 /cooler/index.php/Admin/Index/
INFO: [ app_init ] --START--
INFO: Run Behavior\BuildLiteBehavior [ RunTime:0.000000s ]
INFO: [ app_init ] --END-- [ RunTime:0.001000s ]
INFO: [ app_begin ] --START--
INFO: Run Behavior\ReadHtmlCacheBehavior [ RunTime:0.001000s ]
INFO: [ app_begin ] --END-- [ RunTime:0.001000s ]

[ 2016-06-12T22:25:52+08:00 ] 127.0.0.1 /cooler/index.php/Admin/Index/
INFO: [ app_init ] --START--
INFO: Run Behavior\BuildLiteBehavior [ RunTime:0.000000s ]
INFO: [ app_init ] --END-- [ RunTime:0.000000s ]
INFO: [ app_begin ] --START--
INFO: Run Behavior\ReadHtmlCacheBehavior [ RunTime:0.001000s ]
INFO: [ app_begin ] --END-- [ RunTime:0.001000s ]

[ 2016-06-12T22:25:52+08:00 ] 127.0.0.1 /cooler/index.php/Admin/Index/
INFO: [ app_init ] --START--
INFO: Run Behavior\BuildLiteBehavior [ RunTime:0.000000s ]
INFO: [ app_init ] --END-- [ RunTime:0.001000s ]
INFO: [ app_begin ] --START--
INFO: Run Behavior\ReadHtmlCacheBehavior [ RunTime:0.001000s ]
INFO: [ app_begin ] --END-- [ RunTime:0.001000s ]

[ 2016-06-12T22:27:04+08:00 ] 127.0.0.1 /cooler/index.php/Admin/Index/
INFO: [ app_init ] --START--
INFO: Run Behavior\BuildLiteBehavior [ RunTime:0.000000s ]
INFO: [ app_init ] --END-- [ RunTime:0.002000s ]
INFO: [ app_begin ] --START--
INFO: Run Behavior\ReadHtmlCacheBehavior [ RunTime:0.001000s ]
INFO: [ app_begin ] --END-- [ RunTime:0.001000s ]
ERR: 无法加载数据库驱动: Think\Db\Driver\

[ 2016-06-12T22:31:17+08:00 ] 127.0.0.1 /cooler/index.php/Admin/Index/
INFO: [ app_init ] --START--
INFO: Run Behavior\BuildLiteBehavior [ RunTime:0.000000s ]
INFO: [ app_init ] --END-- [ RunTime:0.000000s ]
INFO: [ app_begin ] --START--
INFO: Run Behavior\ReadHtmlCacheBehavior [ RunTime:0.001000s ]
INFO: [ app_begin ] --END-- [ RunTime:0.001000s ]
ERR: 无法加载数据库驱动: Think\Db\Driver\

[ 2016-06-12T22:31:18+08:00 ] 127.0.0.1 /cooler/index.php/Admin/Index/
INFO: [ app_init ] --START--
INFO: Run Behavior\BuildLiteBehavior [ RunTime:0.000000s ]
INFO: [ app_init ] --END-- [ RunTime:0.000000s ]
INFO: [ app_begin ] --START--
INFO: Run Behavior\ReadHtmlCacheBehavior [ RunTime:0.001000s ]
INFO: [ app_begin ] --END-- [ RunTime:0.001000s ]
ERR: 无法加载数据库驱动: Think\Db\Driver\

[ 2016-06-12T22:31:19+08:00 ] 127.0.0.1 /cooler/index.php/Admin/Index/
INFO: [ app_init ] --START--
INFO: Run Behavior\BuildLiteBehavior [ RunTime:0.000000s ]
INFO: [ app_init ] --END-- [ RunTime:0.001000s ]
INFO: [ app_begin ] --START--
INFO: Run Behavior\ReadHtmlCacheBehavior [ RunTime:0.001000s ]
INFO: [ app_begin ] --END-- [ RunTime:0.002000s ]
ERR: 无法加载数据库驱动: Think\Db\Driver\

[ 2016-06-12T22:31:20+08:00 ] 127.0.0.1 /cooler/index.php/Admin/Index/
INFO: [ app_init ] --START--
INFO: Run Behavior\BuildLiteBehavior [ RunTime:0.000000s ]
INFO: [ app_init ] --END-- [ RunTime:0.000000s ]
INFO: [ app_begin ] --START--
INFO: Run Behavior\ReadHtmlCacheBehavior [ RunTime:0.001000s ]
INFO: [ app_begin ] --END-- [ RunTime:0.001000s ]
ERR: 无法加载数据库驱动: Think\Db\Driver\

[ 2016-06-12T22:31:20+08:00 ] 127.0.0.1 /cooler/index.php/Admin/Index/
INFO: [ app_init ] --START--
INFO: Run Behavior\BuildLiteBehavior [ RunTime:0.000000s ]
INFO: [ app_init ] --END-- [ RunTime:0.001000s ]
INFO: [ app_begin ] --START--
INFO: Run Behavior\ReadHtmlCacheBehavior [ RunTime:0.001000s ]
INFO: [ app_begin ] --END-- [ RunTime:0.001000s ]
ERR: 无法加载数据库驱动: Think\Db\Driver\

[ 2016-06-12T22:31:20+08:00 ] 127.0.0.1 /cooler/index.php/Admin/Index/
INFO: [ app_init ] --START--
INFO: Run Behavior\BuildLiteBehavior [ RunTime:0.000000s ]
INFO: [ app_init ] --END-- [ RunTime:0.000000s ]
INFO: [ app_begin ] --START--
INFO: Run Behavior\ReadHtmlCacheBehavior [ RunTime:0.001000s ]
INFO: [ app_begin ] --END-- [ RunTime:0.001000s ]
ERR: 无法加载数据库驱动: Think\Db\Driver\

[ 2016-06-12T22:31:21+08:00 ] 127.0.0.1 /cooler/index.php/Admin/Index/
INFO: [ app_init ] --START--
INFO: Run Behavior\BuildLiteBehavior [ RunTime:0.000000s ]
INFO: [ app_init ] --END-- [ RunTime:0.001000s ]
INFO: [ app_begin ] --START--
INFO: Run Behavior\ReadHtmlCacheBehavior [ RunTime:0.001000s ]
INFO: [ app_begin ] --END-- [ RunTime:0.001000s ]
ERR: 无法加载数据库驱动: Think\Db\Driver\

[ 2016-06-12T22:31:21+08:00 ] 127.0.0.1 /cooler/index.php/Admin/Index/
INFO: [ app_init ] --START--
INFO: Run Behavior\BuildLiteBehavior [ RunTime:0.000000s ]
INFO: [ app_init ] --END-- [ RunTime:0.001000s ]
INFO: [ app_begin ] --START--
INFO: Run Behavior\ReadHtmlCacheBehavior [ RunTime:0.001000s ]
INFO: [ app_begin ] --END-- [ RunTime:0.001000s ]
ERR: 无法加载数据库驱动: Think\Db\Driver\

[ 2016-06-12T22:31:21+08:00 ] 127.0.0.1 /cooler/index.php/Admin/Index/
INFO: [ app_init ] --START--
INFO: Run Behavior\BuildLiteBehavior [ RunTime:0.000000s ]
INFO: [ app_init ] --END-- [ RunTime:0.000000s ]
INFO: [ app_begin ] --START--
INFO: Run Behavior\ReadHtmlCacheBehavior [ RunTime:0.001000s ]
INFO: [ app_begin ] --END-- [ RunTime:0.001000s ]
ERR: 无法加载数据库驱动: Think\Db\Driver\

[ 2016-06-12T22:31:21+08:00 ] 127.0.0.1 /cooler/index.php/Admin/Index/
INFO: [ app_init ] --START--
INFO: Run Behavior\BuildLiteBehavior [ RunTime:0.000000s ]
INFO: [ app_init ] --END-- [ RunTime:0.001000s ]
INFO: [ app_begin ] --START--
INFO: Run Behavior\ReadHtmlCacheBehavior [ RunTime:0.000000s ]
INFO: [ app_begin ] --END-- [ RunTime:0.001000s ]
ERR: 无法加载数据库驱动: Think\Db\Driver\

[ 2016-06-12T22:31:21+08:00 ] 127.0.0.1 /cooler/index.php/Admin/Index/
INFO: [ app_init ] --START--
INFO: Run Behavior\BuildLiteBehavior [ RunTime:0.000000s ]
INFO: [ app_init ] --END-- [ RunTime:0.000000s ]
INFO: [ app_begin ] --START--
INFO: Run Behavior\ReadHtmlCacheBehavior [ RunTime:0.001000s ]
INFO: [ app_begin ] --END-- [ RunTime:0.001000s ]
ERR: 无法加载数据库驱动: Think\Db\Driver\

[ 2016-06-12T22:31:21+08:00 ] 127.0.0.1 /cooler/index.php/Admin/Index/
INFO: [ app_init ] --START--
INFO: Run Behavior\BuildLiteBehavior [ RunTime:0.000000s ]
INFO: [ app_init ] --END-- [ RunTime:0.000000s ]
INFO: [ app_begin ] --START--
INFO: Run Behavior\ReadHtmlCacheBehavior [ RunTime:0.000000s ]
INFO: [ app_begin ] --END-- [ RunTime:0.000000s ]
ERR: 无法加载数据库驱动: Think\Db\Driver\

[ 2016-06-12T22:31:21+08:00 ] 127.0.0.1 /cooler/index.php/Admin/Index/
INFO: [ app_init ] --START--
INFO: Run Behavior\BuildLiteBehavior [ RunTime:0.000000s ]
INFO: [ app_init ] --END-- [ RunTime:0.000000s ]
INFO: [ app_begin ] --START--
INFO: Run Behavior\ReadHtmlCacheBehavior [ RunTime:0.000000s ]
INFO: [ app_begin ] --END-- [ RunTime:0.000000s ]
ERR: 无法加载数据库驱动: Think\Db\Driver\

[ 2016-06-12T22:31:21+08:00 ] 127.0.0.1 /cooler/index.php/Admin/Index/
INFO: [ app_init ] --START--
INFO: Run Behavior\BuildLiteBehavior [ RunTime:0.000000s ]
INFO: [ app_init ] --END-- [ RunTime:0.000000s ]
INFO: [ app_begin ] --START--
INFO: Run Behavior\ReadHtmlCacheBehavior [ RunTime:0.001000s ]
INFO: [ app_begin ] --END-- [ RunTime:0.001000s ]
ERR: 无法加载数据库驱动: Think\Db\Driver\

[ 2016-06-12T22:31:21+08:00 ] 127.0.0.1 /cooler/index.php/Admin/Index/
INFO: [ app_init ] --START--
INFO: Run Behavior\BuildLiteBehavior [ RunTime:0.000000s ]
INFO: [ app_init ] --END-- [ RunTime:0.000000s ]
INFO: [ app_begin ] --START--
INFO: Run Behavior\ReadHtmlCacheBehavior [ RunTime:0.001000s ]
INFO: [ app_begin ] --END-- [ RunTime:0.001000s ]
ERR: 无法加载数据库驱动: Think\Db\Driver\

[ 2016-06-12T22:31:21+08:00 ] 127.0.0.1 /cooler/index.php/Admin/Index/
INFO: [ app_init ] --START--
INFO: Run Behavior\BuildLiteBehavior [ RunTime:0.000000s ]
INFO: [ app_init ] --END-- [ RunTime:0.001000s ]
INFO: [ app_begin ] --START--
INFO: Run Behavior\ReadHtmlCacheBehavior [ RunTime:0.000000s ]
INFO: [ app_begin ] --END-- [ RunTime:0.000000s ]
ERR: 无法加载数据库驱动: Think\Db\Driver\

[ 2016-06-12T22:31:21+08:00 ] 127.0.0.1 /cooler/index.php/Admin/Index/
INFO: [ app_init ] --START--
INFO: Run Behavior\BuildLiteBehavior [ RunTime:0.000000s ]
INFO: [ app_init ] --END-- [ RunTime:0.000000s ]
INFO: [ app_begin ] --START--
INFO: Run Behavior\ReadHtmlCacheBehavior [ RunTime:0.001000s ]
INFO: [ app_begin ] --END-- [ RunTime:0.001000s ]
ERR: 无法加载数据库驱动: Think\Db\Driver\

[ 2016-06-12T22:31:21+08:00 ] 127.0.0.1 /cooler/index.php/Admin/Index/
INFO: [ app_init ] --START--
INFO: Run Behavior\BuildLiteBehavior [ RunTime:0.000000s ]
INFO: [ app_init ] --END-- [ RunTime:0.000000s ]
INFO: [ app_begin ] --START--
INFO: Run Behavior\ReadHtmlCacheBehavior [ RunTime:0.001000s ]
INFO: [ app_begin ] --END-- [ RunTime:0.001000s ]
ERR: 无法加载数据库驱动: Think\Db\Driver\

[ 2016-06-12T22:31:21+08:00 ] 127.0.0.1 /cooler/index.php/Admin/Index/
INFO: [ app_init ] --START--
INFO: Run Behavior\BuildLiteBehavior [ RunTime:0.000000s ]
INFO: [ app_init ] --END-- [ RunTime:0.001000s ]
INFO: [ app_begin ] --START--
INFO: Run Behavior\ReadHtmlCacheBehavior [ RunTime:0.001000s ]
INFO: [ app_begin ] --END-- [ RunTime:0.001000s ]
ERR: 无法加载数据库驱动: Think\Db\Driver\

[ 2016-06-12T22:31:21+08:00 ] 127.0.0.1 /cooler/index.php/Admin/Index/
INFO: [ app_init ] --START--
INFO: Run Behavior\BuildLiteBehavior [ RunTime:0.000000s ]
INFO: [ app_init ] --END-- [ RunTime:0.001000s ]
INFO: [ app_begin ] --START--
INFO: Run Behavior\ReadHtmlCacheBehavior [ RunTime:0.001000s ]
INFO: [ app_begin ] --END-- [ RunTime:0.001000s ]
ERR: 无法加载数据库驱动: Think\Db\Driver\

[ 2016-06-12T22:31:21+08:00 ] 127.0.0.1 /cooler/index.php/Admin/Index/
INFO: [ app_init ] --START--
INFO: Run Behavior\BuildLiteBehavior [ RunTime:0.000000s ]
INFO: [ app_init ] --END-- [ RunTime:0.000000s ]
INFO: [ app_begin ] --START--
INFO: Run Behavior\ReadHtmlCacheBehavior [ RunTime:0.001000s ]
INFO: [ app_begin ] --END-- [ RunTime:0.001000s ]
ERR: 无法加载数据库驱动: Think\Db\Driver\

[ 2016-06-12T22:31:21+08:00 ] 127.0.0.1 /cooler/index.php/Admin/Index/
INFO: [ app_init ] --START--
INFO: Run Behavior\BuildLiteBehavior [ RunTime:0.000000s ]
INFO: [ app_init ] --END-- [ RunTime:0.000000s ]
INFO: [ app_begin ] --START--
INFO: Run Behavior\ReadHtmlCacheBehavior [ RunTime:0.000000s ]
INFO: [ app_begin ] --END-- [ RunTime:0.000000s ]
ERR: 无法加载数据库驱动: Think\Db\Driver\

[ 2016-06-12T22:31:21+08:00 ] 127.0.0.1 /cooler/index.php/Admin/Index/
INFO: [ app_init ] --START--
INFO: Run Behavior\BuildLiteBehavior [ RunTime:0.001000s ]
INFO: [ app_init ] --END-- [ RunTime:0.001000s ]
INFO: [ app_begin ] --START--
INFO: Run Behavior\ReadHtmlCacheBehavior [ RunTime:0.001000s ]
INFO: [ app_begin ] --END-- [ RunTime:0.001000s ]
ERR: 无法加载数据库驱动: Think\Db\Driver\

[ 2016-06-12T22:31:21+08:00 ] 127.0.0.1 /cooler/index.php/Admin/Index/
INFO: [ app_init ] --START--
INFO: Run Behavior\BuildLiteBehavior [ RunTime:0.000000s ]
INFO: [ app_init ] --END-- [ RunTime:0.000000s ]
INFO: [ app_begin ] --START--
INFO: Run Behavior\ReadHtmlCacheBehavior [ RunTime:0.000000s ]
INFO: [ app_begin ] --END-- [ RunTime:0.000000s ]
ERR: 无法加载数据库驱动: Think\Db\Driver\

[ 2016-06-12T22:31:21+08:00 ] 127.0.0.1 /cooler/index.php/Admin/Index/
INFO: [ app_init ] --START--
INFO: Run Behavior\BuildLiteBehavior [ RunTime:0.000000s ]
INFO: [ app_init ] --END-- [ RunTime:0.001000s ]
INFO: [ app_begin ] --START--
INFO: Run Behavior\ReadHtmlCacheBehavior [ RunTime:0.000000s ]
INFO: [ app_begin ] --END-- [ RunTime:0.000000s ]
ERR: 无法加载数据库驱动: Think\Db\Driver\

[ 2016-06-12T22:31:41+08:00 ] 127.0.0.1 /cooler/index.php/Admin/Index/
INFO: [ app_init ] --START--
INFO: Run Behavior\BuildLiteBehavior [ RunTime:0.000000s ]
INFO: [ app_init ] --END-- [ RunTime:0.001000s ]
INFO: [ app_begin ] --START--
INFO: Run Behavior\ReadHtmlCacheBehavior [ RunTime:0.001000s ]
INFO: [ app_begin ] --END-- [ RunTime:0.001000s ]

[ 2016-06-12T22:31:46+08:00 ] 127.0.0.1 /cooler/index.php/Admin/Index/
INFO: [ app_init ] --START--
INFO: Run Behavior\BuildLiteBehavior [ RunTime:0.000000s ]
INFO: [ app_init ] --END-- [ RunTime:0.000000s ]
INFO: [ app_begin ] --START--
INFO: Run Behavior\ReadHtmlCacheBehavior [ RunTime:0.002000s ]
INFO: [ app_begin ] --END-- [ RunTime:0.002000s ]
ERR: 无法加载数据库驱动: Think\Db\Driver\

[ 2016-06-12T22:38:43+08:00 ] 127.0.0.1 /cooler/index.php/Admin
INFO: [ app_init ] --START--
INFO: Run Behavior\BuildLiteBehavior [ RunTime:0.000000s ]
INFO: [ app_init ] --END-- [ RunTime:0.001000s ]
ERR: 1146:Table 'cooler.sw_manager' doesn't exist
 [ SQL语句 ] : select role_auth_ac from sw_manager a join sw_role b on a.mg_role_id=b.role_id where a.mg_id=2

[ 2016-06-12T22:39:49+08:00 ] 127.0.0.1 /cooler/index.php/Admin
ERR: 1146:Table 'cooler.sw_manager' doesn't exist
 [ SQL语句 ] : select role_auth_ac from sw_manager a join sw_role b on a.mg_role_id=b.role_id where a.mg_id=2

[ 2016-06-12T22:39:49+08:00 ] 127.0.0.1 /cooler/index.php/Admin
ERR: 1146:Table 'cooler.sw_manager' doesn't exist
 [ SQL语句 ] : select role_auth_ac from sw_manager a join sw_role b on a.mg_role_id=b.role_id where a.mg_id=2

[ 2016-06-12T22:39:50+08:00 ] 127.0.0.1 /cooler/index.php/Admin
ERR: 1146:Table 'cooler.sw_manager' doesn't exist
 [ SQL语句 ] : select role_auth_ac from sw_manager a join sw_role b on a.mg_role_id=b.role_id where a.mg_id=2

[ 2016-06-12T22:39:50+08:00 ] 127.0.0.1 /cooler/index.php/Admin
ERR: 1146:Table 'cooler.sw_manager' doesn't exist
 [ SQL语句 ] : select role_auth_ac from sw_manager a join sw_role b on a.mg_role_id=b.role_id where a.mg_id=2

[ 2016-06-12T22:39:50+08:00 ] 127.0.0.1 /cooler/index.php/Admin
ERR: 1146:Table 'cooler.sw_manager' doesn't exist
 [ SQL语句 ] : select role_auth_ac from sw_manager a join sw_role b on a.mg_role_id=b.role_id where a.mg_id=2

[ 2016-06-12T22:39:50+08:00 ] 127.0.0.1 /cooler/index.php/Admin
ERR: 1146:Table 'cooler.sw_manager' doesn't exist
 [ SQL语句 ] : select role_auth_ac from sw_manager a join sw_role b on a.mg_role_id=b.role_id where a.mg_id=2

[ 2016-06-12T22:39:50+08:00 ] 127.0.0.1 /cooler/index.php/Admin
ERR: 1146:Table 'cooler.sw_manager' doesn't exist
 [ SQL语句 ] : select role_auth_ac from sw_manager a join sw_role b on a.mg_role_id=b.role_id where a.mg_id=2

[ 2016-06-12T22:39:50+08:00 ] 127.0.0.1 /cooler/index.php/Admin
ERR: 1146:Table 'cooler.sw_manager' doesn't exist
 [ SQL语句 ] : select role_auth_ac from sw_manager a join sw_role b on a.mg_role_id=b.role_id where a.mg_id=2

[ 2016-06-12T22:39:50+08:00 ] 127.0.0.1 /cooler/index.php/Admin
ERR: 1146:Table 'cooler.sw_manager' doesn't exist
 [ SQL语句 ] : select role_auth_ac from sw_manager a join sw_role b on a.mg_role_id=b.role_id where a.mg_id=2

[ 2016-06-12T22:39:50+08:00 ] 127.0.0.1 /cooler/index.php/Admin
ERR: 1146:Table 'cooler.sw_manager' doesn't exist
 [ SQL语句 ] : select role_auth_ac from sw_manager a join sw_role b on a.mg_role_id=b.role_id where a.mg_id=2

[ 2016-06-12T22:39:50+08:00 ] 127.0.0.1 /cooler/index.php/Admin
ERR: 1146:Table 'cooler.sw_manager' doesn't exist
 [ SQL语句 ] : select role_auth_ac from sw_manager a join sw_role b on a.mg_role_id=b.role_id where a.mg_id=2

[ 2016-06-12T22:39:50+08:00 ] 127.0.0.1 /cooler/index.php/Admin
ERR: 1146:Table 'cooler.sw_manager' doesn't exist
 [ SQL语句 ] : select role_auth_ac from sw_manager a join sw_role b on a.mg_role_id=b.role_id where a.mg_id=2

[ 2016-06-12T22:39:50+08:00 ] 127.0.0.1 /cooler/index.php/Admin
ERR: 1146:Table 'cooler.sw_manager' doesn't exist
 [ SQL语句 ] : select role_auth_ac from sw_manager a join sw_role b on a.mg_role_id=b.role_id where a.mg_id=2

[ 2016-06-12T22:39:50+08:00 ] 127.0.0.1 /cooler/index.php/Admin
ERR: 1146:Table 'cooler.sw_manager' doesn't exist
 [ SQL语句 ] : select role_auth_ac from sw_manager a join sw_role b on a.mg_role_id=b.role_id where a.mg_id=2

[ 2016-06-12T22:39:50+08:00 ] 127.0.0.1 /cooler/index.php/Admin
ERR: 1146:Table 'cooler.sw_manager' doesn't exist
 [ SQL语句 ] : select role_auth_ac from sw_manager a join sw_role b on a.mg_role_id=b.role_id where a.mg_id=2

[ 2016-06-12T22:40:08+08:00 ] 127.0.0.1 /cooler/index.php/Admin
ERR: 1146:Table 'cooler.sw_manager' doesn't exist
 [ SQL语句 ] : select role_auth_ac from sw_manager a join sw_role b on a.mg_role_id=b.role_id where a.mg_id=2

[ 2016-06-12T22:40:08+08:00 ] 127.0.0.1 /cooler/index.php/Admin
ERR: 1146:Table 'cooler.sw_manager' doesn't exist
 [ SQL语句 ] : select role_auth_ac from sw_manager a join sw_role b on a.mg_role_id=b.role_id where a.mg_id=2

[ 2016-06-12T22:40:09+08:00 ] 127.0.0.1 /cooler/index.php/Admin
ERR: 1146:Table 'cooler.sw_manager' doesn't exist
 [ SQL语句 ] : select role_auth_ac from sw_manager a join sw_role b on a.mg_role_id=b.role_id where a.mg_id=2

[ 2016-06-12T22:41:12+08:00 ] 127.0.0.1 /cooler/index.php/Admin
ERR: 1146:Table 'cooler.sw_manager' doesn't exist
 [ SQL语句 ] : select role_auth_ac from sw_manager a join sw_role b on a.mg_role_id=b.role_id where a.mg_id=2

[ 2016-06-12T22:43:13+08:00 ] 127.0.0.1 /cooler/index.php/Admin
ERR: 1146:Table 'cooler.sw_manager' doesn't exist
 [ SQL语句 ] : select role_auth_ac from sw_manager a join sw_role b on a.mg_role_id=b.role_id where a.mg_id=2

[ 2016-06-12T22:43:14+08:00 ] 127.0.0.1 /cooler/index.php/Admin
ERR: 1146:Table 'cooler.sw_manager' doesn't exist
 [ SQL语句 ] : select role_auth_ac from sw_manager a join sw_role b on a.mg_role_id=b.role_id where a.mg_id=2

[ 2016-06-12T22:43:15+08:00 ] 127.0.0.1 /cooler/index.php/Admin
ERR: 1146:Table 'cooler.sw_manager' doesn't exist
 [ SQL语句 ] : select role_auth_ac from sw_manager a join sw_role b on a.mg_role_id=b.role_id where a.mg_id=2

[ 2016-06-12T22:43:15+08:00 ] 127.0.0.1 /cooler/index.php/Admin
ERR: 1146:Table 'cooler.sw_manager' doesn't exist
 [ SQL语句 ] : select role_auth_ac from sw_manager a join sw_role b on a.mg_role_id=b.role_id where a.mg_id=2

[ 2016-06-12T22:43:15+08:00 ] 127.0.0.1 /cooler/index.php/Admin
ERR: 1146:Table 'cooler.sw_manager' doesn't exist
 [ SQL语句 ] : select role_auth_ac from sw_manager a join sw_role b on a.mg_role_id=b.role_id where a.mg_id=2

[ 2016-06-12T22:43:15+08:00 ] 127.0.0.1 /cooler/index.php/Admin
ERR: 1146:Table 'cooler.sw_manager' doesn't exist
 [ SQL语句 ] : select role_auth_ac from sw_manager a join sw_role b on a.mg_role_id=b.role_id where a.mg_id=2

[ 2016-06-12T22:43:15+08:00 ] 127.0.0.1 /cooler/index.php/Admin
ERR: 1146:Table 'cooler.sw_manager' doesn't exist
 [ SQL语句 ] : select role_auth_ac from sw_manager a join sw_role b on a.mg_role_id=b.role_id where a.mg_id=2

[ 2016-06-12T22:43:15+08:00 ] 127.0.0.1 /cooler/index.php/Admin
ERR: 1146:Table 'cooler.sw_manager' doesn't exist
 [ SQL语句 ] : select role_auth_ac from sw_manager a join sw_role b on a.mg_role_id=b.role_id where a.mg_id=2

[ 2016-06-12T22:43:15+08:00 ] 127.0.0.1 /cooler/index.php/Admin
ERR: 1146:Table 'cooler.sw_manager' doesn't exist
 [ SQL语句 ] : select role_auth_ac from sw_manager a join sw_role b on a.mg_role_id=b.role_id where a.mg_id=2

[ 2016-06-12T22:43:15+08:00 ] 127.0.0.1 /cooler/index.php/Admin
ERR: 1146:Table 'cooler.sw_manager' doesn't exist
 [ SQL语句 ] : select role_auth_ac from sw_manager a join sw_role b on a.mg_role_id=b.role_id where a.mg_id=2

[ 2016-06-12T22:43:15+08:00 ] 127.0.0.1 /cooler/index.php/Admin
ERR: 1146:Table 'cooler.sw_manager' doesn't exist
 [ SQL语句 ] : select role_auth_ac from sw_manager a join sw_role b on a.mg_role_id=b.role_id where a.mg_id=2

[ 2016-06-12T22:43:15+08:00 ] 127.0.0.1 /cooler/index.php/Admin
ERR: 1146:Table 'cooler.sw_manager' doesn't exist
 [ SQL语句 ] : select role_auth_ac from sw_manager a join sw_role b on a.mg_role_id=b.role_id where a.mg_id=2

[ 2016-06-12T22:43:15+08:00 ] 127.0.0.1 /cooler/index.php/Admin
ERR: 1146:Table 'cooler.sw_manager' doesn't exist
 [ SQL语句 ] : select role_auth_ac from sw_manager a join sw_role b on a.mg_role_id=b.role_id where a.mg_id=2

[ 2016-06-12T22:43:15+08:00 ] 127.0.0.1 /cooler/index.php/Admin
ERR: 1146:Table 'cooler.sw_manager' doesn't exist
 [ SQL语句 ] : select role_auth_ac from sw_manager a join sw_role b on a.mg_role_id=b.role_id where a.mg_id=2

[ 2016-06-12T22:43:15+08:00 ] 127.0.0.1 /cooler/index.php/Admin
ERR: 1146:Table 'cooler.sw_manager' doesn't exist
 [ SQL语句 ] : select role_auth_ac from sw_manager a join sw_role b on a.mg_role_id=b.role_id where a.mg_id=2

[ 2016-06-12T22:43:15+08:00 ] 127.0.0.1 /cooler/index.php/Admin
ERR: 1146:Table 'cooler.sw_manager' doesn't exist
 [ SQL语句 ] : select role_auth_ac from sw_manager a join sw_role b on a.mg_role_id=b.role_id where a.mg_id=2

[ 2016-06-12T22:43:15+08:00 ] 127.0.0.1 /cooler/index.php/Admin
ERR: 1146:Table 'cooler.sw_manager' doesn't exist
 [ SQL语句 ] : select role_auth_ac from sw_manager a join sw_role b on a.mg_role_id=b.role_id where a.mg_id=2

[ 2016-06-12T22:43:15+08:00 ] 127.0.0.1 /cooler/index.php/Admin
ERR: 1146:Table 'cooler.sw_manager' doesn't exist
 [ SQL语句 ] : select role_auth_ac from sw_manager a join sw_role b on a.mg_role_id=b.role_id where a.mg_id=2

[ 2016-06-12T22:43:15+08:00 ] 127.0.0.1 /cooler/index.php/Admin
ERR: 1146:Table 'cooler.sw_manager' doesn't exist
 [ SQL语句 ] : select role_auth_ac from sw_manager a join sw_role b on a.mg_role_id=b.role_id where a.mg_id=2

[ 2016-06-12T22:43:15+08:00 ] 127.0.0.1 /cooler/index.php/Admin
ERR: 1146:Table 'cooler.sw_manager' doesn't exist
 [ SQL语句 ] : select role_auth_ac from sw_manager a join sw_role b on a.mg_role_id=b.role_id where a.mg_id=2

[ 2016-06-12T22:43:15+08:00 ] 127.0.0.1 /cooler/index.php/Admin
ERR: 1146:Table 'cooler.sw_manager' doesn't exist
 [ SQL语句 ] : select role_auth_ac from sw_manager a join sw_role b on a.mg_role_id=b.role_id where a.mg_id=2

[ 2016-06-12T22:43:15+08:00 ] 127.0.0.1 /cooler/index.php/Admin
ERR: 1146:Table 'cooler.sw_manager' doesn't exist
 [ SQL语句 ] : select role_auth_ac from sw_manager a join sw_role b on a.mg_role_id=b.role_id where a.mg_id=2

[ 2016-06-12T22:43:15+08:00 ] 127.0.0.1 /cooler/index.php/Admin
ERR: 1146:Table 'cooler.sw_manager' doesn't exist
 [ SQL语句 ] : select role_auth_ac from sw_manager a join sw_role b on a.mg_role_id=b.role_id where a.mg_id=2

[ 2016-06-12T22:43:15+08:00 ] 127.0.0.1 /cooler/index.php/Admin
ERR: 1146:Table 'cooler.sw_manager' doesn't exist
 [ SQL语句 ] : select role_auth_ac from sw_manager a join sw_role b on a.mg_role_id=b.role_id where a.mg_id=2

[ 2016-06-12T22:43:15+08:00 ] 127.0.0.1 /cooler/index.php/Admin
ERR: 1146:Table 'cooler.sw_manager' doesn't exist
 [ SQL语句 ] : select role_auth_ac from sw_manager a join sw_role b on a.mg_role_id=b.role_id where a.mg_id=2

[ 2016-06-12T22:43:15+08:00 ] 127.0.0.1 /cooler/index.php/Admin
ERR: 1146:Table 'cooler.sw_manager' doesn't exist
 [ SQL语句 ] : select role_auth_ac from sw_manager a join sw_role b on a.mg_role_id=b.role_id where a.mg_id=2

[ 2016-06-12T22:43:15+08:00 ] 127.0.0.1 /cooler/index.php/Admin
ERR: 1146:Table 'cooler.sw_manager' doesn't exist
 [ SQL语句 ] : select role_auth_ac from sw_manager a join sw_role b on a.mg_role_id=b.role_id where a.mg_id=2

[ 2016-06-12T22:43:16+08:00 ] 127.0.0.1 /cooler/index.php/Admin
ERR: 1146:Table 'cooler.sw_manager' doesn't exist
 [ SQL语句 ] : select role_auth_ac from sw_manager a join sw_role b on a.mg_role_id=b.role_id where a.mg_id=2

[ 2016-06-12T22:43:16+08:00 ] 127.0.0.1 /cooler/index.php/Admin
ERR: 1146:Table 'cooler.sw_manager' doesn't exist
 [ SQL语句 ] : select role_auth_ac from sw_manager a join sw_role b on a.mg_role_id=b.role_id where a.mg_id=2

[ 2016-06-12T22:43:16+08:00 ] 127.0.0.1 /cooler/index.php/Admin
ERR: 1146:Table 'cooler.sw_manager' doesn't exist
 [ SQL语句 ] : select role_auth_ac from sw_manager a join sw_role b on a.mg_role_id=b.role_id where a.mg_id=2

[ 2016-06-12T22:43:16+08:00 ] 127.0.0.1 /cooler/index.php/Admin
ERR: 1146:Table 'cooler.sw_manager' doesn't exist
 [ SQL语句 ] : select role_auth_ac from sw_manager a join sw_role b on a.mg_role_id=b.role_id where a.mg_id=2

[ 2016-06-12T22:43:39+08:00 ] 127.0.0.1 /cooler/index.php/Admin
ERR: 1146:Table 'cooler.sw_manager' doesn't exist
 [ SQL语句 ] : select role_auth_ac from sw_manager a join sw_role b on a.mg_role_id=b.role_id where a.mg_id=2

[ 2016-06-12T22:43:40+08:00 ] 127.0.0.1 /cooler/index.php/Admin
ERR: 1146:Table 'cooler.sw_manager' doesn't exist
 [ SQL语句 ] : select role_auth_ac from sw_manager a join sw_role b on a.mg_role_id=b.role_id where a.mg_id=2

[ 2016-06-12T22:43:41+08:00 ] 127.0.0.1 /cooler/index.php/Admin
ERR: 1146:Table 'cooler.sw_manager' doesn't exist
 [ SQL语句 ] : select role_auth_ac from sw_manager a join sw_role b on a.mg_role_id=b.role_id where a.mg_id=2

[ 2016-06-12T22:43:41+08:00 ] 127.0.0.1 /cooler/index.php/Admin
ERR: 1146:Table 'cooler.sw_manager' doesn't exist
 [ SQL语句 ] : select role_auth_ac from sw_manager a join sw_role b on a.mg_role_id=b.role_id where a.mg_id=2

[ 2016-06-12T22:43:41+08:00 ] 127.0.0.1 /cooler/index.php/Admin
ERR: 1146:Table 'cooler.sw_manager' doesn't exist
 [ SQL语句 ] : select role_auth_ac from sw_manager a join sw_role b on a.mg_role_id=b.role_id where a.mg_id=2

[ 2016-06-12T22:43:41+08:00 ] 127.0.0.1 /cooler/index.php/Admin
ERR: 1146:Table 'cooler.sw_manager' doesn't exist
 [ SQL语句 ] : select role_auth_ac from sw_manager a join sw_role b on a.mg_role_id=b.role_id where a.mg_id=2

[ 2016-06-12T22:43:41+08:00 ] 127.0.0.1 /cooler/index.php/Admin
ERR: 1146:Table 'cooler.sw_manager' doesn't exist
 [ SQL语句 ] : select role_auth_ac from sw_manager a join sw_role b on a.mg_role_id=b.role_id where a.mg_id=2

[ 2016-06-12T22:43:41+08:00 ] 127.0.0.1 /cooler/index.php/Admin
ERR: 1146:Table 'cooler.sw_manager' doesn't exist
 [ SQL语句 ] : select role_auth_ac from sw_manager a join sw_role b on a.mg_role_id=b.role_id where a.mg_id=2

[ 2016-06-12T22:43:41+08:00 ] 127.0.0.1 /cooler/index.php/Admin
ERR: 1146:Table 'cooler.sw_manager' doesn't exist
 [ SQL语句 ] : select role_auth_ac from sw_manager a join sw_role b on a.mg_role_id=b.role_id where a.mg_id=2

[ 2016-06-12T22:43:41+08:00 ] 127.0.0.1 /cooler/index.php/Admin
ERR: 1146:Table 'cooler.sw_manager' doesn't exist
 [ SQL语句 ] : select role_auth_ac from sw_manager a join sw_role b on a.mg_role_id=b.role_id where a.mg_id=2

[ 2016-06-12T22:43:41+08:00 ] 127.0.0.1 /cooler/index.php/Admin
ERR: 1146:Table 'cooler.sw_manager' doesn't exist
 [ SQL语句 ] : select role_auth_ac from sw_manager a join sw_role b on a.mg_role_id=b.role_id where a.mg_id=2

[ 2016-06-12T22:43:41+08:00 ] 127.0.0.1 /cooler/index.php/Admin
ERR: 1146:Table 'cooler.sw_manager' doesn't exist
 [ SQL语句 ] : select role_auth_ac from sw_manager a join sw_role b on a.mg_role_id=b.role_id where a.mg_id=2

[ 2016-06-12T22:43:41+08:00 ] 127.0.0.1 /cooler/index.php/Admin
ERR: 1146:Table 'cooler.sw_manager' doesn't exist
 [ SQL语句 ] : select role_auth_ac from sw_manager a join sw_role b on a.mg_role_id=b.role_id where a.mg_id=2

[ 2016-06-12T22:43:41+08:00 ] 127.0.0.1 /cooler/index.php/Admin
ERR: 1146:Table 'cooler.sw_manager' doesn't exist
 [ SQL语句 ] : select role_auth_ac from sw_manager a join sw_role b on a.mg_role_id=b.role_id where a.mg_id=2

[ 2016-06-12T22:43:41+08:00 ] 127.0.0.1 /cooler/index.php/Admin
ERR: 1146:Table 'cooler.sw_manager' doesn't exist
 [ SQL语句 ] : select role_auth_ac from sw_manager a join sw_role b on a.mg_role_id=b.role_id where a.mg_id=2

[ 2016-06-12T22:43:41+08:00 ] 127.0.0.1 /cooler/index.php/Admin
ERR: 1146:Table 'cooler.sw_manager' doesn't exist
 [ SQL语句 ] : select role_auth_ac from sw_manager a join sw_role b on a.mg_role_id=b.role_id where a.mg_id=2

[ 2016-06-12T22:43:41+08:00 ] 127.0.0.1 /cooler/index.php/Admin
ERR: 1146:Table 'cooler.sw_manager' doesn't exist
 [ SQL语句 ] : select role_auth_ac from sw_manager a join sw_role b on a.mg_role_id=b.role_id where a.mg_id=2

[ 2016-06-12T22:43:41+08:00 ] 127.0.0.1 /cooler/index.php/Admin
ERR: 1146:Table 'cooler.sw_manager' doesn't exist
 [ SQL语句 ] : select role_auth_ac from sw_manager a join sw_role b on a.mg_role_id=b.role_id where a.mg_id=2

[ 2016-06-12T22:43:41+08:00 ] 127.0.0.1 /cooler/index.php/Admin
ERR: 1146:Table 'cooler.sw_manager' doesn't exist
 [ SQL语句 ] : select role_auth_ac from sw_manager a join sw_role b on a.mg_role_id=b.role_id where a.mg_id=2

[ 2016-06-12T22:43:41+08:00 ] 127.0.0.1 /cooler/index.php/Admin
ERR: 1146:Table 'cooler.sw_manager' doesn't exist
 [ SQL语句 ] : select role_auth_ac from sw_manager a join sw_role b on a.mg_role_id=b.role_id where a.mg_id=2

[ 2016-06-12T22:43:41+08:00 ] 127.0.0.1 /cooler/index.php/Admin
ERR: 1146:Table 'cooler.sw_manager' doesn't exist
 [ SQL语句 ] : select role_auth_ac from sw_manager a join sw_role b on a.mg_role_id=b.role_id where a.mg_id=2

[ 2016-06-12T22:43:41+08:00 ] 127.0.0.1 /cooler/index.php/Admin
ERR: 1146:Table 'cooler.sw_manager' doesn't exist
 [ SQL语句 ] : select role_auth_ac from sw_manager a join sw_role b on a.mg_role_id=b.role_id where a.mg_id=2

[ 2016-06-12T22:43:41+08:00 ] 127.0.0.1 /cooler/index.php/Admin
ERR: 1146:Table 'cooler.sw_manager' doesn't exist
 [ SQL语句 ] : select role_auth_ac from sw_manager a join sw_role b on a.mg_role_id=b.role_id where a.mg_id=2

[ 2016-06-12T22:43:41+08:00 ] 127.0.0.1 /cooler/index.php/Admin
ERR: 1146:Table 'cooler.sw_manager' doesn't exist
 [ SQL语句 ] : select role_auth_ac from sw_manager a join sw_role b on a.mg_role_id=b.role_id where a.mg_id=2

[ 2016-06-12T22:43:41+08:00 ] 127.0.0.1 /cooler/index.php/Admin
ERR: 1146:Table 'cooler.sw_manager' doesn't exist
 [ SQL语句 ] : select role_auth_ac from sw_manager a join sw_role b on a.mg_role_id=b.role_id where a.mg_id=2

[ 2016-06-12T22:43:42+08:00 ] 127.0.0.1 /cooler/index.php/Admin
ERR: 1146:Table 'cooler.sw_manager' doesn't exist
 [ SQL语句 ] : select role_auth_ac from sw_manager a join sw_role b on a.mg_role_id=b.role_id where a.mg_id=2

[ 2016-06-12T22:44:35+08:00 ] 127.0.0.1 /cooler/index.php/Admin/Index/left
ERR: 1146:Table 'cooler.sw_manager' doesn't exist
 [ SQL语句 ] : select * from sw_manager where mg_id=2

[ 2016-06-12T22:44:35+08:00 ] 127.0.0.1 /cooler/index.php/Admin/Index/ADMIN_CSS_URLadmin.css
ERR: 模板不存在:./Application/Admin/View/./Admin/View/dispatch_jump.tpl.html

[ 2016-06-12T22:47:06+08:00 ] 127.0.0.1 /cooler/index.php/Admin/Index/left
ERR: 1146:Table 'cooler.sw_manager' doesn't exist
 [ SQL语句 ] : select * from sw_manager where mg_id=2

[ 2016-06-12T22:47:06+08:00 ] 127.0.0.1 /cooler/index.php/Admin/Index/ADMIN_CSS_URLadmin.css
ERR: 模板不存在:./Application/Admin/View/./Admin/View/dispatch_jump.tpl.html

[ 2016-06-12T22:47:14+08:00 ] 127.0.0.1 /cooler/index.php/Admin/Index/left
ERR: 1146:Table 'cooler.sw_manager' doesn't exist
 [ SQL语句 ] : select * from sw_manager where mg_id=2

[ 2016-06-12T22:47:14+08:00 ] 127.0.0.1 /cooler/index.php/Admin/Index/ADMIN_CSS_URLadmin.css
ERR: 模板不存在:./Application/Admin/View/./Admin/View/dispatch_jump.tpl.html

[ 2016-06-12T22:47:15+08:00 ] 127.0.0.1 /cooler/index.php/Admin/Index/left
ERR: 1146:Table 'cooler.sw_manager' doesn't exist
 [ SQL语句 ] : select * from sw_manager where mg_id=2

[ 2016-06-12T22:47:15+08:00 ] 127.0.0.1 /cooler/index.php/Admin/Index/ADMIN_CSS_URLadmin.css
ERR: 模板不存在:./Application/Admin/View/./Admin/View/dispatch_jump.tpl.html

[ 2016-06-12T22:48:44+08:00 ] 127.0.0.1 /cooler/index.php/Admin/Index/left
ERR: 1146:Table 'cooler.c_auth' doesn't exist
 [ SQL语句 ] : select * from c_auth where auth_level=0  and auth_id in (1,2,25,26,3,4,23,5,6,7,8,9)

[ 2016-06-12T22:48:44+08:00 ] 127.0.0.1 /cooler/index.php/Admin/Index/ADMIN_CSS_URLadmin.css
ERR: 模板不存在:./Application/Admin/View/./Admin/View/dispatch_jump.tpl.html

[ 2016-06-12T22:48:46+08:00 ] 127.0.0.1 /cooler/index.php/Admin/Index/left
ERR: 1146:Table 'cooler.c_auth' doesn't exist
 [ SQL语句 ] : select * from c_auth where auth_level=0  and auth_id in (1,2,25,26,3,4,23,5,6,7,8,9)

[ 2016-06-12T22:48:46+08:00 ] 127.0.0.1 /cooler/index.php/Admin/Index/ADMIN_CSS_URLadmin.css
ERR: 模板不存在:./Application/Admin/View/./Admin/View/dispatch_jump.tpl.html

[ 2016-06-12T22:48:46+08:00 ] 127.0.0.1 /cooler/index.php/Admin/Index/left
ERR: 1146:Table 'cooler.c_auth' doesn't exist
 [ SQL语句 ] : select * from c_auth where auth_level=0  and auth_id in (1,2,25,26,3,4,23,5,6,7,8,9)

[ 2016-06-12T22:48:46+08:00 ] 127.0.0.1 /cooler/index.php/Admin/Index/ADMIN_CSS_URLadmin.css
ERR: 模板不存在:./Application/Admin/View/./Admin/View/dispatch_jump.tpl.html

[ 2016-06-12T22:49:53+08:00 ] 127.0.0.1 /cooler/index.php/Admin/Index/ADMIN_CSS_URLadmin.css
ERR: 模板不存在:./Application/Admin/View/./Admin/View/dispatch_jump.tpl.html

[ 2016-06-12T22:50:09+08:00 ] 127.0.0.1 /cooler/index.php/Admin/Goods/showlist
ERR: 1146:Table 'cooler.c_goods' doesn't exist
 [ SQL语句 ] : SHOW COLUMNS FROM `c_goods`

[ 2016-06-12T22:59:09+08:00 ] 127.0.0.1 /cooler/index.php/Admin/Index/ADMIN_CSS_URLadmin.css
ERR: 模板不存在:./Application/Admin/View/./Admin/View/dispatch_jump.tpl.html

[ 2016-06-12T22:59:10+08:00 ] 127.0.0.1 /cooler/index.php/Admin/Index/ADMIN_CSS_URLadmin.css
ERR: 模板不存在:./Application/Admin/View/./Admin/View/dispatch_jump.tpl.html

[ 2016-06-12T22:59:12+08:00 ] 127.0.0.1 /cooler/index.php/Admin/Goods/showlist
ERR: 1146:Table 'cooler.c_goods' doesn't exist
 [ SQL语句 ] : SHOW COLUMNS FROM `c_goods`

[ 2016-06-12T22:59:13+08:00 ] 127.0.0.1 /cooler/index.php/Admin/Index/ADMIN_CSS_URLadmin.css
ERR: 模板不存在:./Application/Admin/View/./Admin/View/dispatch_jump.tpl.html

[ 2016-06-12T22:59:14+08:00 ] 127.0.0.1 /cooler/index.php/Admin/Index/ADMIN_CSS_URLadmin.css
ERR: 模板不存在:./Application/Admin/View/./Admin/View/dispatch_jump.tpl.html

[ 2016-06-12T22:59:18+08:00 ] 127.0.0.1 /cooler/index.php/Admin/Goods/showlist
ERR: 1146:Table 'cooler.c_goods' doesn't exist
 [ SQL语句 ] : SHOW COLUMNS FROM `c_goods`

[ 2016-06-12T22:59:27+08:00 ] 127.0.0.1 /cooler/index.php/Admin/User/pinglun
ERR: 无法加载控制器:User

[ 2016-06-12T22:59:31+08:00 ] 127.0.0.1 /cooler/index.php/Admin/Article/showlist
ERR: 无法加载控制器:Article

